0.02 -0.535347
0.04 -0.162302
0.06 -0.134418
0.08 -0.83053
0.1 -0.337629
0.12 0.396965
0.14 0.19954
0.16 -0.0865216
0.18 -0.619291
0.2 -0.953391
0.22 -0.935579
0.24 -1.08697
0.26 -1.62672
0.28 -2.55592
0.3 -2.6632
0.32 -2.01974
0.34 -1.21661
0.36 -1.08511
0.38 -1.59074
0.4 -1.48279
0.42 -1.17342
0.44 -0.8813
0.46 -0.385194
0.48 0.247867
0.5 0.890104
0.52 1.39811
0.54 0.640857
0.56 -0.940127
0.58 -0.786977
0.6 0.366981
0.62 0.657239
0.64 -0.130189
0.66 -0.33786
0.68 0.57629
0.7 0.953846
0.72 1.46562
0.74 1.90746
0.76 1.60627
0.78 1.09158
0.8 1.83439
0.82 2.41315
0.84 0.717142
0.86 -0.483864
0.88 -0.437848
0.9 -1.12146
0.92 -1.94223
0.94 -0.0217335
0.96 1.36651
0.98 0.338509
1 0.251211
1.02 0.217401
1.04 0.145554
1.06 0.35778
1.08 0.840223
1.1 0.455585
1.12 -0.660458
1.14 -0.647432
1.16 -0.228352
1.18 -0.77529
1.2 -2.32466
1.22 -3.73725
1.24 -2.95323
1.26 -0.689501
1.28 0.502013
1.3 0.686256
1.32 0.354213
1.34 0.160575
1.36 1.30291
1.38 2.31906
1.4 2.49762
1.42 2.16731
1.44 1.35938
1.46 1.05628
1.48 0.983113
1.5 0.976487
1.52 0.255375
1.54 -0.243055
1.56 -0.265337
1.58 -0.13342
1.6 -0.758045
1.62 -0.808873
1.64 0.522837
1.66 1.77656
1.68 2.11854
1.7 1.41798
1.72 1.02438
1.74 1.03264
1.76 1.02397
1.78 1.52239
1.8 1.60281
1.82 0.521921
1.84 -0.689659
1.86 -0.520152
1.88 1.35965
1.9 2.12921
1.92 1.6925
1.94 1.50361
1.96 1.38641
1.98 0.279032
2 -1.10293
2.02 0.181572
2.04 0.431737
2.06 -1.80346
2.08 -2.99372
2.1 -2.37071
2.12 0.0818403
2.14 1.94542
2.16 1.91129
2.18 2.77034
2.2 3.90862
2.22 2.96615
2.24 2.02529
2.26 0.0963235
2.28 -2.46688
2.3 -2.15944
2.32 -1.64948
2.34 -2.77892
2.36 -3.94767
2.38 -3.51201
2.4 -1.63692
2.42 -1.58978
2.44 -3.14834
2.46 -3.33744
2.48 -2.03554
2.5 -0.905271
2.52 0.30186
2.54 1.92584
2.56 2.60073
2.58 2.38227
2.6 3.11305
2.62 2.33688
2.64 -0.753364
2.66 -1.89727
2.68 -2.5347
2.7 -3.27901
2.72 -3.09177
2.74 -4.58037
2.76 -4.73959
2.78 -0.507867
2.8 4.4019
2.82 6.76847
2.84 7.76601
2.86 6.99588
2.88 4.9215
2.9 4.23838
2.92 4.64275
2.94 4.5131
2.96 2.53249
2.98 1.99259
3 3.1222
3.02 1.35603
3.04 -3.5257
3.06 -6.93998
3.08 -5.55998
3.1 -0.663688
3.12 2.81509
3.14 4.42034
3.16 4.80609
3.18 2.74757
3.2 1.53565
3.22 1.7464
3.24 2.45939
3.26 2.94212
3.28 2.7887
3.3 1.01631
3.32 -2.19777
3.34 -4.89686
3.36 -7.08562
3.38 -7.54011
3.4 -6.9501
3.42 -3.89087
3.44 0.709801
3.46 1.99025
3.48 2.38412
3.5 1.39077
3.52 -0.835116
3.54 -0.883904
3.56 -0.868562
3.58 -2.29007
3.6 -3.88402
3.62 -5.14329
3.64 -4.66132
3.66 -2.98277
3.68 -1.76635
3.7 0.559635
3.72 1.47825
3.74 2.44505
3.76 3.69817
3.78 4.65658
3.8 2.91497
3.82 -0.928007
3.84 -1.59564
3.86 0.255424
3.88 1.5401
3.9 0.396925
3.92 -0.677283
3.94 0.387098
3.96 2.22815
3.98 4.25304
4 7.42137
4.02 9.80415
4.04 12.0037
4.06 13.7
4.08 16.93
4.1 20.7418
4.12 22.4003
4.14 15.9412
4.16 4.29802
4.18 -6.11683
4.2 -14.9721
4.22 -15.4619
4.24 -11.7597
4.26 -12.5181
4.28 -18.2278
4.3 -25.3072
4.32 -33.6198
4.34 -36.4926
4.36 -35.1016
4.38 -11.8838
4.4 2.106
4.42 -0.186377
4.44 3.88
4.46 16.1284
4.48 27.8541
4.5 34.4951
4.52 37.5576
4.54 36.3407
4.56 30.1072
4.58 8.37945
4.6 -2.92451
4.62 -14.9408
4.64 -22.0124
4.66 -13.4093
4.68 -3.30059
4.7 -1.92461
4.72 -4.39318
4.74 2.15057
4.76 9.91492
4.78 13.4501
4.8 2.89795
4.82 -14.7
4.84 -24.4247
4.86 -31.8784
4.88 -30.0291
4.9 -18.0537
4.92 -5.17343
4.94 3.40623
4.96 10.2601
4.98 14.6715
5 21.3112
5.02 31.5259
5.04 38.5369
5.06 38.0922
5.08 37.5556
5.1 35.8177
5.12 32.9651
5.14 22.9139
5.16 10.3335
5.18 0.021006
5.2 -2.33344
5.22 0.872262
5.24 6.29825
5.26 20.6134
5.28 22.5513
5.3 19.2509
5.32 18.1784
5.34 11.903
5.36 -0.987402
5.38 -19.5091
5.4 -30.0418
5.42 -21.3545
5.44 -11.7409
5.46 -19.5543
5.48 -34.4997
5.5 -44.4994
5.52 -51.3041
5.54 -54.6622
5.56 -57.4142
5.58 -60.8873
5.6 -54.8929
5.62 -39.0993
5.64 -19.158
5.66 2.23238
5.68 6.26429
5.7 1.82624
5.72 1.69325
5.74 1.62215
5.76 11.8009
5.78 18.0253
5.8 11.1677
5.82 -9.66663
5.84 -27.1713
5.86 -27.6606
5.88 -17.9403
5.9 1.94501
5.92 13.9931
5.94 19.0739
5.96 20.2867
5.98 23.1582
6 27.8427
6.02 31.609
6.04 19.8564
6.06 -6.89265
6.08 -18.6584
6.1 -22.7219
6.12 -3.85189
6.14 25.6168
6.16 34.4882
6.18 34.8902
6.2 29.9114
6.22 19.7647
6.24 8.95452
6.26 1.7076
6.28 -10.61
6.3 -21.0131
6.32 -29.0365
6.34 -25.553
6.36 -1.96294
6.38 9.00816
6.4 18.2804
6.42 24.0772
6.44 24.4367
6.46 20.0501
6.48 3.8612
6.5 -8.65201
6.52 -15.9079
6.54 -19.808
6.56 -13.8534
6.58 4.28623
6.6 13.3949
6.62 14.0437
6.64 8.6103
6.66 1.78178
6.68 -0.0811759
6.7 3.04656
6.72 11.1268
6.74 14.8564
6.76 5.14594
6.78 -9.54007
6.8 -19.2497
6.82 -27.395
6.84 -33.1972
6.86 -35.051
6.88 -30.4738
6.9 -25.6337
6.92 -24.0715
6.94 -22.4064
6.96 -12.8431
6.98 -1.21906
7 6.6897
7.02 10.1695
7.04 3.62449
7.06 -8.25651
7.08 -10.0828
7.1 -3.31199
7.12 3.88662
7.14 11.2623
7.16 17.1823
7.18 14.5848
7.2 3.45322
7.22 -1.63528
7.24 -2.30672
7.26 -2.5784
7.28 0.530076
7.3 4.93956
7.32 6.10601
7.34 6.44504
7.36 11.475
7.38 16.0378
7.4 18.537
7.42 16.8921
7.44 3.93929
7.46 -7.11853
7.48 -14.447
7.5 -21.9135
7.52 -25.4498
7.54 -26.2868
7.56 -17.8428
7.58 -1.04117
7.6 12.516
7.62 25.7299
7.64 34.9227
7.66 37.5259
7.68 36.4262
7.7 27.6249
7.72 16.8771
7.74 6.77043
7.76 -1.37748
7.78 -4.65699
7.8 -6.35688
7.82 -7.36227
7.84 -6.99351
7.86 -3.42008
7.88 -0.0230905
7.9 -3.01997
7.92 -9.63421
7.94 -13.6828
7.96 -12.5298
7.98 -10.4255
8 -5.91766
8.02 0.363809
8.04 2.34311
8.06 1.02668
8.08 -2.15474
8.1 -7.336
8.12 -12.6494
8.14 -15.5653
8.16 -17.8769
8.18 -18.5592
8.2 -16.9792
8.22 -13.0625
8.24 -10.7748
8.26 -12.2746
8.28 -13.2369
8.3 -11.4745
8.32 -6.65364
8.34 -1.81839
8.36 2.36198
8.38 7.07362
8.4 10.0559
8.42 11.8351
8.44 11.3694
8.46 7.50796
8.48 -0.164363
8.5 -7.95479
8.52 -14.8371
8.54 -20.6031
8.56 -25.1628
8.58 -27.2603
8.6 -28.2547
8.62 -24.177
8.64 -5.40287
8.66 8.77839
8.68 18.7746
8.7 31.146
8.72 37.2916
8.74 37.023
8.76 26.1233
8.78 11.8251
8.8 5.87897
8.82 4.15303
8.84 4.60789
8.86 6.47929
8.88 8.06309
8.9 8.62461
8.92 8.4873
8.94 7.88928
8.96 5.94595
8.98 0.251535
9 -6.95466
9.02 -10.8784
9.04 -14.2044
9.06 -11.7044
9.08 -2.43334
9.1 5.55072
9.12 11.4581
9.14 14.4455
9.16 12.6773
9.18 6.36331
9.2 -0.0357793
9.22 -4.26645
9.24 -5.66985
9.26 -2.96685
9.28 3.19864
9.3 10.4523
9.32 16.1125
9.34 20.6742
9.36 23.3325
9.38 23.756
9.4 17.6875
9.42 8.21773
9.44 1.55469
9.46 -2.13233
9.48 -3.94729
9.5 -4.10399
9.52 -3.59036
9.54 -2.08527
9.56 -0.641569
9.58 -1.0121
9.6 -2.23729
9.62 -4.46203
9.64 -6.61119
9.66 -7.9271
9.68 -7.39706
9.7 -5.13093
9.72 -2.52061
9.74 -2.76579
9.76 -5.41867
9.78 -8.19207
9.8 -9.89602
9.82 -9.61073
9.84 -7.02573
9.86 -5.27686
9.88 -4.73636
9.9 -4.62253
9.92 -3.38897
9.94 -1.67265
9.96 -1.61153
9.98 -4.16982
10 -5.74036
10.02 -3.63346
10.04 0.454614
10.06 3.89878
10.08 7.48282
10.1 9.37413
10.12 11.8852
10.14 14.3201
10.16 17.081
10.18 16.5217
10.2 2.17352
10.22 -3.19727
10.24 -5.80505
10.26 -7.14131
10.28 -5.11788
10.3 -3.81538
10.32 -2.34304
10.34 -2.2671
10.36 0.45419
10.38 4.18726
10.4 8.07615
10.42 10.4227
10.44 12.1846
10.46 12.2247
10.48 11.358
10.5 7.64753
10.52 2.64961
10.54 -0.904374
10.56 -3.40792
10.58 -4.32958
10.6 -3.07624
10.62 -0.930369
10.64 1.68506
10.66 4.23845
10.68 4.87785
10.7 3.90188
10.72 0.828067
10.74 -3.89077
10.76 -7.36823
10.78 -8.85581
10.8 -9.14213
10.82 -9.31146
10.84 -8.81257
10.86 -6.53007
10.88 -3.59142
10.9 -0.192071
10.92 2.13475
10.94 3.34119
10.96 4.26467
10.98 4.25002
11 2.39165
11.02 0.12191
11.04 -2.41355
11.06 -5.81544
11.08 -8.71942
11.1 -11.2346
11.12 -12.7162
11.14 -12.3731
11.16 -10.7858
11.18 -6.16892
11.2 2.07627
11.22 6.91261
11.24 8.86365
11.26 8.873
11.28 7.03381
11.3 4.3235
11.32 -1.40777
11.34 -5.90217
11.36 -8.37076
11.38 -8.95005
11.4 -7.95727
11.42 -1.0837
11.44 4.58329
11.46 5.17629
11.48 3.20752
11.5 -2.89275
11.52 -6.89844
11.54 -8.01719
11.56 -7.04055
11.58 -4.46189
11.6 -1.84376
11.62 -0.325849
11.64 1.34868
11.66 1.99532
11.68 1.5364
11.7 0.605683
11.72 0.150636
11.74 0.791797
11.76 2.25524
11.78 4.06737
11.8 5.61395
11.82 6.83504
11.84 7.67875
11.86 7.40723
11.88 6.8621
11.9 7.79364
11.92 9.13638
11.94 10.1282
11.96 11.2872
11.98 11.9177
12 10.6037
12.02 6.55868
12.04 3.02948
12.06 1.05041
12.08 1.31467
12.1 3.02432
12.12 4.2483
12.14 5.41509
12.16 6.51372
12.18 6.44991
12.2 5.43668
12.22 5.15324
12.24 5.70723
12.26 6.47536
12.28 4.7773
12.3 0.622574
12.32 -3.30915
12.34 -5.92567
12.36 -7.9278
12.38 -8.54027
12.4 -8.27536
12.42 -6.39604
12.44 -5.11387
12.46 -4.93823
12.48 -4.59808
12.5 -4.19331
12.52 -3.33236
12.54 -2.68217
12.56 -1.60368
12.58 -0.281084
12.6 0.982868
12.62 1.06843
12.64 -1.34152
12.66 -4.58083
12.68 -6.77389
12.7 -7.93197
12.72 -8.73153
12.74 -9.01046
12.76 -8.04879
12.78 -6.56119
12.8 -4.32122
12.82 -2.61189
12.84 -1.48184
12.86 -0.728692
12.88 -0.323108
12.9 -0.136669
12.92 -1.70049
12.94 -3.82136
12.96 -6.09047
12.98 -7.85829
13 -7.16073
13.02 -3.73899
13.04 0.156798
13.06 2.05466
13.08 3.54825
13.1 4.86828
13.12 6.02394
13.14 6.81706
13.16 6.82594
13.18 5.50963
13.2 3.6121
13.22 2.53653
13.24 1.88265
13.26 2.1197
13.28 2.59167
13.3 3.41735
13.32 3.88869
13.34 4.2693
13.36 4.54388
13.38 4.04696
13.4 3.13833
13.42 3.27144
13.44 4.12756
13.46 5.22524
13.48 6.3661
13.5 5.92541
13.52 5.2878
13.54 5.43494
13.56 5.83845
13.58 5.82702
13.6 4.3786
13.62 1.06212
13.64 -1.88826
13.66 -3.2637
13.68 -4.35021
13.7 -5.35633
13.72 -6.33117
13.74 -7.67792
13.76 -8.7725
13.78 -8.78118
13.8 -7.46532
13.82 -5.87875
13.84 -4.87904
13.86 -5.0113
13.88 -4.60988
13.9 -4.49577
13.92 -5.41872
13.94 -4.74547
13.96 -2.30488
13.98 0.858581
14 3.83753
14.02 6.16985
14.04 6.9037
14.06 5.69875
14.08 2.42483
14.1 -1.94112
14.12 -4.14897
14.14 -4.43397
14.16 -3.77456
14.18 -2.77614
14.2 -1.16828
14.22 2.15374
14.24 4.67266
14.26 5.45292
14.28 5.2496
14.3 3.63442
14.32 0.840531
14.34 -1.15525
14.36 -1.20871
14.38 -1.00144
14.4 -1.48464
14.42 -2.53987
14.44 -4.20355
14.46 -5.35869
14.48 -4.45644
14.5 -3.61074
14.52 -3.19158
14.54 -1.36875
14.56 0.582979
14.58 2.61222
14.6 4.77681
14.62 5.90998
14.64 3.97769
14.66 1.27212
14.68 -0.51724
14.7 -1.70701
14.72 -1.78414
14.74 -2.13502
14.76 -3.26888
14.78 -3.08318
14.8 0.0703111
14.82 5.45038
14.84 10.063
14.86 11.9113
14.88 11.0744
14.9 7.11357
14.92 2.70835
14.94 0.471209
14.96 -0.94736
14.98 -2.54623
15 -5.16994
15.02 -7.58369
15.04 -7.96696
15.06 -4.28266
15.08 1.10919
15.1 2.57173
15.12 0.900512
15.14 -2.13908
15.16 -4.86203
15.18 -5.44478
15.2 -5.22409
15.22 -5.35115
15.24 -5.07504
15.26 -3.93251
15.28 -2.84539
15.3 -1.45212
15.32 0.2855
15.34 0.376794
15.36 -0.751227
15.38 -2.1651
15.4 -3.11893
15.42 -2.74162
15.44 -1.64515
15.46 -1.76817
15.48 -2.56923
15.5 -2.3442
15.52 -1.94028
15.54 -3.0762
15.56 -4.14717
15.58 -4.05263
15.6 -2.62018
15.62 -0.208681
15.64 1.47788
15.66 2.70149
15.68 2.8479
15.7 2.14692
15.72 1.43223
15.74 1.61507
15.76 2.62938
15.78 2.46916
15.8 1.74095
15.82 1.95714
15.84 2.61792
15.86 2.44094
15.88 0.554488
15.9 -3.63558
15.92 -6.61534
15.94 -6.34838
15.96 -3.22237
15.98 1.63472
16 5.33275
16.02 7.81615
16.04 7.93165
16.06 5.663
16.08 2.73866
16.1 1.57024
16.12 0.862022
16.14 -0.679269
16.16 -3.62469
16.18 -6.14585
16.2 -6.80894
16.22 -3.33842
16.24 2.44279
16.26 5.04883
16.28 6.92717
16.3 8.18209
16.32 9.23172
16.34 9.89429
16.36 9.39056
16.38 5.12818
16.4 -0.198978
16.42 -1.9594
16.44 -1.2778
16.46 0.763467
16.48 3.21724
16.5 4.54903
16.52 5.76173
16.54 8.114
16.56 8.41323
16.58 2.93026
16.6 -5.83908
16.62 -10.7078
16.64 -12.5738
16.66 -7.88179
16.68 2.42126
16.7 9.29243
16.72 13.296
16.74 13.7361
16.76 9.05881
16.78 1.46514
16.8 -3.06776
16.82 -4.44691
16.84 -3.41739
16.86 -0.560433
16.88 1.62346
16.9 3.2906
16.92 3.07695
16.94 0.268383
16.96 -2.92256
16.98 -4.5774
17 -5.04466
17.02 -4.24427
17.04 -3.45307
17.06 -3.64946
17.08 -4.59223
17.1 -4.80571
17.12 -4.14775
17.14 -2.79239
17.16 -1.70065
17.18 -0.806471
17.2 1.05082
17.22 4.03527
17.24 5.62412
17.26 4.09691
17.28 1.5834
17.3 -2.01246
17.32 -5.36516
17.34 -7.35741
17.36 -6.99092
17.38 -4.38143
17.4 -1.88409
17.42 -1.00262
17.44 -1.22493
17.46 -2.095
17.48 -2.48505
17.5 -0.789998
17.52 1.53075
17.54 3.69343
17.56 5.10359
17.58 5.55499
17.6 4.95515
17.62 3.48149
17.64 1.50071
17.66 0.835128
17.68 2.49265
17.7 4.13743
17.72 2.39886
17.74 -1.12688
17.76 -2.58314
17.78 -0.0836801
17.8 4.08725
17.82 6.22045
17.84 4.50219
17.86 -0.0712521
17.88 -2.75359
17.9 -4.21146
17.92 -4.93713
17.94 -4.87999
17.96 -4.8235
17.98 -4.86706
18 -4.97605
18.02 -4.69994
18.04 -3.81875
18.06 -1.36116
18.08 1.82444
18.1 3.26703
18.12 2.21139
18.14 0.290102
18.16 -1.16984
18.18 -2.41821
18.2 -3.03187
18.22 -2.87384
18.24 -1.9575
18.26 -0.380034
18.28 2.04486
18.3 4.55563
18.32 6.38852
18.34 7.71769
18.36 7.20652
18.38 4.31088
18.4 0.560399
18.42 -0.541159
18.44 -0.613704
18.46 -0.2855
18.48 0.798754
18.5 2.62633
18.52 4.36448
18.54 4.57312
18.56 3.22133
18.58 0.555794
18.6 -1.21237
18.62 -2.8468
18.64 -4.32347
18.66 -5.24115
18.68 -5.33817
18.7 -4.18203
18.72 -3.55024
18.74 -4.3419
18.76 -5.19641
18.78 -4.90106
18.8 -3.54817
18.82 -1.83289
18.84 -0.326915
18.86 -0.201232
18.88 -1.12051
18.9 -1.6239
18.92 -0.420538
18.94 3.70117
18.96 7.23745
18.98 8.36751
19 8.03317
19.02 6.80048
19.04 3.56166
19.06 -0.398413
19.08 -3.60404
19.1 -6.14626
19.12 -7.67543
19.14 -8.46643
19.16 -8.37683
19.18 -8.28931
19.2 -7.04967
19.22 -5.07057
19.24 -2.0976
19.26 2.32884
19.28 5.35742
19.3 5.95107
19.32 4.85005
19.34 4.32592
19.36 3.83158
19.38 2.23105
19.4 0.645346
19.42 0.958953
19.44 1.44337
19.46 0.328989
19.48 -0.320188
19.5 -0.762303
19.52 -1.77259
19.54 -2.26497
19.56 -0.0960325
19.58 2.6899
19.6 3.45324
19.62 4.34824
19.64 7.93179
19.66 10.1947
19.68 11.7832
19.7 9.1176
19.72 -1.16314
19.74 -9.21214
19.76 -13.7972
19.78 -14.8701
19.8 -9.62254
19.82 -2.12949
19.84 -0.217222
19.86 -2.45484
19.88 -5.90358
19.9 -5.37578
19.92 -0.292843
19.94 3.71742
19.96 7.28875
19.98 9.21053
20 9.43025
20.02 6.72935
20.04 0.74871
20.06 -3.96218
20.08 -6.22606
20.1 -9.1854
20.12 -7.53786
20.14 1.986
20.16 10.0231
20.18 13.9813
20.2 15.5451
20.22 9.27647
20.24 -2.16232
20.26 -10.5136
20.28 -15.1605
20.3 -16.2992
20.32 -11.3625
20.34 -0.33745
20.36 6.85866
20.38 8.52378
20.4 6.08637
20.42 0.404507
20.44 -2.75317
20.46 -2.38003
20.48 -0.414873
20.5 -1.34629
20.52 -5.838
20.54 -9.2456
20.56 -9.41097
20.58 -7.53426
20.6 -5.85737
20.62 -6.08059
20.64 -6.11189
20.66 -5.73955
20.68 -3.08326
20.7 1.0645
20.72 3.1892
20.74 2.91121
20.76 2.89844
20.78 5.09566
20.8 7.36039
20.82 8.54664
20.84 6.88755
20.86 2.4911
20.88 -2.25906
20.9 -5.85693
20.92 -7.76529
20.94 -7.02118
20.96 -5.39133
20.98 -2.95045
21 0.935323
21.02 2.89504
21.04 1.3876
21.06 -1.62326
21.08 -3.69385
21.1 -3.73448
21.12 -2.9591
21.14 -2.16987
21.16 -1.12347
21.18 0.550565
21.2 2.3714
21.22 3.25651
21.24 2.68866
21.26 1.54991
21.28 0.91406
21.3 0.554725
21.32 0.300128
21.34 -0.067422
21.36 -1.23759
21.38 -3.8612
21.4 -6.78308
21.42 -6.34317
21.44 0.53573
21.46 6.63893
21.48 6.76334
21.5 0.55235
21.52 -4.96381
21.54 -3.60654
21.56 1.70209
21.58 4.96334
21.6 4.33154
21.62 2.91871
21.64 2.69427
21.66 4.22235
21.68 4.1853
21.7 1.62728
21.72 -1.52645
21.74 -1.44134
21.76 2.25562
21.78 5.95661
21.8 6.41362
21.82 4.74654
21.84 1.43861
21.86 -1.98599
21.88 -3.81758
21.9 -4.71185
21.92 -5.21956
21.94 -3.89821
21.96 -0.223638
21.98 2.48413
22 2.93922
22.02 1.01094
22.04 -1.50774
22.06 -0.990133
22.08 0.280463
22.1 -0.528558
22.12 -2.24235
22.14 -3.18608
22.16 -2.55295
22.18 -0.0383657
22.2 3.70681
22.22 6.08795
22.24 6.3223
22.26 5.58273
22.28 5.53074
22.3 5.00951
22.32 3.39386
22.34 -0.275478
22.36 -4.56535
22.38 -7.06306
22.4 -6.72381
22.42 -3.33781
22.44 -0.757475
22.46 -1.45272
22.48 -3.82039
22.5 -4.31614
22.52 -2.09627
22.54 -0.402025
22.56 0.230497
22.58 0.737012
22.6 1.2656
22.62 2.08118
22.64 2.35453
22.66 1.62433
22.68 -0.0132217
22.7 -0.991247
22.72 -0.930428
22.74 -0.517043
22.76 -0.558704
22.78 -0.226368
22.8 0.943393
22.82 1.27557
22.84 0.84815
22.86 -0.118749
22.88 -1.25839
22.9 -1.37433
22.92 -0.672983
22.94 -0.269579
22.96 -0.311877
22.98 -0.457947
23 -0.0959524
23.02 0.603622
23.04 1.18138
23.06 1.45668
23.08 1.04555
23.1 0.485365
23.12 0.251001
23.14 0.352765
23.16 0.899104
23.18 1.62447
23.2 2.58895
23.22 3.34623
23.24 3.66358
23.26 3.35801
23.28 2.09722
23.3 1.07409
23.32 0.803961
23.34 1.02578
23.36 1.14818
23.38 0.905279
23.4 0.173335
23.42 -0.958225
23.44 -2.30071
23.46 -3.10372
23.48 -2.93813
23.5 -2.34037
23.52 -1.64594
23.54 -0.994528
23.56 -0.620108
23.58 -0.548944
23.6 -0.569628
23.62 -0.43707
23.64 -0.257783
23.66 0.115513
23.68 0.566477
23.7 0.877414
23.72 1.14065
23.74 1.52539
23.76 2.45863
23.78 3.09071
23.8 2.79724
23.82 1.59962
23.84 0.804046
23.86 0.986241
23.88 1.46283
23.9 1.00161
23.92 -0.539384
23.94 -1.89153
23.96 -2.98021
23.98 -3.79625
24 -4.01496
24.02 -2.98953
24.04 -1.18792
24.06 -0.551159
24.08 -1.29082
24.1 -1.99213
24.12 -1.57258
24.14 0.367618
24.16 2.24706
24.18 3.27523
24.2 4.20348
24.22 5.16269
24.24 5.22082
24.26 3.12165
24.28 0.367798
24.3 -0.97773
24.32 -0.83146
24.34 0.3261
24.36 1.50751
24.38 1.89436
24.4 2.44942
24.42 3.09215
24.44 3.22893
24.46 2.61994
24.48 1.11329
24.5 -0.107191
24.52 -0.579197
24.54 -0.509141
24.56 -0.819527
24.58 -1.23578
24.6 -1.19005
24.62 -1.1598
24.64 -1.76297
24.66 -3.06675
24.68 -3.73164
24.7 -2.85203
24.72 -1.15563
24.74 -0.228007
24.76 -0.339066
24.78 -0.464467
24.8 -0.482387
24.82 -0.421031
24.84 -0.96635
24.86 -2.26466
24.88 -2.97514
24.9 -2.32838
24.92 -0.741545
24.94 0.499005
24.96 0.769195
24.98 -0.000908085
25 -0.743135
25.02 -1.17131
25.04 -0.931734
25.06 0.0827438
25.08 0.886777
25.1 0.905919
25.12 0.249739
25.14 -0.0425972
25.16 0.451089
25.18 1.09511
25.2 0.96601
25.22 0.580055
25.24 0.260649
25.26 -0.16688
25.28 -0.906368
25.3 -1.13779
25.32 -0.478621
25.34 0.604178
25.36 1.55823
25.38 1.8766
25.4 1.40879
25.42 0.21602
25.44 -0.543932
25.46 -1.31919
25.48 -2.70468
25.5 -4.06969
25.52 -5.12662
25.54 -5.37449
25.56 -4.19742
25.58 -2.1723
25.6 -0.821699
25.62 0.0554878
25.64 1.00825
25.66 1.68386
25.68 2.01962
25.7 1.8781
25.72 1.56627
25.74 1.33307
25.76 0.921971
25.78 0.188763
25.8 0.0762503
25.82 0.407668
25.84 0.217003
25.86 -0.162512
25.88 -0.266969
25.9 0.191583
25.92 0.831733
25.94 1.20182
25.96 1.18438
25.98 0.95407
26 0.590183
26.02 0.224199
26.04 -0.133889
26.06 -0.243184
26.08 0.0220011
26.1 0.333593
26.12 0.648568
26.14 0.782748
26.16 0.489112
26.18 -0.167242
26.2 -0.565297
26.22 -1.15027
26.24 -1.68657
26.26 -2.03774
26.28 -1.70924
26.3 -0.891197
26.32 -0.299073
26.34 0.130302
26.36 0.404987
26.38 0.427171
26.4 0.235688
26.42 0.871155
26.44 2.03741
26.46 3.16563
26.48 3.6696
26.5 3.1813
26.52 1.57697
26.54 -0.342213
26.56 -1.68792
26.58 -2.25469
26.6 -2.10183
26.62 -1.57143
26.64 -1.47127
26.66 -1.70191
26.68 -2.09177
26.7 -2.54012
26.72 -2.5898
26.74 -1.98014
26.76 -0.973742
26.78 0.00815419
26.8 1.18212
26.82 2.69045
26.84 4.21939
26.86 4.74931
26.88 4.25181
26.9 2.43203
26.92 -0.0118328
26.94 -1.92847
26.96 -2.64059
26.98 -1.99741
27 -0.605434
27.02 0.720799
27.04 1.44873
27.06 1.79074
27.08 1.92441
27.1 1.72694
27.12 1.46436
27.14 0.864371
27.16 -0.13685
27.18 -1.08361
27.2 -1.73566
27.22 -1.76071
27.24 -1.61288
27.26 -1.57913
27.28 -1.75744
27.3 -1.97151
27.32 -1.80532
27.34 -1.52632
27.36 -1.51095
27.38 -1.53634
27.4 -1.23221
27.42 -0.466274
27.44 0.637086
27.46 1.58866
27.48 1.66397
27.5 1.33112
27.52 0.73223
27.54 0.307049
27.56 0.338363
27.58 0.515667
27.6 0.579206
27.62 0.25054
27.64 -0.31097
27.66 -0.653337
27.68 -0.357122
27.7 0.720441
27.72 1.86164
27.74 2.41262
27.76 2.16837
27.78 1.44153
27.8 0.32119
27.82 -1.32607
27.84 -2.96188
27.86 -4.10447
27.88 -4.32906
27.9 -4.11922
27.92 -3.01928
27.94 -1.09899
27.96 0.441655
27.98 1.24108
28 1.71613
28.02 2.13156
28.04 2.25695
28.06 2.04668
28.08 1.61646
28.1 1.32128
28.12 1.35094
28.14 1.3379
28.16 1.40205
28.18 1.96619
28.2 2.43108
28.22 2.37421
28.24 2.28349
28.26 2.56773
28.28 2.83007
28.3 2.51747
28.32 1.67166
28.34 0.838582
28.36 0.319719
28.38 -0.00256056
28.4 -0.468092
28.42 -1.09234
28.44 -1.44895
28.46 -1.55129
28.48 -1.2532
28.5 -0.577093
28.52 0.405979
28.54 1.19794
28.56 1.6188
28.58 2.03676
28.6 2.09072
28.62 1.86703
28.64 1.21955
28.66 0.661346
28.68 0.610554
28.7 0.343191
28.72 0.185077
28.74 0.282362
28.76 0.263467
28.78 -0.0301689
28.8 -0.684106
28.82 -1.34884
28.84 -1.54902
28.86 -1.38971
28.88 -1.48291
28.9 -1.8539
28.92 -2.37571
28.94 -2.50453
28.96 -1.98316
28.98 -1.54961
29 -1.19002
29.02 -0.778225
29.04 -0.670337
29.06 -0.706346
29.08 -1.0237
29.1 -1.26097
29.12 -1.18967
29.14 -1.27951
29.16 -1.42881
29.18 -1.68799
29.2 -1.29669
29.22 -0.103736
29.24 0.885543
29.26 1.46699
29.28 1.59741
29.3 1.41183
29.32 1.08865
29.34 0.696983
29.36 0.00624343
29.38 -0.411211
29.4 -0.363791
29.42 0.361687
29.44 1.53335
29.46 2.47958
29.48 3.10192
29.5 2.85719
29.52 2.39459
29.54 1.84837
29.56 1.58157
29.58 1.13959
29.6 0.368892
29.62 -0.447081
29.64 -1.38182
29.66 -2.09676
29.68 -2.41742
29.7 -2.1509
29.72 -1.93368
29.74 -1.59013
29.76 -1.6375
29.78 -2.01633
29.8 -2.03551
29.82 -1.80832
29.84 -1.32171
29.86 -1.09839
29.88 -1.08809
29.9 -1.10826
29.92 -0.896224
29.94 0.0294767
29.96 0.797422
29.98 1.15044
30 1.25015
30.02 0.913658
30.04 0.214448
30.06 -0.535362
30.08 -0.897802
30.1 -0.549475
30.12 -0.0804615
30.14 0.2113
30.16 0.378501
30.18 0.623849
30.2 0.709025
30.22 0.570219
30.24 0.385809
30.26 0.237168
30.28 0.256266
30.3 0.280678
30.32 0.588203
30.34 0.834656
30.36 1.11736
30.38 0.916169
30.4 0.349196
30.42 -0.117714
30.44 -0.125873
30.46 0.577701
30.48 1.3164
30.5 1.6861
30.52 1.6001
30.54 1.16072
30.56 0.708126
30.58 0.0977784
30.6 -0.54351
30.62 -1.12325
30.64 -1.48401
30.66 -1.64158
30.68 -1.95433
30.7 -2.03665
30.72 -1.94657
30.74 -1.06563
30.76 -0.00744047
30.78 0.832724
30.8 1.61101
30.82 1.97742
30.84 1.86559
30.86 1.51059
30.88 1.16848
30.9 0.842482
30.92 1.06354
30.94 1.73673
30.96 2.29101
30.98 2.15996
31 1.44691
31.02 0.397224
31.04 -0.621685
31.06 -1.34765
31.08 -1.77665
31.1 -2.06821
31.12 -1.81689
31.14 -1.41605
31.16 -0.990884
31.18 -0.132424
31.2 0.389902
31.22 0.0997765
31.24 -0.616236
31.26 -1.24653
31.28 -1.91194
31.3 -2.10815
31.32 -1.81128
31.34 -1.24015
31.36 -1.02402
31.38 -0.902955
31.4 -0.672809
31.42 -0.324553
31.44 -0.0502638
31.46 -0.162544
31.48 -0.118041
31.5 -0.297846
31.52 -0.636533
31.54 -1.00068
31.56 -0.809244
31.58 0.198508
31.6 1.43233
31.62 1.74348
31.64 0.938603
31.66 0.105198
31.68 -0.105743
31.7 0.2518
31.72 1.16187
31.74 2.26595
31.76 3.13767
31.78 3.65166
31.8 3.67659
31.82 2.24985
31.84 0.162765
31.86 -1.41529
31.88 -2.24278
31.9 -1.97535
31.92 -1.18054
31.94 -0.189466
31.96 0.550556
31.98 0.959922
32 1.0338
32.02 1.05466
32.04 1.02217
32.06 0.86094
32.08 0.845046
32.1 1.30256
32.12 1.91493
32.14 2.10301
32.16 1.75694
32.18 1.49174
32.2 1.50466
32.22 1.03079
32.24 0.447334
32.26 -0.019945
32.28 -0.317714
32.3 -0.566019
32.32 -0.90682
32.34 -0.998994
32.36 -0.730068
32.38 -0.314188
32.4 0.152284
32.42 0.0133372
32.44 -0.575233
32.46 -1.55716
32.48 -2.40906
32.5 -3.00005
32.52 -3.31973
32.54 -3.17849
32.56 -2.57566
32.58 -1.75254
32.6 -0.890167
32.62 -0.223067
32.64 0.0148002
32.66 0.204771
32.68 0.364576
32.7 0.445435
32.72 0.547494
32.74 0.766723
32.76 0.782846
32.78 0.997048
32.8 1.60461
32.82 2.06557
32.84 2.2297
32.86 2.2409
32.88 2.03287
32.9 1.96349
32.92 1.96733
32.94 1.67534
32.96 0.955614
32.98 0.099937
33 -0.595078
33.02 -1.04393
33.04 -1.15008
33.06 -1.09382
33.08 -1.11586
33.1 -0.959402
33.12 -0.144154
33.14 0.577045
33.16 1.17716
33.18 1.35373
33.2 1.29931
33.22 1.26105
33.24 1.39761
33.26 1.61283
33.28 1.55211
33.3 1.23454
33.32 0.729548
33.34 0.404047
33.36 0.214131
33.38 0.0638817
33.4 0.0789844
33.42 0.176167
33.44 0.187374
33.46 0.161544
33.48 -0.231235
33.5 -0.543455
33.52 -0.646241
33.54 -0.919244
33.56 -0.97543
33.58 -1.13622
33.6 -1.286
33.62 -0.984667
33.64 -0.638696
33.66 -0.47
33.68 -0.383869
33.7 -0.509602
33.72 -0.794336
33.74 -0.997963
33.76 -0.988931
33.78 -0.853054
33.8 -0.689425
33.82 -0.300122
33.84 0.0973039
33.86 0.430707
33.88 0.676021
33.9 0.83453
33.92 0.779513
33.94 0.367491
33.96 -0.252168
33.98 -0.889207
34 -1.19156
34.02 -1.26669
34.04 -1.18484
34.06 -1.08514
34.08 -0.881289
34.1 -0.606942
34.12 -0.370875
34.14 -0.282685
34.16 -0.209568
34.18 -0.0365595
34.2 0.0719839
34.22 0.134753
34.24 0.090585
34.26 0.0762715
34.28 0.0243614
34.3 -0.17182
34.32 -0.254026
34.34 -0.212154
34.36 -0.126263
34.38 -0.0948919
34.4 -0.189845
34.42 -0.28941
34.44 -0.411723
34.46 -0.510078
34.48 -0.624091
34.5 -0.505849
34.52 -0.422908
34.54 -0.434702
34.56 -0.5778
34.58 -0.786168
34.6 -0.83888
34.62 -0.905186
34.64 -0.882065
34.66 -0.819394
34.68 -0.785382
34.7 -0.673122
34.72 -0.569712
34.74 -0.526793
34.76 -0.478455
34.78 -0.36006
34.8 -0.187226
34.82 -0.0485983
34.84 0.0198101
34.86 0.00897317
34.88 0.0131835
34.9 0.00922816
34.92 -0.0286972
34.94 -0.139624
34.96 -0.220432
34.98 -0.228913
35 -0.186017
35.02 -0.102322
35.04 -0.080747
35.06 -0.0840686
35.08 -0.0566977
35.1 -0.0584788
35.12 -0.0728158
35.14 -0.051784
35.16 -0.0656447
35.18 -0.0671264
35.2 -0.0373684
35.22 0.0148585
35.24 0.0536381
35.26 0.0634288
35.28 0.0744353
35.3 0.0598565
35.32 0.0402977
35.34 0.0557733
35.36 0.0828492
35.38 0.122996
35.4 0.148471
35.42 0.160375
35.44 0.175145
35.46 0.187046
35.48 0.202393
35.5 0.214243
35.52 0.231838
35.54 0.241236
35.56 0.245524
35.58 0.247415
35.6 0.248856
35.62 0.256893
35.64 0.267048
35.66 0.274231
35.68 0.272634
35.7 0.266919
35.72 0.259939
35.74 0.256252
35.76 0.251481
35.78 0.244565
35.8 0.239418
35.82 0.235556
35.84 0.234537
35.86 0.235031
35.88 0.236883
35.9 0.238609
35.92 0.239233
35.94 0.239709
35.96 0.24011
35.98 0
36 0
