Current Domain Information
	Current Time: 0
	Committed Time: 0
NODE DATA: NumNodes: 5

numComponents: 5

 Node: 1
	Coordinates  : 0 0 
	Disps: 0 0 0 


 Node: 2
	Coordinates  : 0 3281 
	Disps: 0 0 0 
	Mass : 
0.0194255 0 0 
0 0 0 
0 0 0 

	 Rayleigh Factor: alphaM: 0
	 Rayleigh Forces: 0 0 0 


 Node: 3
	Coordinates  : 0 6781 
	Disps: 0 0 0 
	Mass : 
0.0194255 0 0 
0 0 0 
0 0 0 

	 Rayleigh Factor: alphaM: 0
	 Rayleigh Forces: 0 0 0 


 Node: 4
	Coordinates  : 0 10281 
	Disps: 0 0 0 
	Mass : 
0.0194255 0 0 
0 0 0 
0 0 0 

	 Rayleigh Factor: alphaM: 0
	 Rayleigh Forces: 0 0 0 


 Node: 5
	Coordinates  : 0 13781 
	Disps: 0 0 0 
	Mass : 
0.0194255 0 0 
0 0 0 
0 0 0 

	 Rayleigh Factor: alphaM: 0
	 Rayleigh Forces: 0 0 0 

ELEMENT DATA: NumEle: 4

numComponents: 4

ElasticBeam2d: 1
	Connected Nodes: 1 2 
	CoordTransf: 101
	mass density:  0, cMass: 0
	release code:  0
	End 1 Forces (P V M): 0 0 0
	End 2 Forces (P V M): 0 0 0

ElasticBeam2d: 2
	Connected Nodes: 2 3 
	CoordTransf: 101
	mass density:  0, cMass: 0
	release code:  0
	End 1 Forces (P V M): 0 0 0
	End 2 Forces (P V M): 0 0 0

ElasticBeam2d: 3
	Connected Nodes: 3 4 
	CoordTransf: 101
	mass density:  0, cMass: 0
	release code:  0
	End 1 Forces (P V M): 0 0 0
	End 2 Forces (P V M): 0 0 0

ElasticBeam2d: 4
	Connected Nodes: 4 5 
	CoordTransf: 101
	mass density:  0, cMass: 0
	release code:  0
	End 1 Forces (P V M): 0 0 0
	End 2 Forces (P V M): 0 0 0

SP_Constraints: numConstraints: 3

numComponents: 3
SP_Constraint: 0	 Node: 1 DOF: 1 ref value: 0 current value: 0
SP_Constraint: 1	 Node: 1 DOF: 2 ref value: 0 current value: 0
SP_Constraint: 2	 Node: 1 DOF: 3 ref value: 0 current value: 0

Pressure_Constraints: numConstraints: 0

numComponents: 0

MP_Constraints: numConstraints: 0

numComponents: 0

LOAD PATTERNS: numPatterns: 1


numComponents: 1
UniformExcitation  2 - Not Printing the GroundMotion

PARAMETERS: numParameters: 0


numComponents: 0
Current Domain Information
	Current Time: 0
	Committed Time: 0
NODE DATA: NumNodes: 5

numComponents: 5

 Node: 1
	Coordinates  : 0 0 
	Disps: 0 0 0 


 Node: 2
	Coordinates  : 0 3281 
	Disps: 0 0 0 
	Mass : 
0.0194255 0 0 
0 0 0 
0 0 0 

	 Rayleigh Factor: alphaM: 0
	 Rayleigh Forces: 0 0 0 


 Node: 3
	Coordinates  : 0 6781 
	Disps: 0 0 0 
	Mass : 
0.0194255 0 0 
0 0 0 
0 0 0 

	 Rayleigh Factor: alphaM: 0
	 Rayleigh Forces: 0 0 0 


 Node: 4
	Coordinates  : 0 10281 
	Disps: 0 0 0 
	Mass : 
0.0194255 0 0 
0 0 0 
0 0 0 

	 Rayleigh Factor: alphaM: 0
	 Rayleigh Forces: 0 0 0 


 Node: 5
	Coordinates  : 0 13781 
	Disps: 0 0 0 
	Mass : 
0.0194255 0 0 
0 0 0 
0 0 0 

	 Rayleigh Factor: alphaM: 0
	 Rayleigh Forces: 0 0 0 

ELEMENT DATA: NumEle: 4

numComponents: 4

ElasticBeam2d: 1
	Connected Nodes: 1 2 
	CoordTransf: 101
	mass density:  0, cMass: 0
	release code:  0
	End 1 Forces (P V M): 0 0 0
	End 2 Forces (P V M): 0 0 0

ElasticBeam2d: 2
	Connected Nodes: 2 3 
	CoordTransf: 101
	mass density:  0, cMass: 0
	release code:  0
	End 1 Forces (P V M): 0 0 0
	End 2 Forces (P V M): 0 0 0

ElasticBeam2d: 3
	Connected Nodes: 3 4 
	CoordTransf: 101
	mass density:  0, cMass: 0
	release code:  0
	End 1 Forces (P V M): 0 0 0
	End 2 Forces (P V M): 0 0 0

ElasticBeam2d: 4
	Connected Nodes: 4 5 
	CoordTransf: 101
	mass density:  0, cMass: 0
	release code:  0
	End 1 Forces (P V M): 0 0 0
	End 2 Forces (P V M): 0 0 0

SP_Constraints: numConstraints: 3

numComponents: 3
SP_Constraint: 0	 Node: 1 DOF: 1 ref value: 0 current value: 0
SP_Constraint: 1	 Node: 1 DOF: 2 ref value: 0 current value: 0
SP_Constraint: 2	 Node: 1 DOF: 3 ref value: 0 current value: 0

Pressure_Constraints: numConstraints: 0

numComponents: 0

MP_Constraints: numConstraints: 0

numComponents: 0

LOAD PATTERNS: numPatterns: 1


numComponents: 1
UniformExcitation  2 - Not Printing the GroundMotion

PARAMETERS: numParameters: 0


numComponents: 0
