0.02 -0.535347 -0.000154415 6.08572e-05 -1.51976e-05 2.53075e-06
0.04 -0.162302 -0.000664096 0.000261605 -6.52627e-05 1.0859e-05
0.06 -0.134418 -0.00145897 0.000574214 -0.000142975 2.37537e-05
0.08 -0.83053 -0.00261419 0.00102766 -0.000255228 4.23178e-05
0.1 -0.337629 -0.0043783 0.00171897 -0.000425752 7.04384e-05
0.12 0.396965 -0.00645155 0.00252858 -0.000623932 0.000102918
0.14 0.19954 -0.00831988 0.00325223 -0.00079787 0.000131
0.16 -0.0865216 -0.00996326 0.00388053 -0.000944426 0.000154059
0.18 -0.619291 -0.0117533 0.00455866 -0.00109917 0.000177929
0.2 -0.953391 -0.014172 0.00547512 -0.00130843 0.000210232
0.22 -0.935579 -0.0175547 0.0067602 -0.00160373 0.000256091
0.24 -1.08697 -0.022023 0.00845916 -0.00199498 0.000316975
0.26 -1.62672 -0.0278039 0.010658 -0.00250177 0.00039591
0.28 -2.55592 -0.0355064 0.013592 -0.0031805 0.000501983
0.3 -2.6632 -0.0458346 0.0175328 -0.00409573 0.000645533
0.32 -2.01974 -0.0589077 0.0225191 -0.00525282 0.000826904
0.34 -1.21661 -0.0741222 0.0283027 -0.00658433 0.00103417
0.36 -1.08511 -0.0907542 0.0345864 -0.0080097 0.00125311
0.38 -1.59074 -0.108602 0.0412775 -0.00949891 0.00147784
0.4 -1.48279 -0.127845 0.0484329 -0.0110588 0.00170861
0.42 -1.17342 -0.148431 0.0560171 -0.0126728 0.00194164
0.44 -0.8813 -0.170017 0.0638789 -0.0142947 0.00216824
0.46 -0.385194 -0.19215 0.0718235 -0.0158672 0.00237782
0.48 0.247867 -0.214224 0.0795953 -0.017318 0.00255726
0.5 0.890104 -0.235494 0.0868837 -0.018561 0.00269121
0.52 1.39811 -0.255208 0.0933776 -0.0195105 0.0027645
0.54 0.640857 -0.273062 0.0989423 -0.0201258 0.00276955
0.56 -0.940127 -0.289759 0.103843 -0.0204673 0.00271578
0.58 -0.786977 -0.306348 0.108483 -0.0206299 0.00261851
0.6 0.366981 -0.322826 0.112849 -0.0206059 0.00247597
0.62 0.657239 -0.338362 0.116604 -0.0203063 0.00227294
0.64 -0.130189 -0.352649 0.119619 -0.0196944 0.00200309
0.66 -0.33786 -0.366087 0.122042 -0.0188046 0.00167195
0.68 0.57629 -0.378728 0.123888 -0.017638 0.00127971
0.7 0.953846 -0.389973 0.124915 -0.0161322 0.000816024
0.72 1.46562 -0.399167 0.124862 -0.014221 0.000270124
0.74 1.90746 -0.405764 0.123511 -0.0118501 -0.000366615
0.76 1.60627 -0.409438 0.120733 -0.00898934 -0.00109861
0.78 1.09158 -0.410379 0.116608 -0.00566164 -0.00192117
0.8 1.83439 -0.408763 0.111211 -0.00189034 -0.00282934
0.82 2.41315 -0.404154 0.104377 0.00235928 -0.00382761
0.84 0.717142 -0.39651 0.0961026 0.00708066 -0.00491336
0.86 -0.483864 -0.387017 0.0868679 0.0121445 -0.00606331
0.88 -0.437848 -0.376874 0.0771619 0.0174183 -0.0072535
0.9 -1.12146 -0.366632 0.0672181 0.0228331 -0.00847043
0.92 -1.94223 -0.356943 0.0573104 0.0283092 -0.0096988
0.94 -0.0217335 -0.347955 0.0475143 0.0338168 -0.0109316
0.96 1.36651 -0.338429 0.0373576 0.0394629 -0.0121845
0.98 0.338509 -0.327339 0.026453 0.0453329 -0.0134698
1 0.251211 -0.31494 0.0149195 0.051385 -0.0147781
1.02 0.217401 -0.301627 0.00293315 0.0575625 -0.0160978
1.04 0.145554 -0.28751 -0.00944302 0.0638364 -0.0174216
1.06 0.35778 -0.272622 -0.0221741 0.0701845 -0.0187434
1.08 0.840223 -0.256769 -0.0353147 0.0766062 -0.0200605
1.1 0.455585 -0.239771 -0.0489131 0.0830994 -0.0213702
1.12 -0.660458 -0.222085 -0.0627656 0.0895982 -0.0226588
1.14 -0.647432 -0.204515 -0.0765312 0.0960025 -0.023907
1.16 -0.228352 -0.187307 -0.0900889 0.102267 -0.0251047
1.18 -0.77529 -0.170425 -0.103429 0.108375 -0.0262466
1.2 -2.32466 -0.154562 -0.116256 0.114237 -0.0273154
1.22 -3.73725 -0.141224 -0.127954 0.119687 -0.0282809
1.24 -2.95323 -0.13149 -0.138078 0.124601 -0.0291203
1.26 -0.689501 -0.124695 -0.146874 0.12903 -0.0298401
1.28 0.502013 -0.118987 -0.155058 0.133142 -0.0304668
1.3 0.686256 -0.112996 -0.163156 0.137062 -0.0310194
1.32 0.354213 -0.10639 -0.171288 0.140811 -0.0314999
1.34 0.160575 -0.0993882 -0.179355 0.144356 -0.0319013
1.36 1.30291 -0.0918918 -0.187382 0.147695 -0.032222
1.38 2.31906 -0.0830303 -0.195701 0.150903 -0.0324728
1.4 2.49762 -0.0718647 -0.204667 0.15406 -0.0326661
1.42 2.16731 -0.0581275 -0.214373 0.157182 -0.0328025
1.44 1.35938 -0.0422301 -0.224639 0.160213 -0.0328715
1.46 1.05628 -0.0248654 -0.235176 0.163071 -0.032858
1.48 0.983113 -0.00650952 -0.245776 0.165695 -0.0327501
1.5 0.976487 0.012657 -0.256352 0.168051 -0.032541
1.52 0.255375 0.0323508 -0.266772 0.170097 -0.032222
1.54 -0.243055 0.0519589 -0.276777 0.171758 -0.0317795
1.56 -0.265337 0.070929 -0.286131 0.172966 -0.0312008
1.58 -0.13342 0.0890945 -0.294753 0.173693 -0.0304802
1.6 -0.758045 0.106299 -0.302566 0.173911 -0.0296122
1.62 -0.808873 0.122164 -0.309407 0.173573 -0.0285884
1.64 0.522837 0.136824 -0.315318 0.172683 -0.027409
1.66 1.77656 0.15136 -0.320715 0.171342 -0.0260904
1.68 2.11854 0.166945 -0.32605 0.169659 -0.0246505
1.7 1.41798 0.1839 -0.33144 0.167659 -0.0230938
1.72 1.02438 0.201766 -0.336697 0.165291 -0.0214116
1.74 1.03264 0.220079 -0.341627 0.162505 -0.0195955
1.76 1.02397 0.238685 -0.346161 0.159279 -0.0176424
1.78 1.52239 0.257688 -0.350331 0.15562 -0.0155536
1.8 1.60281 0.277354 -0.354234 0.15155 -0.0133334
1.82 0.521921 0.297522 -0.357799 0.147049 -0.010979
1.84 -0.689659 0.3172 -0.360629 0.142018 -0.0084746
1.86 -0.520152 0.335387 -0.362322 0.136356 -0.00580435
1.88 1.35965 0.352339 -0.362976 0.130089 -0.00297364
1.9 2.12921 0.36938 -0.36311 0.123348 -5.88977e-06
1.92 1.6925 0.38734 -0.363052 0.116219 0.00308333
1.94 1.50361 0.406104 -0.362754 0.108694 0.00629378
1.96 1.38641 0.425369 -0.362096 0.100745 0.00962808
1.98 0.279032 0.444661 -0.360892 0.0923308 0.0130915
2 -1.10293 0.462876 -0.358706 0.0833472 0.0166993
2.02 0.181572 0.47924 -0.355237 0.0737246 0.0204608
2.04 0.431737 0.494144 -0.350641 0.06351 0.0243658
2.06 -1.80346 0.507437 -0.344868 0.0526991 0.0284124
2.08 -2.99372 0.517546 -0.337306 0.0411492 0.0326212
2.1 -2.37071 0.523314 -0.32751 0.0287614 0.0370056
2.12 0.0818403 0.525468 -0.315785 0.0156261 0.0415469
2.14 1.94542 0.526157 -0.302996 0.0019765 0.0462023
2.16 1.91129 0.527172 -0.289873 -0.0119878 0.0509344
2.18 2.77034 0.529299 -0.276747 -0.0261656 0.055722
2.2 3.90862 0.533369 -0.263968 -0.0404513 0.0605433
2.22 2.96615 0.540027 -0.251812 -0.0547581 0.0653796
2.24 2.02529 0.548795 -0.240109 -0.0691111 0.0702307
2.26 0.0963235 0.558305 -0.22834 -0.0836235 0.0751113
2.28 -2.46688 0.566433 -0.215685 -0.098483 0.0800484
2.3 -2.15944 0.57124 -0.201402 -0.113858 0.0850657
2.32 -1.64948 0.572325 -0.185354 -0.129762 0.0901607
2.34 -2.77892 0.569767 -0.167599 -0.14616 0.0953227
2.36 -3.94767 0.562759 -0.14785 -0.163101 0.100555
2.38 -3.51201 0.55047 -0.125812 -0.180633 0.105859
2.4 -1.63692 0.533412 -0.101726 -0.198667 0.111215
2.42 -1.58978 0.512874 -0.0761427 -0.217037 0.11659
2.44 -3.14834 0.489054 -0.0491838 -0.235681 0.121965
2.46 -3.33744 0.461096 -0.020561 -0.254637 0.127343
2.48 -2.03554 0.428914 0.00970901 -0.273868 0.132708
2.5 -0.905271 0.393636 0.0411269 -0.293211 0.138028
2.52 0.30186 0.356751 0.073049 -0.312469 0.143263
2.54 1.92584 0.319868 0.104784 -0.331432 0.14837
2.56 2.60073 0.284582 0.135645 -0.34989 0.153308
2.58 2.38227 0.2518 0.165219 -0.367703 0.158046
2.6 3.11305 0.221909 0.193302 -0.384786 0.162565
2.62 2.33688 0.19514 0.219752 -0.401071 0.166845
2.64 -0.753364 0.170455 0.244931 -0.416616 0.170892
2.66 -1.89727 0.145603 0.269683 -0.431604 0.17473
2.68 -2.5347 0.11893 0.294616 -0.446157 0.178374
2.7 -3.27901 0.0896118 0.320011 -0.460316 0.181825
2.72 -3.09177 0.0571819 0.346007 -0.474087 0.185079
2.74 -4.58037 0.0212032 0.37273 -0.487472 0.188131
2.76 -4.73959 -0.0190682 0.400425 -0.500503 0.190981
2.78 -0.507867 -0.0628168 0.428721 -0.513054 0.193604
2.8 4.4019 -0.106108 0.456015 -0.524696 0.195921
2.82 6.76847 -0.144086 0.480343 -0.534906 0.197841
2.84 7.76601 -0.173574 0.50041 -0.543336 0.199303
2.86 6.99588 -0.193453 0.515738 -0.549844 0.200278
2.88 4.9215 -0.204418 0.526576 -0.554477 0.200771
2.9 4.23838 -0.208049 0.533529 -0.557373 0.200805
2.92 4.64275 -0.205206 0.536925 -0.55861 0.20039
2.94 4.5131 -0.195891 0.536764 -0.558185 0.199526
2.96 2.53249 -0.180652 0.533265 -0.556154 0.198222
2.98 1.99259 -0.16086 0.526978 -0.55266 0.196503
3 3.1222 -0.137118 0.518159 -0.547778 0.194383
3.02 1.35603 -0.109499 0.506857 -0.54153 0.191866
3.04 -3.5257 -0.0801737 0.493952 -0.534152 0.188996
3.06 -6.93998 -0.0535277 0.481203 -0.526101 0.185851
3.08 -5.55998 -0.0326108 0.469839 -0.517701 0.182487
3.1 -0.663688 -0.0162571 0.459425 -0.508859 0.178893
3.12 2.81509 -0.000288436 0.448338 -0.499185 0.175006
3.14 4.42034 0.019129 0.43509 -0.488325 0.170771
3.16 4.80609 0.0439781 0.418929 -0.476108 0.166162
3.18 2.74757 0.074278 0.39988 -0.462564 0.16119
3.2 1.53565 0.108516 0.378579 -0.447877 0.155889
3.22 1.7464 0.145362 0.355595 -0.432217 0.150292
3.24 2.45939 0.184688 0.331024 -0.41564 0.144415
3.26 2.94212 0.226994 0.30472 -0.39814 0.138264
3.28 2.7887 0.272599 0.276612 -0.379735 0.131846
3.3 1.01631 0.320913 0.246989 -0.360534 0.125186
3.32 -2.19777 0.369805 0.216751 -0.340799 0.118336
3.34 -4.89686 0.415992 0.187253 -0.320909 0.111366
3.36 -7.08562 0.456227 0.159835 -0.301238 0.104345
3.38 -7.54011 0.488218 0.135456 -0.28206 0.0973246
3.4 -6.9501 0.511143 0.114491 -0.263503 0.0903339
3.42 -3.89087 0.526016 0.09658 -0.245508 0.0833686
3.44 0.709801 0.536042 0.0804981 -0.227794 0.0763878
3.46 1.99025 0.545081 0.0647562 -0.210014 0.069339
3.48 2.38412 0.555267 0.0485448 -0.191992 0.0621982
3.5 1.39077 0.566864 0.0317931 -0.173733 0.0549721
3.52 -0.835116 0.578721 0.014989 -0.155387 0.0476908
3.54 -0.883904 0.589203 -0.00118829 -0.137147 0.0403927
3.56 -0.868562 0.597595 -0.0164246 -0.119118 0.0331005
3.58 -2.29007 0.603441 -0.0305081 -0.101378 0.0258326
3.6 -3.88402 0.60543 -0.042893 -0.0840851 0.0186208
3.62 -5.14329 0.601843 -0.0528758 -0.0674365 0.0115029
3.64 -4.66132 0.591621 -0.0600179 -0.0515607 0.00450496
3.66 -2.98277 0.575167 -0.0644627 -0.0364372 -0.00237209
3.68 -1.76635 0.55396 -0.0667828 -0.0219358 -0.0091461
3.7 0.559635 0.529887 -0.0677165 -0.00788254 -0.0158425
3.72 1.47825 0.504947 -0.0680476 0.0059096 -0.0224891
3.74 2.44505 0.48066 -0.0683734 0.0195816 -0.0291062
3.76 3.69817 0.458252 -0.0691745 0.0332452 -0.0357091
3.78 4.65658 0.439036 -0.0709653 0.0470203 -0.0423146
3.8 2.91497 0.423455 -0.073914 0.060939 -0.0489248
3.82 -0.928007 0.409691 -0.0772965 0.0748095 -0.0555042
3.84 -1.59564 0.394851 -0.0799627 0.0883331 -0.0619994
3.86 0.255424 0.377992 -0.0815339 0.101405 -0.0683898
3.88 1.5401 0.360387 -0.0825053 0.114138 -0.074691
3.9 0.396925 0.343008 -0.0832554 0.12662 -0.0809144
3.92 -0.677283 0.325283 -0.0835545 0.138783 -0.087046
3.94 0.387098 0.306598 -0.083157 0.15056 -0.0930714
3.96 2.22815 0.287821 -0.0824021 0.162027 -0.0990009
3.98 4.25304 0.270935 -0.0820705 0.173373 -0.104863
4 7.42137 0.258584 -0.0832003 0.18485 -0.110698
4.02 9.80415 0.253882 -0.0870139 0.196755 -0.116551
4.04 12.0037 0.259752 -0.0946514 0.209361 -0.122465
4.06 13.7 0.278613 -0.107047 0.222885 -0.128473
4.08 16.93 0.312954 -0.125151 0.237546 -0.134607
4.1 20.7418 0.366131 -0.150247 0.253635 -0.140911
4.12 22.4003 0.441614 -0.183644 0.271447 -0.147426
4.14 15.9412 0.539402 -0.225271 0.290919 -0.154138
4.16 4.29802 0.652643 -0.272337 0.311302 -0.160911
4.18 -6.11683 0.769468 -0.320061 0.331344 -0.167529
4.2 -14.9721 0.877667 -0.363529 0.349759 -0.173769
4.22 -15.4619 0.968715 -0.399287 0.365631 -0.179471
4.24 -11.7597 1.04062 -0.426468 0.378698 -0.184584
4.26 -12.5181 1.09498 -0.44564 0.389066 -0.189119
4.28 -18.2278 1.13064 -0.456305 0.396584 -0.193049
4.3 -25.3072 1.14197 -0.456209 0.400671 -0.196273
4.32 -33.6198 1.12081 -0.442133 0.400519 -0.198656
4.34 -36.4926 1.05955 -0.411097 0.395393 -0.200076
4.36 -35.1016 0.954701 -0.361778 0.384993 -0.200488
4.38 -11.8838 0.813196 -0.297001 0.370073 -0.200023
4.4 2.106 0.65322 -0.224058 0.35252 -0.199004
4.42 -0.186377 0.489284 -0.148805 0.333872 -0.197698
4.44 3.88 0.325686 -0.07308 0.314667 -0.196205
4.46 16.1284 0.168058 0.000752003 0.295574 -0.194647
4.48 27.8541 0.0284216 0.0678134 0.277889 -0.19325
4.5 34.4951 -0.0806545 0.123024 0.262949 -0.192247
4.52 37.5576 -0.150791 0.162979 0.251661 -0.191797
4.54 36.3407 -0.17847 0.186222 0.24443 -0.191972
4.56 30.1072 -0.165224 0.193319 0.241136 -0.192758
4.58 8.37945 -0.121283 0.1883 0.240776 -0.193987
4.6 -2.92451 -0.0643316 0.178154 0.241597 -0.195367
4.62 -14.9408 -0.0107466 0.169369 0.241963 -0.196625
4.64 -22.0124 0.0271249 0.166839 0.240639 -0.197554
4.66 -13.4093 0.0441429 0.172606 0.237109 -0.198068
4.68 -3.30059 0.0461213 0.184378 0.23195 -0.198265
4.7 -1.92461 0.0417819 0.198703 0.226032 -0.19829
4.72 -4.39318 0.0341495 0.214371 0.219671 -0.1982
4.74 2.15057 0.0241201 0.231007 0.212975 -0.198014
4.76 9.91492 0.0170376 0.246481 0.20649 -0.197827
4.78 13.4501 0.0203226 0.257848 0.200967 -0.197767
4.8 2.89795 0.0352194 0.264603 0.196542 -0.197857
4.82 -14.7 0.0515651 0.27075 0.192218 -0.197934
4.84 -24.4247 0.0533363 0.282601 0.186425 -0.197737
4.86 -31.8784 0.0277097 0.305194 0.177914 -0.197061
4.88 -30.0291 -0.0318065 0.341053 0.166078 -0.195808
4.9 -18.0537 -0.122679 0.389116 0.151219 -0.194034
4.92 -5.17343 -0.233512 0.444802 0.13453 -0.191946
4.94 3.40623 -0.350659 0.502628 0.117441 -0.189789
4.96 10.2601 -0.463177 0.558172 0.101116 -0.187767
4.98 14.6715 -0.563075 0.60818 0.0864266 -0.186033
5 21.3112 -0.643657 0.649919 0.0741082 -0.184717
5.02 31.5259 -0.696664 0.680057 0.0650362 -0.183972
5.04 38.5369 -0.712124 0.694609 0.0602365 -0.183971
5.06 38.0922 -0.683125 0.69083 0.0604084 -0.184835
5.08 37.5556 -0.608119 0.668123 0.0656942 -0.186587
5.1 35.8177 -0.488218 0.62698 0.0759438 -0.189197
5.12 32.9651 -0.325688 0.568385 0.090864 -0.192612
5.14 22.9139 -0.125965 0.494606 0.109822 -0.196717
5.16 10.3335 0.100218 0.410031 0.131637 -0.201306
5.18 0.021006 0.339184 0.320228 0.154826 -0.206118
5.2 -2.33344 0.580095 0.229658 0.178171 -0.210938
5.22 0.872262 0.818961 0.140084 0.201132 -0.215663
5.24 6.29825 1.05794 0.0508463 0.223773 -0.22029
5.26 20.6134 1.30463 -0.0408647 0.246694 -0.224906
5.28 22.5513 1.56883 -0.138712 0.270707 -0.229633
5.3 19.2509 1.85419 -0.24393 0.296013 -0.234491
5.32 18.1784 2.15837 -0.355374 0.322205 -0.239397
5.34 11.903 2.47726 -0.471186 0.348698 -0.244237
5.36 -0.987402 2.80243 -0.587804 0.374472 -0.248826
5.38 -19.5091 3.11854 -0.698926 0.397823 -0.252864
5.4 -30.0418 3.40737 -0.79714 0.416777 -0.256008
5.42 -21.3545 3.65934 -0.878454 0.430228 -0.258059
5.44 -11.7409 3.87859 -0.944326 0.43845 -0.259054
5.46 -19.5543 4.07043 -0.996692 0.441852 -0.259052
5.48 -34.4997 4.22837 -1.03288 0.439708 -0.257927
5.5 -44.4994 4.33831 -1.04723 0.430567 -0.255436
5.52 -51.3041 4.38797 -1.03486 0.413192 -0.251371
5.54 -54.6622 4.3695 -0.992693 0.386825 -0.245613
5.56 -57.4142 4.27831 -0.91897 0.351077 -0.238105
5.58 -60.8873 4.11111 -0.812531 0.305737 -0.228827
5.6 -54.8929 3.8673 -0.673333 0.250912 -0.217815
5.62 -39.0993 3.55456 -0.504658 0.187574 -0.205257
5.64 -19.158 3.19031 -0.313693 0.117704 -0.191509
5.66 2.23238 2.79773 -0.109939 0.0438843 -0.177034
5.68 6.26429 2.39712 0.0982183 -0.031567 -0.162253
5.7 1.82624 1.99673 0.307125 -0.107508 -0.147391
5.72 1.69325 1.5962 0.516532 -0.183648 -0.13253
5.74 1.62215 1.19518 0.726169 -0.259688 -0.117756
5.76 11.8009 0.797611 0.934095 -0.334915 -0.103222
5.78 18.0253 0.412169 1.13649 -0.408144 -0.0891599
5.8 11.1677 0.0444206 1.33077 -0.478512 -0.0757483
5.82 -9.66663 -0.312832 1.51941 -0.546421 -0.0629519
5.84 -27.1713 -0.677693 1.70919 -0.613359 -0.0505545
5.86 -27.6606 -1.06545 1.90577 -0.680533 -0.0383864
5.88 -17.9403 -1.47763 2.10938 -0.747785 -0.0265059
5.9 1.94501 -1.90195 2.31478 -0.813588 -0.0151997
5.92 13.9931 -2.31958 2.51416 -0.875766 -0.00486266
5.94 19.0739 -2.71529 2.70114 -0.932509 0.00417267
5.96 20.2867 -3.08132 2.87229 -0.98276 0.0117016
5.98 23.1582 -3.41374 3.02572 -1.02587 0.0175894
6 27.8427 -3.70835 3.1595 -1.06118 0.0217048
6.02 31.609 -3.9598 3.27125 -1.08796 0.0239062
6.04 19.8564 -4.16731 3.36046 -1.10597 0.0241371
6.06 -6.89265 -4.34379 3.43202 -1.11634 0.0225747
6.08 -18.6584 -4.51102 3.4944 -1.1211 0.01955
6.1 -22.7219 -4.68427 3.55348 -1.12168 0.0152917
6.12 -3.85189 -4.86343 3.6091 -1.11797 0.00977855
6.14 25.6168 -5.02988 3.65382 -1.10806 0.00268784
6.16 34.4882 -5.15825 3.67754 -1.08938 -0.00640838
6.18 34.8902 -5.23453 3.67468 -1.06054 -0.0177424
6.2 29.9114 -5.25724 3.64465 -1.0214 -0.0313295
6.22 19.7647 -5.23206 3.58975 -0.972578 -0.0470558
6.24 8.95452 -5.16955 3.51423 -0.915204 -0.0647165
6.26 1.7076 -5.08118 3.42275 -0.850542 -0.0840825
6.28 -10.61 -4.97812 3.31987 -0.779846 -0.104923
6.3 -21.0131 -4.87291 3.21074 -0.704523 -0.126978
6.32 -29.0365 -4.77778 3.10036 -0.625961 -0.14999
6.34 -25.553 -4.69971 2.99169 -0.545032 -0.173788
6.36 -1.96294 -4.63251 2.88247 -0.46131 -0.198415
6.38 9.00816 -4.5587 2.76601 -0.373256 -0.224099
6.4 18.2804 -4.46278 2.6364 -0.27954 -0.251032
6.42 24.0772 -4.33495 2.48999 -0.179412 -0.279307
6.44 24.4367 -4.16955 2.32483 -0.0725571 -0.308941
6.46 20.0501 -3.96651 2.14118 0.0407587 -0.339853
6.48 3.8612 -3.73361 1.94243 0.159471 -0.371823
6.5 -8.65201 -3.48578 1.73483 0.281784 -0.40451
6.52 -15.9079 -3.23778 1.52457 0.405906 -0.437569
6.54 -19.808 -2.99932 1.31585 0.530539 -0.470739
6.56 -13.8534 -2.77377 1.11039 0.655011 -0.503862
6.58 4.28623 -2.55432 0.905873 0.779659 -0.536949
6.6 13.3949 -2.32689 0.697101 0.905536 -0.57013
6.62 14.0437 -2.08154 0.480533 1.03328 -0.603465
6.64 8.6103 -1.81762 0.256302 1.16261 -0.636861
6.66 1.78178 -1.54087 0.027073 1.2926 -0.670114
6.68 -0.0811759 -1.2582 -0.204019 1.42219 -0.703001
6.7 3.04656 -0.972626 -0.435371 1.55072 -0.735362
6.72 11.1268 -0.681429 -0.667636 1.67809 -0.767131
6.74 14.8564 -0.378859 -0.902664 1.80448 -0.798292
6.76 5.14594 -0.0641516 -1.14033 1.9296 -0.828748
6.78 -9.54007 0.25299 -1.37638 2.05211 -0.858226
6.8 -19.2497 0.557549 -1.60447 2.17015 -0.886371
6.82 -27.395 0.83643 -1.81903 2.28208 -0.912862
6.84 -33.1972 1.07962 -2.01572 2.38658 -0.937435
6.86 -35.051 1.28015 -2.19144 2.48263 -0.959884
6.88 -30.4738 1.43595 -2.34508 2.56977 -0.980092
6.9 -25.6337 1.55 -2.47755 2.64804 -0.998037
6.92 -24.0715 1.62647 -2.59026 2.71765 -1.01372
6.94 -22.4064 1.66783 -2.684 2.77867 -1.02714
6.96 -12.8431 1.67801 -2.76018 2.83136 -1.0383
6.98 -1.21906 1.66625 -2.82232 2.87649 -1.04733
7 6.6897 1.64422 -2.87494 2.91515 -1.05438
7.02 10.1695 1.6208 -2.92147 2.94812 -1.05957
7.04 3.62449 1.59838 -2.96279 2.97557 -1.06293
7.06 -8.25651 1.57074 -2.99641 2.99686 -1.06433
7.08 -10.0828 1.52862 -3.01863 3.01102 -1.06361
7.1 -3.31199 1.46953 -3.02847 3.01779 -1.06072
7.12 3.88662 1.39904 -3.02812 3.01772 -1.05575
7.14 11.2623 1.32552 -3.02092 3.01166 -1.04883
7.16 17.1823 1.25715 -3.01014 3.00043 -1.04012
7.18 14.5848 1.1989 -2.99776 2.98456 -1.0297
7.2 3.45322 1.14788 -2.98271 2.96382 -1.01754
7.22 -1.63528 1.09559 -2.96167 2.93741 -1.00351
7.24 -2.30672 1.03582 -2.93228 2.90477 -0.987527
7.26 -2.5784 0.966807 -2.8939 2.86581 -0.969585
7.28 0.530076 0.889295 -2.84693 2.82068 -0.949723
7.3 4.93956 0.806494 -2.79273 2.7698 -0.928025
7.32 6.10601 0.722429 -2.73302 2.71368 -0.904592
7.34 6.44504 0.639399 -2.66883 2.65267 -0.879501
7.36 11.475 0.559651 -2.60118 2.58712 -0.852831
7.38 16.0378 0.487763 -2.53204 2.51762 -0.8247
7.4 18.537 0.428791 -2.46352 2.44481 -0.795237
7.42 16.8921 0.385244 -2.39678 2.36908 -0.764529
7.44 3.93929 0.353354 -2.33045 2.2902 -0.73256
7.46 -7.11853 0.32216 -2.26036 2.20723 -0.699199
7.48 -14.447 0.279611 -2.18189 2.11912 -0.664297
7.5 -21.9135 0.216351 -2.09152 2.02512 -0.627754
7.52 -25.4498 0.125207 -1.9866 1.9247 -0.589511
7.54 -26.2868 0.00208858 -1.86573 1.81766 -0.549569
7.56 -17.8428 -0.151645 -1.72969 1.70437 -0.508023
7.58 -1.04117 -0.32601 -1.58268 1.58607 -0.465116
7.6 12.516 -0.504405 -1.43154 1.46466 -0.421206
7.62 25.7299 -0.669778 -1.28329 1.34211 -0.37666
7.64 34.9227 -0.807394 -1.14404 1.22013 -0.331807
7.66 37.5259 -0.906905 -1.01812 1.10002 -0.286899
7.68 36.4262 -0.964082 -0.907471 0.98243 -0.242085
7.7 27.6249 -0.981056 -0.811454 0.86737 -0.197403
7.72 16.8771 -0.966125 -0.726988 0.754218 -0.152783
7.74 6.77043 -0.930823 -0.649688 0.642016 -0.108098
7.76 -1.37748 -0.88636 -0.575284 0.529826 -0.0632262
7.78 -4.65699 -0.841248 -0.500561 0.416972 -0.0180852
7.8 -6.35688 -0.80017 -0.423815 0.303154 0.0273419
7.82 -7.36227 -0.765281 -0.344341 0.188327 0.0730306
7.84 -6.99351 -0.737471 -0.261941 0.0725725 0.118934
7.86 -3.42008 -0.715692 -0.177184 -0.0438314 0.164972
7.88 -0.0230905 -0.69669 -0.0915148 -0.160385 0.211029
7.9 -3.01997 -0.678223 -0.00598036 -0.276689 0.257002
7.92 -9.63421 -0.662834 0.0802573 -0.392812 0.302871
7.94 -13.6828 -0.656247 0.169289 -0.509137 0.348664
7.96 -12.5298 -0.662233 0.262429 -0.625849 0.394379
7.98 -10.4255 -0.680514 0.359388 -0.742729 0.439945
8 -5.91766 -0.708043 0.458778 -0.85928 0.485243
8.02 0.363809 -0.739581 0.558338 -0.974783 0.530118
8.04 2.34311 -0.769404 0.655619 -1.08847 0.574409
8.06 1.02668 -0.794717 0.749328 -1.19988 0.618003
8.08 -2.15474 -0.816419 0.839637 -1.3089 0.660848
8.1 -7.336 -0.838023 0.927752 -1.41569 0.702939
8.12 -12.6494 -0.864777 1.01557 -1.52059 0.744299
8.14 -15.5653 -0.90188 1.10496 -1.62392 0.784953
8.16 -17.8769 -0.952992 1.19719 -1.72587 0.824897
8.18 -18.5592 -1.02023 1.29292 -1.82645 0.864105
8.2 -16.9792 -1.10392 1.39206 -1.92551 0.902518
8.22 -13.0625 -1.20189 1.49358 -2.02264 0.940037
8.24 -10.7748 -1.31041 1.59579 -2.11726 0.976537
8.26 -12.2746 -1.42709 1.69755 -2.20895 1.01191
8.28 -13.2369 -1.55204 1.79867 -2.29751 1.04611
8.3 -11.4745 -1.68533 1.89899 -2.38275 1.07905
8.32 -6.65364 -1.82441 1.99729 -2.46423 1.11065
8.34 -1.81839 -1.96419 2.09135 -2.54125 1.14076
8.36 2.36198 -2.09886 2.17869 -2.61306 1.16923
8.38 7.07362 -2.22287 2.25693 -2.67894 1.19592
8.4 10.0559 -2.33106 2.32386 -2.73823 1.22068
8.42 11.8351 -2.41952 2.3778 -2.79039 1.24342
8.44 11.3694 -2.48626 2.41783 -2.83512 1.26406
8.46 7.50796 -2.53194 2.44412 -2.8724 1.2826
8.48 -0.164363 -2.561 2.45835 -2.90258 1.29907
8.5 -7.95479 -2.58113 2.4635 -2.92638 1.31358
8.52 -14.8371 -2.60098 2.46294 -2.9446 1.32628
8.54 -20.6031 -2.62838 2.45973 -2.95801 1.33727
8.56 -25.1628 -2.6699 2.45645 -2.96722 1.34665
8.58 -27.2603 -2.73036 2.45498 -2.97269 1.35451
8.6 -28.2547 -2.81245 2.45634 -2.97466 1.36088
8.62 -24.177 -2.916 2.46043 -2.9731 1.36575
8.64 -5.40287 -3.03334 2.4642 -2.96722 1.36899
8.66 8.77839 -3.14813 2.46115 -2.95539 1.37033
8.68 18.7746 -3.24368 2.44467 -2.93595 1.3695
8.7 31.146 -3.30641 2.4094 -2.90757 1.36627
8.72 37.2916 -3.32445 2.35071 -2.86912 1.36048
8.74 37.023 -3.29082 2.2659 -2.81999 1.35203
8.76 26.1233 -3.20723 2.15577 -2.76047 1.34099
8.78 11.8251 -3.08448 2.02477 -2.69178 1.32758
8.8 5.87897 -2.9361 1.87844 -2.61546 1.31208
8.82 4.15303 -2.77063 1.72039 -2.53256 1.29471
8.84 4.60789 -2.5912 1.55213 -2.44364 1.27559
8.86 6.47929 -2.39808 1.37404 -2.34897 1.25478
8.88 8.06309 -2.19022 1.18603 -2.24874 1.23237
8.9 8.62461 -1.96668 0.988042 -2.14313 1.20842
8.92 8.4873 -1.72743 0.78041 -2.03246 1.18303
8.94 7.88928 -1.4733 0.563828 -1.91713 1.15629
8.96 5.94595 -1.20604 0.339364 -1.79764 1.12835
8.98 0.251535 -0.929414 0.108898 -1.67473 1.09937
9 -6.95466 -0.650208 -0.124491 -1.54943 1.06956
9.02 -10.8784 -0.376219 -0.357315 -1.42287 1.03917
9.04 -14.2044 -0.113605 -0.586735 -1.29602 1.0084
9.06 -11.7044 0.134472 -0.811103 -1.16956 0.977418
9.08 -2.43334 0.370372 -1.03095 -1.0436 0.946286
9.1 5.55072 0.601699 -1.2489 -0.917764 0.914986
9.12 11.4581 0.836681 -1.4678 -0.79157 0.883488
9.14 14.4455 1.08112 -1.68957 -0.6648 0.8518
9.16 12.6773 1.33716 -1.91464 -0.537595 0.819994
9.18 6.36331 1.60199 -2.14152 -0.410589 0.788224
9.2 -0.0357793 1.86879 -2.36712 -0.284817 0.756708
9.22 -4.26645 2.12999 -2.58805 -0.161383 0.725679
9.24 -5.66985 2.38007 -2.80175 -0.0411818 0.695331
9.26 -2.96685 2.61701 -3.00703 0.0752437 0.665801
9.28 3.19864 2.84299 -3.20438 0.187781 0.63715
9.3 10.4523 3.06372 -3.39572 0.296675 0.60938
9.32 16.1125 3.28609 -3.58341 0.4023 0.582469
9.34 20.6742 3.51609 -3.76948 0.504943 0.556408
9.36 23.3325 3.75804 -3.9553 0.604731 0.531217
9.38 23.756 4.01417 -4.14141 0.701586 0.506944
9.4 17.6875 4.283 -4.32689 0.795063 0.483704
9.42 8.21773 4.55763 -4.50867 0.884185 0.461694
9.44 1.55469 4.82815 -4.68252 0.967684 0.441163
9.46 -2.13233 5.08616 -4.8448 1.04445 0.422327
9.48 -3.94729 5.32635 -4.99311 1.11371 0.405347
9.5 -4.10399 5.54591 -5.12607 1.17494 0.39034
9.52 -3.59036 5.74376 -5.243 1.22782 0.377382
9.54 -2.08527 5.92004 -5.34374 1.27218 0.366525
9.56 -0.641569 6.07571 -5.42847 1.30794 0.357799
9.58 -1.0121 6.21151 -5.49731 1.33505 0.351231
9.6 -2.23729 6.32693 -5.54995 1.35334 0.346858
9.62 -4.46203 6.42023 -5.58557 1.36255 0.344733
9.64 -6.61119 6.48893 -5.60314 1.36239 0.344911
9.66 -7.9271 6.5306 -5.60165 1.35258 0.347438
9.68 -7.39706 6.54394 -5.58058 1.33299 0.352335
9.7 -5.13093 6.52955 -5.54021 1.30373 0.359578
9.72 -2.52061 6.48972 -5.48148 1.26507 0.369111
9.74 -2.76579 6.4267 -5.4054 1.21733 0.380867
9.76 -5.41867 6.34058 -5.31212 1.16063 0.394809
9.78 -8.19207 6.22925 -5.20098 1.09493 0.410925
9.8 -9.89602 6.09022 -5.07118 1.02014 0.429202
9.82 -9.61073 5.92226 -4.92247 0.936364 0.4496
9.84 -7.02573 5.72631 -4.75547 0.843918 0.472032
9.86 -5.27686 5.50507 -4.57156 0.743335 0.496374
9.88 -4.73636 5.26113 -4.37209 0.635164 0.522498
9.9 -4.62253 4.9961 -4.15802 0.519879 0.550283
9.92 -3.38897 4.71136 -3.93031 0.397958 0.579606
9.94 -1.67265 4.40904 -3.69018 0.26997 0.610325
9.96 -1.61153 4.0914 -3.43898 0.136521 0.642291
9.98 -4.16982 3.75921 -3.17743 -0.00191539 0.675373
10 -5.74036 3.41158 -2.90567 -0.145013 0.709464
10.02 -3.63346 3.04851 -2.62418 -0.292338 0.744436
10.04 0.454614 2.67304 -2.33466 -0.443145 0.780109
10.06 3.89878 2.29026 -2.03965 -0.596476 0.816264
10.08 7.48282 1.90553 -1.74177 -0.751335 0.852677
10.1 9.37413 1.52362 -1.44345 -0.906782 0.889131
10.12 11.8852 1.14852 -1.14679 -1.06195 0.925421
10.14 14.3201 0.784076 -0.853834 -1.216 0.961347
10.16 17.081 0.434326 -0.566696 -1.36806 0.996706
10.18 16.5217 0.102483 -0.287149 -1.51737 1.03131
10.2 2.17352 -0.214084 -0.0146505 -1.66375 1.06508
10.22 -3.19727 -0.524368 0.253867 -1.80765 1.09803
10.24 -5.80505 -0.835382 0.520696 -1.94935 1.13014
10.26 -7.14131 -1.14959 0.786341 -2.08867 1.16135
10.28 -5.11788 -1.46695 1.05032 -2.2252 1.19152
10.3 -3.81538 -1.78533 1.31133 -2.35831 1.2205
10.32 -2.34304 -2.10198 1.56783 -2.48732 1.24812
10.34 -2.2671 -2.41469 1.8185 -2.61163 1.27423
10.36 0.45419 -2.72126 2.06202 -2.73062 1.29868
10.38 4.18726 -3.01808 2.29656 -2.84357 1.32131
10.4 8.07615 -3.3002 2.51976 -2.94963 1.34192
10.42 10.4227 -3.56277 2.7293 -3.04798 1.36034
10.44 12.1846 -3.80201 2.92334 -3.13794 1.37642
10.46 12.2247 -4.01549 3.10059 -3.21896 1.39002
10.48 11.358 -4.20227 3.26037 -3.2907 1.40106
10.5 7.64753 -4.36333 3.40281 -3.35301 1.40948
10.52 2.64961 -4.50199 3.52897 -3.40602 1.41528
10.54 -0.904374 -4.62281 3.64044 -3.44999 1.41849
10.56 -3.40792 -4.7296 3.73856 -3.48514 1.41911
10.58 -4.32958 -4.82477 3.82411 -3.51158 1.41715
10.6 -3.07624 -4.90892 3.8972 -3.52926 1.41259
10.62 -0.930369 -4.98072 3.9572 -3.53795 1.40538
10.64 1.68506 -5.03759 4.003 -3.53733 1.39547
10.66 4.23845 -5.07652 4.03335 -3.52706 1.38278
10.68 4.87785 -5.09498 4.04724 -3.50686 1.36729
10.7 3.90188 -5.09211 4.04431 -3.47667 1.34897
10.72 0.828067 -5.0692 4.02511 -3.43665 1.32786
10.74 -3.89077 -5.02974 3.99108 -3.3872 1.30405
10.76 -7.36823 -4.9785 3.94416 -3.32888 1.27764
10.78 -8.85581 -4.91944 3.88605 -3.26218 1.24872
10.8 -9.14213 -4.85473 3.81771 -3.18745 1.21739
10.82 -9.31146 -4.78524 3.73965 -3.10492 1.18369
10.84 -8.81257 -4.71127 3.65214 -3.01478 1.14769
10.86 -6.53007 -4.63222 3.55513 -2.91715 1.10943
10.88 -3.59142 -4.54607 3.44802 -2.81202 1.06895
10.9 -0.192071 -4.44985 3.32984 -2.6993 1.02626
10.92 2.13475 -4.34043 3.19961 -2.57893 0.981386
10.94 3.34119 -4.21558 3.05669 -2.45092 0.934372
10.96 4.26467 -4.07411 2.9009 -2.31543 0.885286
10.98 4.25002 -3.91568 2.73239 -2.17272 0.834213
11 2.39165 -3.74112 2.55184 -2.02318 0.781266
11.02 0.12191 -3.55278 2.36051 -1.86737 0.726588
11.04 -2.41355 -3.3539 2.16004 -1.70596 0.670343
11.06 -5.81544 -3.14826 1.95232 -1.53968 0.612707
11.08 -8.71942 -2.94011 1.73941 -1.36934 0.553868
11.1 -11.2346 -2.73356 1.52333 -1.19571 0.494014
11.12 -12.7162 -2.53205 1.30587 -1.01954 0.433325
11.14 -12.3731 -2.33779 1.08829 -0.841418 0.371961
11.16 -10.7858 -2.15126 0.871197 -0.661797 0.310054
11.18 -6.16892 -1.9708 0.654352 -0.480902 0.247701
11.2 2.07627 -1.79159 0.436263 -0.298651 0.18495
11.22 6.91261 -1.60685 0.214659 -0.114769 0.121813
11.24 8.86365 -1.41153 -0.0120297 0.0708406 0.0583361
11.26 8.873 -1.20383 -0.244085 0.257948 -0.00538146
11.28 7.03381 -0.984472 -0.480787 0.446066 -0.0691961
11.3 4.3235 -0.756082 -0.720657 0.634513 -0.132931
11.32 -1.40777 -0.523212 -0.961448 0.822414 -0.196378
11.34 -5.90217 -0.29206 -1.20026 1.00873 -0.2593
11.36 -8.37076 -0.0683923 -1.43437 1.19246 -0.321469
11.38 -8.95005 0.144115 -1.6619 1.37284 -0.382693
11.4 -7.95727 0.343946 -1.8818 1.5493 -0.442819
11.42 -1.0837 0.532766 -2.09434 1.72162 -0.50175
11.44 4.58329 0.715774 -2.30114 1.88993 -0.559451
11.46 5.17629 0.89772 -2.50371 2.05431 -0.615881
11.48 3.20752 1.07935 -2.70194 2.21449 -0.670938
11.5 -2.89275 1.2573 -2.89414 2.36977 -0.724452
11.52 -6.89844 1.42567 -3.07763 2.51922 -0.776219
11.54 -8.01719 1.57947 -3.25007 2.66203 -0.826052
11.56 -7.04055 1.71661 -3.41033 2.79767 -0.873816
11.58 -4.46189 1.83758 -3.55829 2.9259 -0.919427
11.6 -1.84376 1.94443 -3.69448 3.04665 -0.96283
11.62 -0.325849 2.03943 -3.81954 3.15989 -1.00398
11.64 1.34868 2.12432 -3.9339 3.26556 -1.04284
11.66 1.99532 2.20034 -4.03785 3.36357 -1.07934
11.68 1.5364 2.26791 -4.13133 3.45376 -1.11345
11.7 0.605683 2.3264 -4.21393 3.53588 -1.14508
11.72 0.150636 2.37475 -4.28506 3.60968 -1.17416
11.74 0.791797 2.41242 -4.34437 3.67496 -1.20065
11.76 2.25524 2.4399 -4.39193 3.73164 -1.2245
11.78 4.06737 2.4586 -4.4282 3.77976 -1.24572
11.8 5.61395 2.47034 -4.45381 3.81942 -1.26429
11.82 6.83504 2.47681 -4.46938 3.85073 -1.28022
11.84 7.67875 2.47936 -4.47538 3.87376 -1.29353
11.86 7.40723 2.47874 -4.47209 3.88857 -1.30421
11.88 6.8621 2.47485 -4.45947 3.89512 -1.31225
11.9 7.79364 2.46762 -4.43748 3.89342 -1.31766
11.92 9.13638 2.45783 -4.40647 3.88356 -1.32045
11.94 10.1282 2.44687 -4.36701 3.8657 -1.32065
11.96 11.2872 2.43613 -4.3197 3.84005 -1.3183
11.98 11.9177 2.42681 -4.26509 3.80677 -1.31344
12 10.6037 2.41933 -4.20342 3.76598 -1.30611
12.02 6.55868 2.41206 -4.13413 3.71762 -1.2963
12.04 3.02948 2.40137 -4.05589 3.66143 -1.28399
12.06 1.05041 2.38364 -3.9674 3.59716 -1.26915
12.08 1.31467 2.35694 -3.86803 3.52476 -1.25181
12.1 3.02432 2.32154 -3.75805 3.44442 -1.232
12.12 4.2483 2.27909 -3.63828 3.35646 -1.20983
12.14 5.41509 2.23138 -3.50961 3.26125 -1.18537
12.16 6.51372 2.18005 -3.3729 3.15916 -1.15872
12.18 6.44991 2.12635 -3.22886 3.05052 -1.12997
12.2 5.43668 2.07058 -3.07785 2.9356 -1.0992
12.22 5.15324 2.01239 -2.91997 2.8146 -1.06649
12.24 5.70723 1.95184 -2.75551 2.68779 -1.03191
12.26 6.47536 1.88974 -2.58506 2.5555 -0.995566
12.28 4.7773 1.82659 -2.40909 2.41807 -0.957557
12.3 0.622574 1.76082 -2.22727 2.27563 -0.917949
12.32 -3.30915 1.68881 -2.03848 2.12811 -0.87678
12.34 -5.92567 1.60675 -1.84152 1.97545 -0.834088
12.36 -7.9278 1.51189 -1.63565 1.8177 -0.789931
12.38 -8.54027 1.40262 -1.42057 1.65504 -0.744392
12.4 -8.27536 1.27863 -1.19652 1.48779 -0.697579
12.42 -6.39604 1.14101 -0.964307 1.31642 -0.649627
12.44 -5.11387 0.991894 -0.725174 1.14152 -0.600693
12.46 -4.93823 0.833267 -0.480305 0.963684 -0.550933
12.48 -4.59808 0.666364 -0.230609 0.783433 -0.500495
12.5 -4.19331 0.492242 0.0230697 0.601279 -0.449527
12.52 -3.33236 0.312194 0.279784 0.417765 -0.398181
12.54 -2.68217 0.127746 0.53849 0.233465 -0.346615
12.56 -1.60368 -0.0594261 0.798081 0.0489664 -0.294991
12.58 -0.281084 -0.247387 1.05735 -0.135113 -0.243474
12.6 0.982868 -0.433952 1.31497 -0.318133 -0.192234
12.62 1.06843 -0.617243 1.56978 -0.499485 -0.141436
12.64 -1.34152 -0.796813 1.82115 -0.678707 -0.0912185
12.66 -4.58083 -0.974241 2.06926 -0.855541 -0.041686
12.68 -6.77389 -1.15201 2.31468 -1.02983 0.00707382
12.7 -7.93197 -1.33196 2.55769 -1.20134 0.054964
12.72 -8.73153 -1.5149 2.79821 -1.36976 0.101873
12.74 -9.01046 -1.70101 3.03587 -1.53471 0.147678
12.76 -8.04879 -1.88969 3.27004 -1.69574 0.19225
12.78 -6.56119 -2.07933 3.49966 -1.85231 0.235441
12.8 -4.32122 -2.26744 3.72336 -2.0038 0.277093
12.82 -2.61189 -2.45112 3.93961 -2.14956 0.317046
12.84 -1.48184 -2.62773 4.14698 -2.28898 0.355145
12.86 -0.728692 -2.79528 4.34433 -2.42151 0.391253
12.88 -0.323108 -2.95227 4.53072 -2.54669 0.425246
12.9 -0.136669 -3.09763 4.7054 -2.66412 0.457011
12.92 -1.70049 -3.23103 4.86795 -2.77346 0.486455
12.94 -3.82136 -3.35345 5.01847 -2.87457 0.513512
12.96 -6.09047 -3.46676 5.15743 -2.96737 0.538135
12.98 -7.85829 -3.57297 5.28538 -3.05183 0.560289
13 -7.16073 -3.67316 5.40253 -3.12787 0.579926
13.02 -3.73899 -3.76608 5.50818 -3.19516 0.596968
13.04 0.156798 -3.84811 5.60073 -3.25318 0.611304
13.06 2.05466 -3.91517 5.67841 -3.30139 0.62282
13.08 3.54825 -3.96437 5.73994 -3.33937 0.631433
13.1 4.86828 -3.99373 5.78445 -3.36684 0.637081
13.12 6.02394 -4.00162 5.81121 -3.38356 0.639714
13.14 6.81706 -3.9867 5.81966 -3.38936 0.6393
13.16 6.82594 -3.9482 5.80949 -3.38417 0.635823
13.18 5.50963 -3.88635 5.78082 -3.36803 0.629291
13.2 3.6121 -3.80261 5.73429 -3.34113 0.619745
13.22 2.53653 -3.699 5.67079 -3.30376 0.607241
13.24 1.88265 -3.57717 5.59109 -3.25619 0.59184
13.26 2.1197 -3.43808 5.49573 -3.19865 0.573596
13.28 2.59167 -3.28206 5.38503 -3.13133 0.552566
13.3 3.41735 -3.10899 5.25914 -3.05443 0.528801
13.32 3.88869 -2.91864 5.11822 -2.96812 0.502364
13.34 4.2693 -2.71096 4.96251 -2.87264 0.473325
13.36 4.54388 -2.48614 4.79239 -2.76828 0.441765
13.38 4.04696 -2.24474 4.60839 -2.65537 0.40778
13.4 3.13833 -1.98795 4.41133 -2.53435 0.371483
13.42 3.27144 -1.7172 4.20214 -2.4057 0.332996
13.44 4.12756 -1.43323 3.98151 -2.26982 0.292439
13.46 5.22524 -1.13608 3.74987 -2.12711 0.249922
13.48 6.3661 -0.82544 3.50752 -1.97792 0.205558
13.5 5.92541 -0.501412 3.25496 -1.82268 0.159471
13.52 5.2878 -0.165097 2.99311 -1.6619 0.111807
13.54 5.43494 0.182025 2.72302 -1.49619 0.0627221
13.56 5.83845 0.538909 2.44561 -1.32609 0.0123694
13.58 5.82702 0.904737 2.16174 -1.15216 -0.0390975
13.6 4.3786 1.27809 1.87248 -0.975007 -0.0915122
13.62 1.06212 1.65602 1.57954 -0.795416 -0.144681
13.64 -1.88826 2.0342 1.28517 -0.614305 -0.198384
13.66 -3.2637 2.40843 0.991594 -0.432582 -0.252404
13.68 -4.35021 2.77558 0.700571 -0.25105 -0.306543
13.7 -5.35633 3.13323 0.413614 -0.0704391 -0.360611
13.72 -6.33117 3.47908 0.132157 0.10854 -0.414425
13.74 -7.67792 3.81082 -0.14236 0.285183 -0.467804
13.76 -8.7725 4.12604 -0.408475 0.458786 -0.520567
13.78 -8.78118 4.4227 -0.664894 0.6287 -0.572543
13.8 -7.46532 4.69994 -0.91079 0.794398 -0.623586
13.82 -5.87875 4.95805 -1.14583 0.955493 -0.673571
13.84 -4.87904 5.19778 -1.36987 1.11166 -0.722387
13.86 -5.0113 5.41933 -1.58257 1.26252 -0.769919
13.88 -4.60988 5.62229 -1.78338 1.40768 -0.816047
13.9 -4.49577 5.80618 -1.97174 1.54673 -0.860655
13.92 -5.41872 5.9703 -2.14701 1.67929 -0.90363
13.94 -4.74547 6.11374 -2.30852 1.80496 -0.94486
13.96 -2.30488 6.23682 -2.4561 1.92348 -0.984261
13.98 0.858581 6.34159 -2.59027 2.0348 -1.02178
14 3.83753 6.43103 -2.71196 2.13897 -1.0574
14.02 6.16985 6.50808 -2.82211 2.23605 -1.09109
14.04 6.9037 6.57484 -2.92133 2.32606 -1.12282
14.06 5.69875 6.63176 -3.00963 2.40885 -1.15254
14.08 2.42483 6.67718 -3.08617 2.48411 -1.18017
14.1 -1.94112 6.70738 -3.14935 2.5513 -1.20559
14.12 -4.14897 6.71811 -3.19736 2.6099 -1.22871
14.14 -4.43397 6.70665 -3.22904 2.65954 -1.24943
14.16 -3.77456 6.67235 -3.24408 2.70007 -1.26773
14.18 -2.77614 6.61582 -3.24267 2.73152 -1.28359
14.2 -1.16828 6.5384 -3.22534 2.75399 -1.29703
14.22 2.15374 6.44241 -3.19303 2.76773 -1.30808
14.24 4.67266 6.33119 -3.14711 2.7731 -1.3168
14.26 5.45292 6.20763 -3.0888 2.77042 -1.32324
14.28 5.2496 6.07316 -3.01877 2.75992 -1.32746
14.3 3.63442 5.92777 -2.93712 2.7417 -1.32948
14.32 0.840531 5.77005 -2.84344 2.71572 -1.3293
14.34 -1.15525 5.59777 -2.73702 2.6819 -1.32691
14.36 -1.20871 5.40942 -2.61746 2.64025 -1.32235
14.38 -1.00144 5.205 -2.48495 2.59094 -1.31565
14.4 -1.48464 4.98503 -2.33993 2.53421 -1.30688
14.42 -2.53987 4.7496 -2.18271 2.47031 -1.2961
14.44 -4.20355 4.49817 -2.01334 2.3994 -1.28338
14.46 -5.35869 4.22984 -1.83178 2.32166 -1.26876
14.48 -4.45644 3.9445 -1.6383 2.23736 -1.25233
14.5 -3.61074 3.64339 -1.43374 2.14692 -1.23419
14.52 -3.19158 3.32824 -1.21915 2.05083 -1.21446
14.54 -1.36875 3.00097 -0.995674 1.9496 -1.19327
14.56 0.582979 2.66426 -0.764765 1.84384 -1.17076
14.58 2.61222 2.3213 -0.528104 1.73424 -1.14708
14.6 4.77681 1.97544 -0.287437 1.62149 -1.1224
14.62 5.90998 1.62985 -0.044444 1.50627 -1.09688
14.64 3.97769 1.28625 0.199756 1.38915 -1.07065
14.66 1.27212 0.94407 0.444947 1.27044 -1.04382
14.68 -0.51724 0.601678 0.69133 1.15037 -1.01647
14.7 -1.70701 0.257921 0.938916 1.02922 -0.988701
14.72 -1.78414 -0.0874156 1.18734 0.907354 -0.960611
14.74 -2.13502 -0.43381 1.43596 0.785214 -0.932329
14.76 -3.26888 -0.7808 1.68412 0.663239 -0.903975
14.78 -3.08318 -1.12807 1.93127 0.541852 -0.875668
14.8 0.0703111 -1.47392 2.17629 0.421612 -0.847549
14.82 5.45038 -1.81391 2.41697 0.303343 -0.819804
14.84 10.063 -2.14172 2.65039 0.188049 -0.792647
14.86 11.9113 -2.45162 2.87388 0.0766625 -0.766278
14.88 11.0744 -2.74057 3.08582 -0.0301617 -0.740851
14.9 7.11357 -3.0088 3.28592 -0.132111 -0.71646
14.92 2.70835 -3.25931 3.47501 -0.229163 -0.693148
14.94 0.471209 -3.49567 3.65415 -0.321371 -0.670945
14.96 -0.94736 -3.72016 3.82392 -0.408673 -0.649895
14.98 -2.54623 -3.93402 3.98451 -0.490924 -0.630059
15 -5.16994 -4.13871 4.13619 -0.568012 -0.611486
15.02 -7.58369 -4.33629 4.27951 -0.6399 -0.594213
15.04 -7.96696 -4.52844 4.41487 -0.706524 -0.578279
15.06 -4.28266 -4.71445 4.54174 -0.767602 -0.563757
15.08 1.10919 -4.89022 4.65828 -0.822527 -0.550773
15.1 2.57173 -5.05065 4.76226 -0.870613 -0.539463
15.12 0.900512 -5.19338 4.85255 -0.911462 -0.529913
15.14 -2.13908 -5.31942 4.9294 -0.945031 -0.522148
15.16 -4.86203 -5.43144 4.99371 -0.971462 -0.516158
15.18 -5.44478 -5.53176 5.04627 -0.990879 -0.511934
15.2 -5.22409 -5.62116 5.08729 -1.00328 -0.509485
15.22 -5.35115 -5.69951 5.11664 -1.00858 -0.508831
15.24 -5.07504 -5.76654 5.13415 -1.00671 -0.509987
15.26 -3.93251 -5.82164 5.13955 -0.997589 -0.512969
15.28 -2.84539 -5.86367 5.13236 -0.981087 -0.517797
15.3 -1.45212 -5.89119 5.11202 -0.957078 -0.524487
15.32 0.2855 -5.90256 5.07791 -0.925435 -0.533054
15.34 0.376794 -5.89639 5.02953 -0.886073 -0.543501
15.36 -0.751227 -5.87253 4.96691 -0.839055 -0.555806
15.38 -2.1651 -5.83215 4.8906 -0.784599 -0.569916
15.4 -3.11893 -5.77687 4.80136 -0.722982 -0.585767
15.42 -2.74162 -5.70776 4.69978 -0.654454 -0.603296
15.44 -1.64515 -5.62485 4.58603 -0.57918 -0.622452
15.46 -1.76817 -5.52776 4.46016 -0.497302 -0.643184
15.48 -2.56923 -5.41685 4.32251 -0.409056 -0.665425
15.5 -2.3442 -5.29296 4.17366 -0.314744 -0.689092
15.52 -1.94028 -5.15653 4.01403 -0.214645 -0.714106
15.54 -3.0762 -5.00809 3.84411 -0.109063 -0.740381
15.56 -4.14717 -4.84901 3.66472 0.00159536 -0.76781
15.58 -4.05263 -4.68078 3.47676 0.116901 -0.796282
15.6 -2.62018 -4.50383 3.28073 0.236515 -0.8257
15.62 -0.208681 -4.31724 3.07659 0.360217 -0.855983
15.64 1.47788 -4.11936 2.86405 0.487846 -0.887059
15.66 2.70149 -3.90887 2.64294 0.619199 -0.918849
15.68 2.8479 -3.68526 2.41346 0.753979 -0.951255
15.7 2.14692 -3.44904 2.17619 0.891771 -0.984159
15.72 1.43223 -3.20158 1.93208 1.03207 -1.01742
15.74 1.61507 -2.94426 1.68211 1.17436 -1.05091
15.76 2.62938 -2.67775 1.42697 1.31817 -1.0845
15.78 2.46916 -2.40232 1.1672 1.46309 -1.11805
15.8 1.74095 -2.1189 0.903621 1.60861 -1.15144
15.82 1.95714 -1.82879 0.637208 1.7542 -1.18452
15.84 2.61792 -1.53284 0.368749 1.89935 -1.21715
15.86 2.44094 -1.2316 0.0989309 2.0436 -1.24919
15.88 0.554488 -0.92648 -0.171221 2.18638 -1.2805
15.9 -3.63558 -0.620802 -0.439932 2.32696 -1.3109
15.92 -6.61534 -0.319353 -0.704849 2.46444 -1.34019
15.94 -6.34838 -0.0259339 -0.964015 2.59804 -1.36819
15.96 -3.22237 0.258722 -1.21669 2.72729 -1.39476
15.98 1.63472 0.536994 -1.46339 2.85204 -1.41983
16 5.33275 0.812773 -1.70522 2.9723 -1.44336
16.02 7.81615 1.08944 -1.94309 3.08803 -1.46528
16.04 7.93165 1.36866 -2.17725 3.19903 -1.48552
16.06 5.663 1.64971 -2.40703 3.30488 -1.50397
16.08 2.73866 1.92961 -2.63084 3.40495 -1.52048
16.1 1.57024 2.20483 -2.84693 3.49854 -1.53489
16.12 0.862022 2.47283 -3.0539 3.5851 -1.54707
16.14 -0.679269 2.73162 -3.25064 3.66411 -1.55689
16.16 -3.62469 2.97848 -3.43573 3.73503 -1.56424
16.18 -6.14585 3.20983 -3.60745 3.79724 -1.56898
16.2 -6.80894 3.4225 -3.76426 3.85017 -1.57098
16.22 -3.33842 3.61576 -3.90561 3.89354 -1.57018
16.24 2.44279 3.79252 -4.03243 3.92744 -1.56657
16.26 5.04883 3.95739 -4.14631 3.95216 -1.56018
16.28 6.92717 4.11359 -4.24835 3.96785 -1.55101
16.3 8.18209 4.26291 -4.3391 3.97458 -1.53908
16.32 9.23172 4.40652 -4.41886 3.97235 -1.52436
16.34 9.89429 4.5452 -4.48784 3.96114 -1.50686
16.36 9.39056 4.67915 -4.54601 3.94092 -1.48656
16.38 5.12818 4.80672 -4.59263 3.91145 -1.46343
16.4 -0.198978 4.9235 -4.62589 3.87227 -1.43739
16.42 -1.9594 5.02441 -4.64377 3.82288 -1.40836
16.44 -1.2778 5.10691 -4.64523 3.76304 -1.37632
16.46 0.763467 5.17133 -4.63044 3.69283 -1.34129
16.48 3.21724 5.2197 -4.60024 3.61251 -1.30333
16.5 4.54903 5.25436 -4.55562 3.5224 -1.26253
16.52 5.76173 5.27717 -4.49743 3.42282 -1.21894
16.54 8.114 5.28997 -4.4265 3.31409 -1.17267
16.56 8.41323 5.29465 -4.34373 3.19655 -1.12378
16.58 2.93026 5.29061 -4.24906 3.07033 -1.07235
16.6 -5.83908 5.27244 -4.14054 2.9351 -1.01836
16.62 -10.7078 5.2323 -4.0153 2.79032 -0.961739
16.64 -12.5738 5.16461 -3.87137 2.63568 -0.9025
16.66 -7.88179 5.0686 -3.70874 2.4714 -0.84072
16.68 2.42126 4.94987 -3.52993 2.29834 -0.776595
16.7 9.29243 4.81821 -3.33914 2.11781 -0.710396
16.72 13.296 4.68227 -3.14014 1.93102 -0.642384
16.74 13.7361 4.54705 -2.93529 1.73883 -0.572762
16.76 9.05881 4.41318 -2.72523 1.5417 -0.501666
16.78 1.46514 4.2765 -2.50871 1.3396 -0.429155
16.8 -3.06776 4.13058 -2.2836 1.1323 -0.355256
16.82 -4.44691 3.97085 -2.04854 0.91978 -0.280031
16.84 -3.41739 3.79618 -1.80351 0.702352 -0.2036
16.86 -0.560433 3.60832 -1.54967 0.480638 -0.126138
16.88 1.62346 3.41059 -1.28879 0.25543 -0.0478494
16.9 3.2906 3.20636 -1.0227 0.0275322 0.0310596
16.92 3.07695 2.99794 -0.752814 -0.202343 0.110395
16.94 0.268383 2.78572 -0.479777 -0.433671 0.189995
16.96 -2.92256 2.56792 -0.203404 -0.666133 0.26973
16.98 -4.5774 2.34225 0.0766877 -0.899456 0.349478
17 -5.04466 2.10759 0.360426 -1.13325 0.429098
17.02 -4.24427 1.86429 0.647133 -1.36696 0.50842
17.04 -3.45307 1.61382 0.935696 -1.59995 0.587258
17.06 -3.64946 1.35775 1.22496 -1.83153 0.665423
17.08 -4.59223 1.09683 1.51408 -2.06112 0.74274
17.1 -4.80571 0.831371 1.80241 -2.28817 0.81904
17.12 -4.14775 0.562102 2.0891 -2.51209 0.89415
17.14 -2.79239 0.29069 2.37296 -2.73223 0.967883
17.16 -1.70065 0.0193761 2.65259 -2.94784 1.04004
17.18 -0.806471 -0.249614 2.92656 -3.15822 1.11044
17.2 1.05082 -0.51398 3.19347 -3.36265 1.17888
17.22 4.03527 -0.770619 3.45159 -3.56036 1.24517
17.24 5.62412 -1.01593 3.69901 -3.75052 1.30911
17.26 4.09691 -1.24772 3.9344 -3.9325 1.37052
17.28 1.5834 -1.46635 4.15746 -4.1059 1.42927
17.3 -2.01246 -1.67397 4.36861 -4.27054 1.48528
17.32 -5.36516 -1.87364 4.56866 -4.42634 1.53847
17.34 -7.35741 -2.0682 4.75835 -4.57322 1.5888
17.36 -6.99092 -2.25902 4.93786 -4.71098 1.63615
17.38 -4.38143 -2.44504 5.10642 -4.83919 1.68044
17.4 -1.88409 -2.62335 5.26257 -4.95727 1.7215
17.42 -1.00262 -2.79089 5.4048 -5.06463 1.7592
17.44 -1.22493 -2.94598 5.53216 -5.16084 1.79343
17.46 -2.095 -3.08824 5.64427 -5.24564 1.82413
17.48 -2.48505 -3.2179 5.74098 -5.31885 1.85122
17.5 -0.789998 -3.33457 5.82194 -5.38024 1.87465
17.52 1.53075 -3.43635 5.88625 -5.42949 1.89433
17.54 3.69343 -3.52051 5.93268 -5.46618 1.9102
17.56 5.10359 -3.58447 5.96013 -5.48999 1.92217
17.58 5.55499 -3.62651 5.96783 -5.50067 1.93019
17.6 4.95515 -3.64604 5.95554 -5.49814 1.93426
17.62 3.48149 -3.64367 5.92348 -5.48247 1.93438
17.64 1.50071 -3.62106 5.87236 -5.45386 1.9306
17.66 0.835128 -3.58006 5.80298 -5.41257 1.92296
17.68 2.49265 -3.52134 5.71572 -5.35875 1.91151
17.7 4.13743 -3.4439 5.61033 -5.29245 1.89627
17.72 2.39886 -3.34711 5.48672 -5.21377 1.87729
17.74 -1.12688 -3.23289 5.34587 -5.12309 1.85465
17.76 -2.58314 -3.10461 5.18934 -5.02097 1.82849
17.78 -0.0836801 -2.96389 5.01804 -4.90782 1.7989
17.8 4.08725 -2.80902 4.8316 -4.78374 1.76594
17.82 6.22045 -2.63682 4.62908 -4.64874 1.72966
17.84 4.50219 -2.44601 4.41033 -4.50299 1.69013
17.86 -0.0712521 -2.23894 4.17666 -4.34711 1.64751
17.88 -2.75359 -2.02028 3.93032 -4.18193 1.60199
17.9 -4.21146 -1.79409 3.67335 -4.00825 1.55376
17.92 -4.93713 -1.56302 3.40723 -3.82676 1.503
17.94 -4.87999 -1.32871 3.1331 -3.63805 1.44986
17.96 -4.8235 -1.09219 2.85183 -3.44269 1.39452
17.98 -4.86706 -0.854289 2.56425 -3.24121 1.33712
18 -4.97605 -0.615934 2.27123 -3.03419 1.27783
18.02 -4.69994 -0.378014 1.97364 -2.8222 1.21681
18.04 -3.81875 -0.141047 1.6722 -2.60579 1.15424
18.06 -1.36116 0.0953597 1.36729 -2.38542 1.09026
18.08 1.82444 0.332887 1.05879 -2.16143 1.02501
18.1 3.26703 0.57358 0.746436 -1.93414 0.95861
18.12 2.21139 0.817956 0.430567 -1.70402 0.89122
18.14 0.290102 1.06433 0.112411 -1.47177 0.823034
18.16 -1.16984 1.30991 -0.206373 -1.23818 0.754266
18.18 -2.41821 1.55199 -0.524155 -1.00407 0.68513
18.2 -3.03187 1.78832 -0.839485 -0.770196 0.615829
18.22 -2.87384 2.0173 -1.15117 -0.537235 0.546559
18.24 -1.9575 2.2382 -1.45839 -0.30579 0.477498
18.26 -0.380034 2.45115 -1.76064 -0.076363 0.408807
18.28 2.04486 2.65718 -2.05779 0.150633 0.340633
18.3 4.55563 2.85801 -2.35 0.374865 0.273107
18.32 6.38852 3.0555 -2.63748 0.596022 0.206356
18.34 7.71769 3.25098 -2.92026 0.813747 0.140514
18.36 7.20652 3.44482 -3.19798 1.0276 0.075728
18.38 4.31088 3.63546 -3.46953 1.23694 0.0121733
18.4 0.560399 3.81924 -3.73299 1.44096 -0.0499426
18.42 -0.541159 3.99207 -3.98629 1.63881 -0.11041
18.44 -0.613704 4.15152 -4.228 1.82981 -0.16905
18.46 -0.2855 4.29663 -4.45733 2.01346 -0.225716
18.48 0.798754 4.42727 -4.67382 2.18934 -0.280278
18.5 2.62633 4.54409 -4.87734 2.35715 -0.332627
18.52 4.36448 4.64844 -5.06807 2.51667 -0.382673
18.54 4.57312 4.74139 -5.24608 2.66767 -0.430324
18.56 3.22133 4.82274 -5.411 2.80984 -0.475478
18.58 0.555794 4.89058 -5.56176 2.94268 -0.518009
18.6 -1.21237 4.94211 -5.697 3.06566 -0.557784
18.62 -2.8468 4.97476 -5.81548 3.17829 -0.594683
18.64 -4.32347 4.9864 -5.91613 3.28015 -0.628599
18.66 -5.24115 4.97525 -5.9981 3.37088 -0.659441
18.68 -5.33817 4.94023 -6.0608 3.45021 -0.68714
18.7 -4.18203 4.8813 -6.10411 3.51804 -0.711652
18.72 -3.55024 4.79931 -6.12831 3.57435 -0.732956
18.74 -4.3419 4.69485 -6.13359 3.61914 -0.751039
18.76 -5.19641 4.56757 -6.1198 3.65236 -0.76588
18.78 -4.90106 4.41709 -6.08683 3.67398 -0.777468
18.8 -3.54817 4.24403 -6.035 3.68409 -0.785817
18.82 -1.83289 4.05016 -5.9651 3.68294 -0.79097
18.84 -0.326915 3.83773 -5.87817 3.67085 -0.792987
18.86 -0.201232 3.60868 -5.77512 3.64813 -0.79193
18.88 -1.12051 3.36381 -5.65648 3.61503 -0.787853
18.9 -1.6239 3.10312 -5.52246 3.57172 -0.780803
18.92 -0.420538 2.82708 -5.37351 3.51845 -0.770844
18.94 3.70117 2.53815 -5.21087 3.4557 -0.758079
18.96 7.23745 2.24087 -5.03664 3.38417 -0.742653
18.98 8.36751 1.93959 -4.85285 3.30457 -0.724714
19 8.03317 1.63672 -4.6608 3.21741 -0.704384
19.02 6.80048 1.3329 -4.46109 3.12307 -0.681758
19.04 3.56166 1.02724 -4.25375 3.02177 -0.656915
19.06 -0.398413 0.717254 -4.03817 2.91361 -0.629909
19.08 -3.60404 0.3997 -3.81346 2.79861 -0.600787
19.1 -6.14626 0.0717802 -3.57895 2.67685 -0.569608
19.12 -7.67543 -0.268375 -3.33432 2.54853 -0.536453
19.14 -8.46643 -0.621607 -3.07969 2.41397 -0.501422
19.16 -8.37683 -0.987749 -2.8156 2.27358 -0.464639
19.18 -8.28931 -1.36587 -2.54289 2.1279 -0.426245
19.2 -7.04967 -1.75443 -2.26268 1.9775 -0.386395
19.22 -5.07057 -2.15096 -1.97645 1.8231 -0.345263
19.24 -2.0976 -2.55194 -1.68613 1.66551 -0.303043
19.26 2.32884 -2.95262 -1.39411 1.50566 -0.259953
19.28 5.35742 -3.34752 -1.1031 1.34457 -0.216223
19.3 5.95107 -3.73229 -0.81536 1.18315 -0.172064
19.32 4.85005 -4.10487 -0.532222 1.02207 -0.12765
19.34 4.32592 -4.46474 -0.25441 0.861855 -0.0831279
19.36 3.83158 -4.81158 0.0174331 0.702983 -0.0386379
19.38 2.23105 -5.14524 0.282744 0.545922 0.00568319
19.4 0.645346 -5.4662 0.54123 0.391062 0.0497125
19.42 0.958953 -5.77477 0.792532 0.238802 0.0933266
19.44 1.44337 -6.07011 1.03586 0.0896404 0.136387
19.46 0.328989 -6.35127 1.2704 -0.0559228 0.178755
19.48 -0.320188 -6.61805 1.49562 -0.197477 0.22031
19.5 -0.762303 -6.87042 1.71111 -0.334644 0.260939
19.52 -1.77259 -7.10833 1.91645 -0.467054 0.300529
19.54 -2.26497 -7.33187 2.1113 -0.594372 0.338978
19.56 -0.0960325 -7.54027 2.29498 -0.716192 0.376172
19.58 2.6899 -7.73095 2.46615 -0.831949 0.411975
19.6 3.45324 -7.90083 2.62327 -0.941046 0.446246
19.62 4.34824 -8.04785 2.76523 -1.04301 0.478868
19.64 7.93179 -8.16975 2.89089 -1.13738 0.509728
19.66 10.1947 -8.26312 2.99867 -1.22359 0.538702
19.68 11.7832 -8.32482 3.08712 -1.30114 0.565678
19.7 9.1176 -8.3538 3.15567 -1.36977 0.590585
19.72 -1.16314 -8.35393 3.20572 -1.42973 0.613445
19.74 -9.21214 -8.33415 3.24069 -1.48181 0.63437
19.76 -13.7972 -8.30336 3.26404 -1.5268 0.653478
19.78 -14.8701 -8.26686 3.27779 -1.56516 0.670834
19.8 -9.62254 -8.2251 3.2821 -1.5969 0.686429
19.82 -2.12949 -8.17328 3.27506 -1.62153 0.700171
19.84 -0.217222 -8.1051 3.2542 -1.6384 0.711951
19.86 -2.45484 -8.01809 3.21857 -1.6473 0.721728
19.88 -5.90358 -7.91419 3.16899 -1.64845 0.729542
19.9 -5.37578 -7.79615 3.10662 -1.64218 0.73545
19.92 -0.292843 -7.66349 3.03139 -1.62852 0.739464
19.94 3.71742 -7.51231 2.94188 -1.60719 0.741547
19.96 7.28875 -7.33822 2.83651 -1.57788 0.74166
19.98 9.21053 -7.13792 2.71417 -1.54042 0.739788
20 9.43025 -6.90975 2.57442 -1.49482 0.735951
20.02 6.72935 -6.65444 2.41778 -1.44136 0.730219
20.04 0.74871 -6.3759 2.24609 -1.38064 0.722718
20.06 -3.96218 -6.08049 2.06214 -1.31356 0.713623
20.08 -6.22606 -5.77413 1.8686 -1.24096 0.703107
20.1 -9.1854 -5.46117 1.66754 -1.16358 0.691324
20.12 -7.53786 -5.14438 1.4604 -1.08198 0.678402
20.14 1.986 -4.82181 1.24677 -0.996282 0.664398
20.16 10.0231 -4.48609 1.02414 -0.906087 0.649281
20.18 13.9813 -4.12962 0.78991 -0.810984 0.633022
20.2 15.5451 -3.74838 0.542904 -0.710932 0.615656
20.22 9.27647 -3.34318 0.283894 -0.606387 0.597301
20.24 -2.16232 -2.92164 0.0163418 -0.498495 0.578194
20.26 -10.5136 -2.49574 -0.254544 -0.388844 0.558646
20.28 -15.1605 -2.07612 -0.52408 -0.278896 0.538948
20.3 -16.2992 -1.66939 -0.789181 -0.169714 0.519324
20.32 -11.3625 -1.27726 -1.04869 -0.0618716 0.499917
20.34 -0.33745 -0.89513 -1.30397 0.0446869 0.480763
20.36 6.85866 -0.51424 -1.558 0.150436 0.461828
20.38 8.52378 -0.127852 -1.81298 0.25565 0.443113
20.4 6.08637 0.265275 -2.06897 0.360063 0.424706
20.42 0.404507 0.661469 -2.32404 0.462924 0.406778
20.44 -2.75317 1.05473 -2.57537 0.563253 0.389537
20.46 -2.38003 1.44061 -2.82076 0.660228 0.373162
20.48 -0.414873 1.81789 -3.05929 0.753359 0.357778
20.5 -1.34629 2.18651 -3.2905 0.842276 0.343487
20.52 -5.838 2.54417 -3.51308 0.926402 0.330425
20.54 -9.2456 2.88605 -3.72473 1.00493 0.318765
20.56 -9.41097 3.20788 -3.92338 1.07711 0.308665
20.58 -7.53426 3.50825 -4.10812 1.14252 0.30023
20.6 -5.85737 3.78785 -4.27889 1.20095 0.293525
20.62 -6.08059 4.04735 -4.43566 1.2522 0.288609
20.64 -6.11189 4.2864 -4.57801 1.29602 0.28555
20.66 -5.73955 4.50437 -4.70544 1.33214 0.284415
20.68 -3.08326 4.70165 -4.81788 1.36041 0.285246
20.7 1.0645 4.88054 -4.91605 1.3809 0.288048
20.72 3.1892 5.04436 -5.00106 1.39379 0.292802
20.74 2.91121 5.19501 -5.07355 1.39917 0.299506
20.76 2.89844 5.33258 -5.1334 1.39695 0.308181
20.78 5.09566 5.45726 -5.1806 1.38707 0.31884
20.8 7.36039 5.57069 -5.2157 1.36963 0.331468
20.82 8.54664 5.6749 -5.23946 1.34481 0.346035
20.84 6.88755 5.77052 -5.25207 1.31265 0.362531
20.86 2.4911 5.85548 -5.25271 1.27295 0.380982
20.88 -2.25906 5.92527 -5.23959 1.22527 0.401451
20.9 -5.85693 5.97472 -5.2107 1.16917 0.424002
20.92 -7.76529 5.9998 -5.16451 1.10431 0.448676
20.94 -7.02118 5.99863 -5.10036 1.03059 0.475467
20.96 -5.39133 5.97166 -5.01854 0.948196 0.504328
20.98 -2.95045 5.92094 -4.92 0.85747 0.535172
21 0.935323 5.84971 -4.80622 0.758914 0.567887
21.02 2.89504 5.76181 -4.67891 0.653107 0.602346
21.04 1.3876 5.65941 -4.53915 0.54049 0.63844
21.06 -1.62326 5.54176 -4.3869 0.421232 0.676104
21.08 -3.69385 5.40653 -4.22152 0.295368 0.715292
21.1 -3.73448 5.25217 -4.0427 0.16303 0.755939
21.12 -2.9591 5.07885 -3.85083 0.0245398 0.797947
21.14 -2.16987 4.88784 -3.64676 -0.119649 0.841193
21.16 -1.12347 4.6808 -3.43151 -0.26903 0.885543
21.18 0.550565 4.45976 -3.20628 -0.423038 0.93085
21.2 2.3714 4.22728 -2.97247 -0.581046 0.976956
21.22 3.25651 3.98593 -2.73152 -0.742406 1.0237
21.24 2.68866 3.7374 -2.48454 -0.906551 1.07093
21.26 1.54991 3.48214 -2.23214 -1.07303 1.1185
21.28 0.91406 3.22 -1.97472 -1.24142 1.16631
21.3 0.554725 2.95107 -1.71279 -1.41131 1.2142
21.32 0.300128 2.67578 -1.44697 -1.58221 1.26205
21.34 -0.067422 2.39469 -1.17797 -1.75363 1.3097
21.36 -1.23759 2.10812 -0.906402 -1.9251 1.35703
21.38 -3.8612 1.81547 -0.632508 -2.09622 1.4039
21.4 -6.78308 1.51501 -0.356101 -2.26673 1.4502
21.42 -6.34317 1.2054 -0.0771488 -2.43629 1.49582
21.44 0.53573 0.889043 0.202903 -2.60422 1.54059
21.46 6.63893 0.572801 0.480845 -2.76939 1.58424
21.48 6.76334 0.263225 0.753598 -2.9307 1.62655
21.5 0.55235 -0.038655 1.02027 -3.08761 1.66736
21.52 -4.96381 -0.337014 1.28202 -3.2401 1.70661
21.54 -3.60654 -0.635484 1.53982 -3.3881 1.74423
21.56 1.70209 -0.932398 1.79256 -3.53103 1.78006
21.58 4.96334 -1.22243 2.03767 -3.66797 1.81391
21.6 4.33154 -1.50144 2.27311 -3.79812 1.84559
21.62 2.91871 -1.76839 2.49802 -3.92101 1.87497
21.64 2.69427 -2.02351 2.71212 -4.03628 1.90195
21.66 4.22235 -2.2661 2.91474 -4.14355 1.92641
21.68 4.1853 -2.4946 3.10491 -4.24234 1.94823
21.7 1.62728 -2.70862 3.28214 -4.33232 1.96733
21.72 -1.52645 -2.9099 3.44682 -4.41337 1.98365
21.74 -1.44134 -3.10036 3.5994 -4.48544 1.99714
21.76 2.25562 -3.2792 3.73932 -4.54823 2.00774
21.78 5.95661 -3.44267 3.86486 -4.60114 2.0153
21.8 6.41362 -3.58695 3.97428 -4.64361 2.01973
21.82 4.74654 -3.71077 4.0669 -4.67537 2.02095
21.84 1.43861 -3.81554 4.14314 -4.69643 2.01895
21.86 -1.98599 -3.90435 4.20408 -4.70697 2.01375
21.88 -3.81758 -3.9804 4.25089 -4.70725 2.00539
21.9 -4.71185 -4.04579 4.28433 -4.69742 1.99388
21.92 -5.21956 -4.10156 4.30476 -4.67756 1.97925
21.94 -3.89821 -4.14775 4.31217 -4.64765 1.96148
21.96 -0.223638 -4.1826 4.30588 -4.60754 1.94057
21.98 2.48413 -4.20279 4.28461 -4.55694 1.91648
22 2.93922 -4.20557 4.24731 -4.49565 1.88917
22.02 1.01094 -4.19053 4.19391 -4.42372 1.85869
22.04 -1.50774 -4.15948 4.12524 -4.34145 1.8251
22.06 -0.990133 -4.11448 4.04225 -4.24918 1.78848
22.08 0.280463 -4.0558 3.94521 -4.1471 1.7489
22.1 -0.528558 -3.98307 3.83418 -4.03538 1.7064
22.12 -2.24235 -3.8972 3.70971 -3.91432 1.66109
22.14 -3.18608 -3.80005 3.5728 -3.78434 1.61306
22.16 -2.55295 -3.69289 3.42419 -3.64582 1.56242
22.18 -0.0383657 -3.57533 3.26404 -3.49902 1.50926
22.2 3.70681 -3.44515 3.09176 -3.344 1.45364
22.22 6.08795 -3.2993 2.90648 -3.18079 1.3956
22.24 6.3223 -3.13581 2.70779 -3.00954 1.33524
22.26 5.58273 -2.95471 2.49606 -2.83062 1.27266
22.28 5.53074 -2.75705 2.27211 -2.6445 1.208
22.3 5.00951 -2.54395 2.03682 -2.45172 1.14142
22.32 3.39386 -2.31697 1.79123 -2.25285 1.07308
22.34 -0.275478 -2.07905 1.53698 -2.04862 1.00315
22.36 -4.56535 -1.83486 1.27639 -1.83994 0.931867
22.38 -7.06306 -1.58954 1.01197 -1.6278 0.859458
22.4 -6.72381 -1.34653 0.74559 -1.41301 0.786131
22.42 -3.33781 -1.10626 0.47791 -1.19608 0.712042
22.44 -0.757475 -0.866808 0.208682 -0.977313 0.637314
22.46 -1.45272 -0.626786 -0.062135 -0.757051 0.562076
22.48 -3.82039 -0.38741 -0.333552 -0.535901 0.486503
22.5 -4.31614 -0.151268 -0.604037 -0.314607 0.410791
22.52 -2.09627 0.0804417 -0.87261 -0.0937716 0.335116
22.54 -0.402025 0.308485 -1.13907 0.126196 0.259618
22.56 0.230497 0.533813 -1.40328 0.344908 0.184434
22.58 0.737012 0.756584 -1.66482 0.561905 0.109714
22.6 1.2656 0.976592 -1.9231 0.776694 0.0356101
22.62 2.08118 1.1937 -2.17759 0.988794 -0.0377253
22.64 2.35453 1.4078 -2.42777 1.19773 -0.110144
22.66 1.62433 1.61828 -2.67292 1.403 -0.181492
22.68 -0.0132217 1.82354 -2.91194 1.60399 -0.251601
22.7 -0.991247 2.02136 -3.14351 1.80005 -0.320296
22.72 -0.930428 2.21001 -3.36651 1.99058 -0.387413
22.74 -0.517043 2.38863 -3.58017 2.1751 -0.452809
22.76 -0.558704 2.55679 -3.78392 2.35317 -0.51635
22.78 -0.226368 2.71405 -3.97719 2.52437 -0.577908
22.8 0.943393 2.86032 -4.15958 2.68832 -0.637367
22.82 1.27557 2.99588 -4.33085 2.84473 -0.694622
22.84 0.84815 3.12062 -4.49062 2.99325 -0.749566
22.86 -0.118749 3.23362 -4.63821 3.13349 -0.802087
22.88 -1.25839 3.3334 -4.77277 3.26503 -0.852068
22.9 -1.37433 3.4186 -4.89349 3.38746 -0.899402
22.92 -0.672983 3.48866 -4.9999 3.5005 -0.944001
22.94 -0.269579 3.54375 -5.09187 3.60394 -0.985799
22.96 -0.311877 3.58403 -5.16926 3.69762 -1.02473
22.98 -0.457947 3.60936 -5.23186 3.78136 -1.06075
23 -0.0959524 3.61957 -5.27947 3.85499 -1.09379
23.02 0.603622 3.61493 -5.31209 3.91844 -1.12382
23.04 1.18138 3.59605 -5.32988 3.97166 -1.15083
23.06 1.45668 3.56354 -5.33303 4.01465 -1.17479
23.08 1.04555 3.51764 -5.3216 4.04741 -1.19569
23.1 0.485365 3.45813 -5.29551 4.06988 -1.21351
23.12 0.251001 3.38463 -5.25463 4.08204 -1.22826
23.14 0.352765 3.29705 -5.19898 4.08392 -1.23993
23.16 0.899104 3.19578 -5.12879 4.07561 -1.24855
23.18 1.62447 3.08166 -5.0445 4.05728 -1.25414
23.2 2.58895 2.95585 -4.94671 4.02915 -1.25676
23.22 3.34623 2.81972 -4.8361 3.99148 -1.25647
23.24 3.66358 2.67449 -4.71332 3.94455 -1.25332
23.26 3.35801 2.5209 -4.57889 3.88859 -1.24738
23.28 2.09722 2.35898 -4.43302 3.82382 -1.2387
23.3 1.07409 2.18815 -4.27573 3.75037 -1.22735
23.32 0.803961 2.00791 -4.10709 3.66844 -1.21336
23.34 1.02578 1.81846 -3.92745 3.57829 -1.19684
23.36 1.14818 1.62049 -3.73739 3.48027 -1.17785
23.38 0.905279 1.41473 -3.53751 3.37472 -1.15651
23.4 0.173335 1.20152 -3.3283 3.26199 -1.13291
23.42 -0.958225 0.980758 -3.11007 3.14239 -1.10714
23.44 -2.30071 0.751926 -2.88298 3.0162 -1.0793
23.46 -3.10372 0.514454 -2.64719 2.88373 -1.04948
23.48 -2.93813 0.26833 -2.40311 2.74532 -1.01779
23.5 -2.34037 0.0144132 -2.1515 2.60146 -0.984364
23.52 -1.64594 -0.245857 -1.89335 2.45267 -0.949341
23.54 -0.994528 -0.51085 -1.62976 2.29953 -0.912872
23.56 -0.620108 -0.778995 -1.36179 2.14259 -0.875106
23.58 -0.548944 -1.04897 -1.09044 1.98242 -0.836195
23.6 -0.569628 -1.31971 -0.816596 1.81955 -0.796285
23.62 -0.43707 -1.59028 -0.541102 1.6545 -0.755525
23.64 -0.257783 -1.85961 -0.26485 1.48782 -0.714064
23.66 0.115513 -2.12656 0.0112204 1.32006 -0.672055
23.68 0.566477 -2.38981 0.286113 1.15179 -0.629653
23.7 0.877414 -2.64799 0.558815 0.983572 -0.587015
23.72 1.14065 -2.89984 0.828348 0.815982 -0.544296
23.74 1.52539 -3.14412 1.09376 0.649567 -0.501646
23.76 2.45863 -3.37942 1.35403 0.484892 -0.459221
23.78 3.09071 -3.60407 1.60806 0.322538 -0.417175
23.8 2.79724 -3.81672 1.85486 0.163046 -0.375657
23.82 1.59962 -4.01694 2.09385 0.00685573 -0.334796
23.84 0.804046 -4.20499 2.32471 -0.145674 -0.294707
23.86 0.986241 -4.38092 2.54707 -0.294177 -0.255505
23.88 1.46283 -4.54407 2.76028 -0.438228 -0.217312
23.9 1.00161 -4.6936 2.96365 -0.577401 -0.18025
23.92 -0.539384 -4.82951 3.15682 -0.711367 -0.144422
23.94 -1.89153 -4.95265 3.33982 -0.839897 -0.109911
23.96 -2.98021 -5.06407 3.51272 -0.962798 -0.0767955
23.98 -3.79625 -5.16454 3.67556 -1.07987 -0.0451501
24 -4.01496 -5.25448 3.8282 -1.19088 -0.0150524
24.02 -2.98953 -5.33355 3.97027 -1.29555 0.0134132
24.04 -1.18792 -5.40034 4.10097 -1.39351 0.0401497
24.06 -0.551159 -5.45301 4.21936 -1.48438 0.0650587
24.08 -1.29082 -5.4906 4.32485 -1.56785 0.088062
24.1 -1.99213 -5.51333 4.41737 -1.64378 0.109107
24.12 -1.57258 -5.52151 4.49687 -1.71206 0.128149
24.14 0.367618 -5.5144 4.56295 -1.77247 0.145132
24.16 2.24706 -5.49014 4.61477 -1.82472 0.159989
24.18 3.27523 -5.44674 4.65145 -1.86853 0.172656
24.2 4.20348 -5.38283 4.67242 -1.90371 0.183089
24.22 5.16269 -5.29737 4.67725 -1.93013 0.191255
24.24 5.22082 -5.18969 4.66566 -1.94769 0.197135
24.26 3.12165 -5.0603 4.6379 -1.95647 0.200737
24.28 0.367798 -4.91145 4.59494 -1.95674 0.202107
24.3 -0.97773 -4.74608 4.53801 -1.94885 0.201308
24.32 -0.83146 -4.5661 4.46799 -1.93308 0.198392
24.34 0.3261 -4.37192 4.38519 -1.90958 0.193396
24.36 1.50751 -4.16297 4.28955 -1.87843 0.186343
24.38 1.89436 -3.93866 4.18103 -1.83972 0.177266
24.4 2.44942 -3.69884 4.05977 -1.79362 0.16621
24.42 3.09215 -3.44352 3.92603 -1.74032 0.153227
24.44 3.22893 -3.1728 3.78009 -1.68005 0.138379
24.46 2.61994 -2.88733 3.6225 -1.6131 0.121742
24.48 1.11329 -2.5886 3.45414 -1.53988 0.103412
24.5 -0.107191 -2.27884 3.27621 -1.46088 0.0835014
24.52 -0.579197 -1.96014 3.08989 -1.37659 0.0621255
24.54 -0.509141 -1.634 2.8961 -1.28746 0.0393941
24.56 -0.819527 -1.30149 2.69564 -1.19391 0.015414
24.58 -1.23578 -0.963818 2.48938 -1.09639 -0.00970282
24.6 -1.19005 -0.622229 2.27818 -0.995346 -0.0358403
24.62 -1.1598 -0.277764 2.06285 -0.891232 -0.0628835
24.64 -1.76297 0.0684674 1.84425 -0.784503 -0.0907141
24.66 -3.06675 0.414778 1.62344 -0.675683 -0.119202
24.68 -3.73164 0.759072 1.40166 -0.565335 -0.148211
24.7 -2.85203 1.09987 1.17992 -0.453967 -0.177611
24.72 -1.15563 1.43701 0.958701 -0.341955 -0.207296
24.74 -0.228007 1.77102 0.738195 -0.229606 -0.237171
24.76 -0.339066 2.10196 0.518804 -0.117277 -0.267132
24.78 -0.464467 2.42903 0.301245 -0.00540272 -0.297062
24.8 -0.482387 2.7512 0.0863387 0.10556 -0.326842
24.82 -0.421031 3.0675 -0.125138 0.215165 -0.356354
24.84 -0.96635 3.37691 -0.33238 0.322965 -0.385481
24.86 -2.26466 3.67786 -0.534386 0.428468 -0.414098
24.88 -2.97514 3.96838 -0.729998 0.531148 -0.442076
24.9 -2.32838 4.24703 -0.918284 0.630543 -0.4693
24.92 -0.741545 4.51363 -1.09882 0.726327 -0.495676
24.94 0.499005 4.76889 -1.27154 0.818271 -0.521129
24.96 0.769195 5.0133 -1.43633 0.906141 -0.545584
24.98 -0.000908085 5.24645 -1.59271 0.989626 -0.568955
25 -0.743135 5.46711 -1.73988 1.06834 -0.591148
25.02 -1.17131 5.67385 -1.87703 1.14191 -0.612066
25.04 -0.931734 5.86569 -2.00351 1.21001 -0.631629
25.06 0.0827438 6.04239 -2.11897 1.27239 -0.649771
25.08 0.886777 6.20434 -2.22334 1.32892 -0.666443
25.1 0.905919 6.35183 -2.31656 1.37943 -0.681597
25.12 0.249739 6.48449 -2.39828 1.42375 -0.695183
25.14 -0.0425972 6.60151 -2.46804 1.46164 -0.707146
25.16 0.451089 6.70234 -2.52547 1.49294 -0.717444
25.18 1.09511 6.78708 -2.57051 1.51756 -0.726049
25.2 0.96601 6.85599 -2.60316 1.53545 -0.732943
25.22 0.580055 6.90889 -2.62328 1.54651 -0.738106
25.24 0.260649 6.9453 -2.63064 1.55068 -0.741519
25.26 -0.16688 6.96471 -2.625 1.54787 -0.743168
25.28 -0.906368 6.96654 -2.60615 1.53804 -0.743046
25.3 -1.13779 6.9502 -2.57387 1.52115 -0.741149
25.32 -0.478621 6.91561 -2.52817 1.49724 -0.737492
25.34 0.604178 6.86352 -2.46943 1.46644 -0.732105
25.36 1.55823 6.79521 -2.39825 1.42897 -0.725036
25.38 1.8766 6.71185 -2.3152 1.38505 -0.716336
25.4 1.40879 6.61407 -2.22068 1.33486 -0.706054
25.42 0.21602 6.50164 -2.11475 1.27854 -0.694228
25.44 -0.543932 6.3739 -1.99733 1.21618 -0.680897
25.46 -1.31919 6.23025 -1.8684 1.1479 -0.666104
25.48 -2.70468 6.07008 -1.72792 1.07383 -0.649899
25.5 -4.06969 5.89248 -1.5758 0.994119 -0.632331
25.52 -5.12662 5.69652 -1.41192 0.908897 -0.613456
25.54 -5.37449 5.48174 -1.23639 0.818376 -0.593341
25.56 -4.19742 5.24867 -1.04974 0.722886 -0.572075
25.58 -2.1723 4.99922 -0.853043 0.622905 -0.549776
25.6 -0.821699 4.73605 -0.647694 0.519002 -0.526577
25.62 0.0554878 4.46157 -0.435009 0.411735 -0.502612
25.64 1.00825 4.17778 -0.216153 0.301634 -0.478012
25.66 1.68386 3.88652 0.00775444 0.189224 -0.452906
25.68 2.01962 3.58943 0.235671 0.0750157 -0.427423
25.7 1.8781 3.28775 0.466702 -0.0405109 -0.40169
25.72 1.56627 2.98231 0.700111 -0.156913 -0.375824
25.74 1.33307 2.67374 0.935233 -0.273765 -0.349943
25.76 0.921971 2.36261 1.17142 -0.39064 -0.324163
25.78 0.188763 2.04934 1.4081 -0.50713 -0.298599
25.8 0.0762503 1.73429 1.64469 -0.62283 -0.273364
25.82 0.407668 1.41822 1.88049 -0.737296 -0.248578
25.84 0.217003 1.10216 2.11465 -0.850059 -0.224365
25.86 -0.162512 0.786933 2.34645 -0.960674 -0.200844
25.88 -0.266969 0.473154 2.57523 -1.06872 -0.178129
25.9 0.191583 0.161711 2.80022 -1.17375 -0.156338
25.92 0.831733 -0.146065 3.02051 -1.27529 -0.135593
25.94 1.20182 -0.448668 3.2351 -1.37286 -0.116016
25.96 1.18438 -0.744826 3.44312 -1.46598 -0.0977242
25.98 0.95407 -1.03365 3.64384 -1.55426 -0.0808233
26 0.590183 -1.31456 3.83667 -1.63734 -0.0654108
26.02 0.224199 -1.58712 4.0211 -1.71486 -0.0515778
26.04 -0.133889 -1.85098 4.19667 -1.78653 -0.0394098
26.06 -0.243184 -2.10573 4.3629 -1.85202 -0.0289885
26.08 0.0220011 -2.35075 4.51925 -1.91104 -0.0203945
26.1 0.333593 -2.58515 4.66509 -1.96325 -0.013708
26.12 0.648568 -2.80792 4.79976 -2.00834 -0.00900534
26.14 0.782748 -3.01816 4.92268 -2.04603 -0.00635597
26.16 0.489112 -3.21521 5.03335 -2.07606 -0.00581919
26.18 -0.167242 -3.39886 5.13151 -2.09826 -0.00744081
26.2 -0.565297 -3.56922 5.21702 -2.11251 -0.0112555
26.22 -1.15027 -3.72644 5.28979 -2.11869 -0.0172906
26.24 -1.68657 -3.87073 5.34977 -2.11673 -0.0255663
26.26 -2.03774 -4.00232 5.39696 -2.10658 -0.0360958
26.28 -1.70924 -4.12118 5.43124 -2.08818 -0.0488907
26.3 -0.891197 -4.2267 5.45234 -2.06144 -0.0639648
26.32 -0.299073 -4.31795 5.45983 -2.02624 -0.0813315
26.34 0.130302 -4.39404 5.45337 -1.98252 -0.100996
26.36 0.404987 -4.45437 5.43272 -1.93024 -0.122953
26.38 0.427171 -4.49856 5.39777 -1.86943 -0.147184
26.4 0.235688 -4.52657 5.34857 -1.80015 -0.173662
26.42 0.871155 -4.53835 5.2852 -1.72251 -0.202349
26.44 2.03741 -4.53333 5.20754 -1.63657 -0.233212
26.46 3.16563 -4.51048 5.11532 -1.54238 -0.266217
26.48 3.6696 -4.46885 5.00834 -1.44001 -0.301322
26.5 3.1813 -4.40822 4.8867 -1.32965 -0.338464
26.52 1.57697 -4.3295 4.75099 -1.21159 -0.377559
26.54 -0.342213 -4.23466 4.60222 -1.08628 -0.418494
26.56 -1.68792 -4.12609 4.44161 -0.95421 -0.461147
26.58 -2.25469 -4.00572 4.2702 -0.815852 -0.505395
26.6 -2.10183 -3.87472 4.08877 -0.671621 -0.551124
26.62 -1.57143 -3.73354 3.89783 -0.521875 -0.598225
26.64 -1.47127 -3.58237 3.69778 -0.366961 -0.646591
26.66 -1.70191 -3.42165 3.48917 -0.20727 -0.696105
26.68 -2.09177 -3.25223 3.2727 -0.0432398 -0.74664
26.7 -2.54012 -3.07517 3.04918 0.124653 -0.798062
26.72 -2.5898 -2.89155 2.81944 0.295922 -0.850232
26.74 -1.98014 -2.70204 2.58414 0.470111 -0.903017
26.76 -0.973742 -2.50673 2.34375 0.646811 -0.956289
26.78 0.00815419 -2.30532 2.09858 0.825646 -1.00993
26.8 1.18212 -2.09737 1.84888 1.00624 -1.0638
26.82 2.69045 -1.88225 1.59487 1.18825 -1.1178
26.84 4.21939 -1.65911 1.33665 1.37131 -1.1718
26.86 4.74931 -1.42728 1.07443 1.55507 -1.22567
26.88 4.25181 -1.18702 0.80877 1.73906 -1.27928
26.9 2.43203 -0.939813 0.540735 1.92269 -1.33246
26.92 -0.0118328 -0.688448 0.2719 2.10524 -1.38503
26.94 -1.92847 -0.436287 0.00407047 2.28593 -1.43679
26.96 -2.64059 -0.186227 -0.261133 2.46403 -1.48757
26.98 -1.99741 0.0600825 -0.522587 2.63894 -1.53719
27 -0.605434 0.302351 -0.779712 2.8102 -1.58552
27.02 0.720799 0.541106 -1.03226 2.97744 -1.63244
27.04 1.44873 0.776893 -1.27999 3.14029 -1.67782
27.06 1.79074 1.0098 -1.52251 3.29835 -1.72155
27.08 1.92441 1.23946 -1.75923 3.4512 -1.7635
27.1 1.72694 1.46521 -1.98949 3.59837 -1.80352
27.12 1.46436 1.68614 -2.2125 3.73941 -1.84151
27.14 0.864371 1.9011 -2.42743 3.87384 -1.87732
27.16 -0.13685 2.10867 -2.63333 4.00116 -1.91082
27.18 -1.08361 2.30711 -2.82916 4.12088 -1.94189
27.2 -1.73566 2.49475 -3.01391 4.23252 -1.97041
27.22 -1.76071 2.6703 -3.18675 4.33564 -1.99625
27.24 -1.61288 2.83302 -3.34708 4.42991 -2.01933
27.26 -1.57913 2.98244 -3.49445 4.51503 -2.03957
27.28 -1.75744 3.11808 -3.62841 4.59071 -2.05687
27.3 -1.97151 3.23933 -3.74848 4.65668 -2.07118
27.32 -1.80532 3.34567 -3.85426 4.71272 -2.08242
27.34 -1.52632 3.43685 -3.94548 4.75862 -2.09054
27.36 -1.51095 3.51279 -4.02194 4.79426 -2.09551
27.38 -1.53634 3.57331 -4.08345 4.81951 -2.09729
27.4 -1.23221 3.6183 -4.12988 4.83425 -2.09584
27.42 -0.466274 3.64799 -4.16124 4.83847 -2.09116
27.44 0.637086 3.66314 -4.1778 4.8322 -2.08326
27.46 1.58866 3.66484 -4.17995 4.81554 -2.07214
27.48 1.66397 3.65397 -4.16808 4.78859 -2.05782
27.5 1.33112 3.63081 -4.14232 4.75142 -2.04034
27.52 0.73223 3.5951 -4.10263 4.70407 -2.0197
27.54 0.307049 3.54642 -4.04894 4.64658 -1.99593
27.56 0.338363 3.48454 -3.98127 4.57905 -1.96906
27.58 0.515667 3.40963 -3.89983 4.50163 -1.93913
27.6 0.579206 3.32211 -3.80494 4.41451 -1.90621
27.62 0.25054 3.22227 -3.69691 4.31792 -1.87035
27.64 -0.31097 3.11016 -3.57597 4.21205 -1.83163
27.66 -0.653337 2.98566 -3.4423 4.09712 -1.79012
27.68 -0.357122 2.84894 -3.29624 3.9734 -1.74589
27.7 0.720441 2.70088 -3.13842 3.84125 -1.69905
27.72 1.86164 2.54304 -2.96975 3.70111 -1.64971
27.74 2.41262 2.37712 -2.79122 3.55345 -1.598
27.76 2.16837 2.20428 -2.60364 3.39871 -1.54404
27.78 1.44153 2.02496 -2.40754 3.23728 -1.48795
27.8 0.32119 1.83899 -2.20322 3.0695 -1.42983
27.82 -1.32607 1.64571 -1.99081 2.89567 -1.3698
27.84 -2.96188 1.44408 -1.7703 2.71608 -1.30796
27.86 -4.10447 1.23308 -1.54171 2.53102 -1.24442
27.88 -4.32906 1.01226 -1.3053 2.34086 -1.17929
27.9 -4.11922 0.782021 -1.06167 2.14606 -1.11273
27.92 -3.01928 0.543547 -0.811742 1.94718 -1.04488
27.94 -1.09899 0.29893 -0.556825 1.74488 -0.975933
27.96 0.441655 0.0508985 -0.298474 1.53988 -0.906066
27.98 1.24108 -0.198 -0.038182 1.33289 -0.835469
28 1.71613 -0.445847 0.222801 1.12457 -0.764321
28.02 2.13156 -0.691141 0.483389 0.915541 -0.692795
28.04 2.25695 -0.932597 0.742582 0.706393 -0.62106
28.06 2.04668 -1.16922 0.999497 0.497693 -0.549278
28.08 1.61646 -1.40037 1.25339 0.289967 -0.477609
28.1 1.32128 -1.62561 1.50362 0.0837172 -0.406203
28.12 1.35094 -1.8444 1.74948 -0.120549 -0.335215
28.14 1.3379 -2.05601 1.99023 -0.322314 -0.264797
28.16 1.40205 -2.25965 2.22509 -0.52106 -0.195102
28.18 1.96619 -2.45435 2.45325 -0.716264 -0.126283
28.2 2.43108 -2.63892 2.67379 -0.907389 -0.0584939
28.22 2.37421 -2.81224 2.88584 -1.09392 0.00811802
28.24 2.28349 -2.97357 3.08872 -1.27539 0.0734142
28.26 2.56773 -3.12226 3.28178 -1.45136 0.137262
28.28 2.83007 -3.25752 3.46433 -1.62138 0.199533
28.3 2.51747 -3.37864 3.63575 -1.78505 0.260102
28.32 1.67166 -3.48547 3.79564 -1.94202 0.31886
28.34 0.838582 -3.57837 3.94384 -2.09203 0.375714
28.36 0.319719 -3.65779 4.08023 -2.23481 0.430575
28.38 -0.00256056 -3.72398 4.20465 -2.37014 0.483358
28.4 -0.468092 -3.77709 4.3169 -2.49778 0.533982
28.42 -1.09234 -3.81736 4.41686 -2.61752 0.582375
28.44 -1.44895 -3.84515 4.50446 -2.72919 0.62847
28.46 -1.55129 -3.86065 4.57961 -2.83262 0.672208
28.48 -1.2532 -3.86379 4.64212 -2.92763 0.713528
28.5 -0.577093 -3.85411 4.69167 -3.01403 0.752371
28.52 0.405979 -3.83076 4.72781 -3.09161 0.788678
28.54 1.19794 -3.79274 4.75006 -3.16018 0.822393
28.56 1.6188 -3.73918 4.75802 -3.21956 0.853473
28.58 2.03676 -3.66957 4.75145 -3.26965 0.881884
28.6 2.09072 -3.58365 4.73024 -3.31039 0.907604
28.62 1.86703 -3.4815 4.69443 -3.34178 0.930628
28.64 1.21955 -3.36365 4.64428 -3.3639 0.95096
28.66 0.661346 -3.23098 4.5802 -3.37686 0.968621
28.68 0.610554 -3.08433 4.50263 -3.38081 0.983638
28.7 0.343191 -2.92434 4.41192 -3.37592 0.99604
28.72 0.185077 -2.75165 4.30848 -3.36233 1.00586
28.74 0.282362 -2.56686 4.19271 -3.34025 1.01315
28.76 0.263467 -2.37045 4.06499 -3.30988 1.01795
28.78 -0.0301689 -2.16305 3.92577 -3.27144 1.02032
28.8 -0.684106 -1.94559 3.77565 -3.22522 1.02033
28.82 -1.34884 -1.71935 3.61539 -3.17155 1.01804
28.84 -1.54902 -1.4856 3.44577 -3.11079 1.01356
28.86 -1.38971 -1.24527 3.26742 -3.04327 1.00695
28.88 -1.48291 -0.999078 3.08094 -2.96931 0.998309
28.9 -1.8539 -0.747849 2.88696 -2.88927 0.987722
28.92 -2.37571 -0.492724 2.68627 -2.80355 0.97529
28.94 -2.50453 -0.234914 2.47969 -2.71256 0.961118
28.96 -1.98316 0.0247278 2.2679 -2.61669 0.945309
28.98 -1.54961 0.285798 2.05143 -2.5163 0.92796
29 -1.19002 0.548 1.83075 -2.41175 0.909172
29.02 -0.778225 0.810975 1.6064 -2.30339 0.889047
29.04 -0.670337 1.07428 1.37893 -2.19161 0.867692
29.06 -0.706346 1.33725 1.14899 -2.07683 0.845219
29.08 -1.0237 1.599 0.917322 -1.95947 0.821745
29.1 -1.26097 1.85841 0.684764 -1.84001 0.797394
29.12 -1.18967 2.11448 0.452118 -1.71889 0.772288
29.14 -1.27951 2.36631 0.220129 -1.59657 0.746547
29.16 -1.42881 2.61303 -0.0104582 -1.47349 0.720291
29.18 -1.68799 2.85364 -0.238858 -1.35009 0.693643
29.2 -1.29669 3.08729 -0.464338 -1.22681 0.666722
29.22 -0.103736 3.3137 -0.686403 -1.10404 0.639637
29.24 0.885543 3.5332 -0.904808 -0.982079 0.612487
29.26 1.46699 3.74615 -1.11931 -0.861232 0.585366
29.28 1.59741 3.95249 -1.32954 -0.741839 0.558377
29.3 1.41183 4.15171 -1.53491 -0.624277 0.531627
29.32 1.08865 4.34297 -1.73476 -0.508947 0.505226
29.34 0.696983 4.52527 -1.92834 -0.39626 0.479284
29.36 0.00624343 4.69745 -2.11488 -0.28663 0.453913
29.38 -0.411211 4.8583 -2.29357 -0.180469 0.429221
29.4 -0.363791 5.00682 -2.46372 -0.0781551 0.40531
29.42 0.361687 5.14259 -2.62487 0.0200064 0.382267
29.44 1.53335 5.2659 -2.77686 0.113791 0.360166
29.46 2.47958 5.37743 -2.91972 0.20303 0.339067
29.48 3.10192 5.47784 -3.05345 0.287562 0.319031
29.5 2.85719 5.56731 -3.1779 0.367198 0.300118
29.52 2.39459 5.64537 -3.29269 0.441697 0.282397
29.54 1.84837 5.71122 -3.39731 0.5108 0.265937
29.56 1.58157 5.76406 -3.49126 0.574265 0.250802
29.58 1.13959 5.80321 -3.57413 0.631878 0.237051
29.6 0.368892 5.82791 -3.64549 0.683436 0.224736
29.62 -0.447081 5.83721 -3.70484 0.728734 0.213909
29.64 -1.38182 5.83004 -3.75167 0.767575 0.204619
29.66 -2.09676 5.80535 -3.78551 0.799783 0.196905
29.68 -2.41742 5.76238 -3.806 0.825232 0.190801
29.7 -2.1509 5.70085 -3.81301 0.843864 0.186322
29.72 -1.93368 5.62098 -3.80664 0.855692 0.18347
29.74 -1.59013 5.52325 -3.78709 0.860775 0.182239
29.76 -1.6375 5.40811 -3.75459 0.859191 0.182613
29.78 -2.01633 5.27578 -3.70932 0.851016 0.184578
29.8 -2.03551 5.12634 -3.65139 0.836332 0.188113
29.82 -1.80832 4.96009 -3.58104 0.815263 0.19319
29.84 -1.32171 4.77772 -3.4987 0.787991 0.199766
29.86 -1.09839 4.58011 -3.40486 0.754736 0.207793
29.88 -1.08809 4.36802 -3.30002 0.715724 0.217216
29.9 -1.10826 4.14208 -3.18463 0.671187 0.22798
29.92 -0.896224 3.90292 -3.05916 0.621373 0.240023
29.94 0.0294767 3.65158 -2.92426 0.566586 0.253272
29.96 0.797422 3.38952 -2.78078 0.507187 0.267644
29.98 1.15044 3.11827 -2.62957 0.443556 0.283048
30 1.25015 2.83901 -2.47141 0.376054 0.299398
30.02 0.913658 2.55256 -2.3069 0.305014 0.316609
30.04 0.214448 2.25932 -2.13654 0.230742 0.334601
30.06 -0.535362 1.95939 -1.96066 0.153518 0.353295
30.08 -0.897802 1.65284 -1.77964 0.0736326 0.37261
30.1 -0.549475 1.34019 -1.59402 -0.00857295 0.392457
30.12 -0.0804615 1.02253 -1.40457 -0.0926942 0.412733
30.14 0.2113 0.701188 -1.21219 -0.178297 0.43333
30.16 0.378501 0.377402 -1.01771 -0.264951 0.454142
30.18 0.623849 0.0523161 -0.821953 -0.352234 0.475062
30.2 0.709025 -0.272959 -0.625725 -0.439722 0.495983
30.22 0.570219 -0.597445 -0.429778 -0.527006 0.5168
30.24 0.385809 -0.920356 -0.23479 -0.613696 0.537412
30.26 0.237168 -1.24099 -0.041402 -0.69941 0.557719
30.28 0.256266 -1.55859 0.149728 -0.783766 0.577621
30.3 0.280678 -1.87231 0.337906 -0.866377 0.59702
30.32 0.588203 -2.18118 0.522397 -0.946845 0.615813
30.34 0.834656 -2.4841 0.702421 -1.02477 0.6339
30.36 1.11736 -2.77991 0.877189 -1.09975 0.651183
30.38 0.916169 -3.06763 1.04598 -1.17141 0.667565
30.4 0.349196 -3.34668 1.20826 -1.23943 0.682964
30.42 -0.117714 -3.61681 1.36362 -1.30353 0.697302
30.44 -0.125873 -3.87773 1.51165 -1.36342 0.710506
30.46 0.577701 -4.12867 1.65176 -1.41881 0.722498
30.48 1.3164 -4.36833 1.7832 -1.46933 0.733197
30.5 1.6861 -4.59534 1.90517 -1.51466 0.742521
30.52 1.6001 -4.8087 2.01703 -1.5545 0.750403
30.54 1.16072 -5.00792 2.11839 -1.58862 0.756786
30.56 0.708126 -5.19288 2.20901 -1.61686 0.761626
30.58 0.0977784 -5.36367 2.28875 -1.63908 0.764887
30.6 -0.54351 -5.52053 2.35755 -1.65519 0.76654
30.62 -1.12325 -5.66377 2.4154 -1.6651 0.766564
30.64 -1.48401 -5.79367 2.46229 -1.66877 0.76494
30.66 -1.64158 -5.91035 2.49818 -1.66613 0.761655
30.68 -1.95433 -6.01382 2.523 -1.65713 0.756698
30.7 -2.03665 -6.1041 2.53671 -1.64174 0.750062
30.72 -1.94657 -6.18112 2.53923 -1.61994 0.741747
30.74 -1.06563 -6.24446 2.5304 -1.59168 0.73175
30.76 -0.00744047 -6.29318 2.50984 -1.55689 0.720066
30.78 0.832724 -6.32611 2.47713 -1.5155 0.706692
30.8 1.61101 -6.34223 2.43191 -1.46747 0.691633
30.82 1.97742 -6.34079 2.37396 -1.4128 0.674905
30.84 1.86559 -6.32148 2.30325 -1.35156 0.656536
30.86 1.51059 -6.2845 2.21998 -1.28389 0.636569
30.88 1.16848 -6.23039 2.1245 -1.20998 0.615058
30.9 0.842482 -6.15979 2.01724 -1.13006 0.592065
30.92 1.06354 -6.07322 1.89858 -1.04435 0.567656
30.94 1.73673 -5.9708 1.76877 -0.953063 0.541893
30.96 2.29101 -5.8523 1.62795 -0.856391 0.514841
30.98 2.15996 -5.71768 1.47636 -0.75456 0.486572
31 1.44691 -5.56755 1.3145 -0.647881 0.457172
31.02 0.397224 -5.40319 1.14316 -0.536744 0.426743
31.04 -0.621685 -5.22625 0.963304 -0.421593 0.395401
31.06 -1.34765 -5.03846 0.775916 -0.302891 0.363262
31.08 -1.77665 -4.84128 0.581911 -0.181088 0.330444
31.1 -2.06821 -4.63591 0.382107 -0.0566171 0.297063
31.12 -1.81689 -4.42325 0.177216 0.0701068 0.263233
31.14 -1.41605 -4.20384 -0.0321908 0.198699 0.229064
31.16 -0.990884 -3.97797 -0.245623 0.32879 0.194664
31.18 -0.132424 -3.74579 -0.462648 0.460022 0.16014
31.2 0.389902 -3.50727 -0.682884 0.592044 0.125598
31.22 0.0997765 -3.26274 -0.905817 0.72447 0.0911513
31.24 -0.616236 -3.0132 -1.13065 0.85684 0.0569241
31.26 -1.24653 -2.76014 -1.3564 0.988647 0.0230502
31.28 -1.91194 -2.50514 -1.58205 1.11937 -0.0103355
31.3 -2.10815 -2.24962 -1.80662 1.24851 -0.0431007
31.32 -1.81128 -1.99462 -2.02932 1.37561 -0.0751206
31.34 -1.24015 -1.74068 -2.24953 1.50024 -0.10628
31.36 -1.02402 -1.48811 -2.46674 1.62204 -0.136468
31.38 -0.902955 -1.23738 -2.68038 1.74061 -0.165573
31.4 -0.672809 -0.989097 -2.88983 1.85555 -0.193485
31.42 -0.324553 -0.743753 -3.09453 1.96648 -0.220097
31.44 -0.0502638 -0.501768 -3.29394 2.07303 -0.245306
31.46 -0.162544 -0.263663 -3.48752 2.17484 -0.269009
31.48 -0.118041 -0.0301426 -3.67462 2.27153 -0.291107
31.5 -0.297846 0.198022 -3.85463 2.36274 -0.311498
31.52 -0.636533 0.41995 -4.02688 2.44809 -0.330087
31.54 -1.00068 0.634622 -4.19066 2.52722 -0.346779
31.56 -0.809244 0.841144 -4.34532 2.59979 -0.361486
31.58 0.198508 1.0392 -4.49047 2.66553 -0.374132
31.6 1.43233 1.2292 -4.62602 2.72425 -0.384661
31.62 1.74348 1.41169 -4.75194 2.7758 -0.393024
31.64 0.938603 1.58644 -4.86792 2.81998 -0.399162
31.66 0.105198 1.75235 -4.97333 2.8565 -0.40301
31.68 -0.105743 1.90818 -5.06748 2.88508 -0.404504
31.7 0.2518 2.05326 -5.14995 2.90552 -0.403596
31.72 1.16187 2.18759 -5.2206 2.91772 -0.400256
31.74 2.26595 2.31179 -5.27955 2.92162 -0.39447
31.76 3.13767 2.42669 -5.32702 2.91723 -0.386232
31.78 3.65166 2.53299 -5.3632 2.90458 -0.375542
31.8 3.67659 2.631 -5.38816 2.88364 -0.362397
31.82 2.24985 2.72025 -5.40168 2.85436 -0.346791
31.84 0.162765 2.79916 -5.40311 2.81657 -0.328702
31.86 -1.41529 2.86552 -5.39156 2.77009 -0.308107
31.88 -2.24278 2.91747 -5.36635 2.71476 -0.284993
31.9 -1.97535 2.95413 -5.32717 2.65056 -0.259371
31.92 -1.18054 2.97563 -5.27413 2.5776 -0.231276
31.94 -0.189466 2.98286 -5.2077 2.49607 -0.200761
31.96 0.550556 2.97692 -5.12842 2.40621 -0.167892
31.98 0.959922 2.95878 -5.03683 2.30828 -0.132737
32 1.0338 2.92911 -4.93335 2.2025 -0.0953651
32.02 1.05466 2.8883 -4.81833 2.08911 -0.0558482
32.04 1.02217 2.83663 -4.69209 1.96836 -0.0142617
32.06 0.86094 2.77434 -4.55495 1.84049 0.0293139
32.08 0.845046 2.70167 -4.40726 1.70578 0.0747928
32.1 1.30256 2.61905 -4.24945 1.56454 0.12208
32.12 1.91493 2.52734 -4.08214 1.41714 0.17107
32.14 2.10301 2.42751 -3.90603 1.26396 0.221649
32.16 1.75694 2.32021 -3.72168 1.10538 0.273705
32.18 1.49174 2.20571 -3.52953 0.941762 0.327127
32.2 1.50466 2.08428 -3.33004 0.773466 0.381801
32.22 1.03079 1.95626 -3.1237 0.600876 0.437609
32.24 0.447334 1.82177 -2.91093 0.424366 0.494432
32.26 -0.019945 1.68079 -2.69209 0.244305 0.55215
32.28 -0.317714 1.5334 -2.46762 0.0610833 0.610639
32.3 -0.566019 1.37985 -2.23802 -0.124884 0.66977
32.32 -0.90682 1.22046 -2.00382 -0.313166 0.729409
32.34 -0.998994 1.05561 -1.76559 -0.503321 0.78942
32.36 -0.730068 0.885887 -1.524 -0.694878 0.849661
32.38 -0.314188 0.712248 -1.27985 -0.887327 0.909985
32.4 0.152284 0.535846 -1.03403 -1.08013 0.970237
32.42 0.0133372 0.357742 -0.78741 -1.27277 1.03027
32.44 -0.575233 0.178539 -0.540657 -1.46475 1.08993
32.46 -1.55716 -0.00170915 -0.294237 -1.65565 1.14908
32.48 -2.40906 -0.183263 -0.0484893 -1.84506 1.20761
32.5 -3.00005 -0.366347 0.196236 -2.0326 1.26536
32.52 -3.31973 -0.550917 0.439484 -2.21784 1.32222
32.54 -3.17849 -0.736567 0.68066 -2.40033 1.37805
32.56 -2.57566 -0.922411 0.918983 -2.57956 1.43269
32.58 -1.75254 -1.10711 1.1535 -2.75499 1.48601
32.6 -0.890167 -1.28905 1.38316 -2.92608 1.53784
32.62 -0.223067 -1.46662 1.60691 -3.09227 1.58804
32.64 0.0148002 -1.63844 1.8238 -3.25305 1.63646
32.66 0.204771 -1.80346 2.03305 -3.40794 1.68298
32.68 0.364576 -1.96083 2.23395 -3.55651 1.72747
32.7 0.445435 -2.10978 2.42582 -3.69835 1.7698
32.72 0.547494 -2.2496 2.60805 -3.83306 1.80987
32.74 0.766723 -2.37962 2.78006 -3.96026 1.84756
32.76 0.782846 -2.49916 2.94126 -4.0796 1.88277
32.78 0.997048 -2.60761 3.09115 -4.19076 1.91542
32.8 1.60461 -2.70425 3.22917 -4.2934 1.9454
32.82 2.06557 -2.78813 3.3547 -4.38721 1.97262
32.84 2.2297 -2.85841 3.4672 -4.47188 1.99702
32.86 2.2409 -2.91456 3.56626 -4.5472 2.01851
32.88 2.03287 -2.95634 3.65161 -4.61295 2.03705
32.9 1.96349 -2.98365 3.72309 -4.669 2.05258
32.92 1.96733 -2.99646 3.78054 -4.71523 2.06507
32.94 1.67534 -2.99473 3.82388 -4.75153 2.07449
32.96 0.955614 -2.9788 3.85316 -4.77788 2.08081
32.98 0.099937 -2.94938 3.86862 -4.79429 2.08404
33 -0.595078 -2.90742 3.87062 -4.80085 2.08418
33.02 -1.04393 -2.85377 3.85951 -4.79764 2.08124
33.04 -1.15008 -2.78903 3.83556 -4.78473 2.07525
33.06 -1.09382 -2.71355 3.79896 -4.76222 2.06622
33.08 -1.11586 -2.62751 3.74986 -4.7302 2.05416
33.1 -0.959402 -2.53113 3.68845 -4.68876 2.03912
33.12 -0.144154 -2.42434 3.61483 -4.63802 2.02113
33.14 0.577045 -2.30675 3.529 -4.57808 2.00021
33.16 1.17716 -2.17788 3.43093 -4.50903 1.97642
33.18 1.35373 -2.03753 3.32073 -4.43104 1.94979
33.2 1.29931 -1.88587 3.19869 -4.34432 1.92039
33.22 1.26105 -1.72336 3.06523 -4.24913 1.88829
33.24 1.39761 -1.55052 2.92081 -4.14577 1.85358
33.26 1.61283 -1.36777 2.76586 -4.03451 1.81635
33.28 1.55211 -1.17555 2.60087 -3.91569 1.77667
33.3 1.23454 -0.974529 2.42641 -3.78967 1.73466
33.32 0.729548 -0.765713 2.24321 -3.65684 1.69042
33.34 0.404047 -0.550254 2.05208 -3.51765 1.64408
33.36 0.214131 -0.329242 1.85381 -3.37254 1.59575
33.38 0.0638817 -0.103647 1.64915 -3.22196 1.54557
33.4 0.0789844 0.125651 1.43885 -3.06635 1.49364
33.42 0.176167 0.357887 1.2236 -2.90617 1.44012
33.44 0.187374 0.592354 1.0041 -2.74186 1.38511
33.46 0.161544 0.828294 0.781051 -2.57389 1.32877
33.48 -0.231235 1.06479 0.55525 -2.40274 1.27122
33.5 -0.543455 1.30073 0.327563 -2.22893 1.21261
33.52 -0.646241 1.53498 0.0988663 -2.05298 1.15308
33.54 -0.919244 1.76651 -0.130002 -1.87538 1.09279
33.56 -0.97543 1.99433 -0.358214 -1.69666 1.03186
33.58 -1.13622 2.21751 -0.584963 -1.5173 0.970453
33.6 -1.286 2.43509 -0.809452 -1.33782 0.908706
33.62 -0.984667 2.64629 -1.03093 -1.15869 0.846759
33.64 -0.638696 2.85058 -1.24878 -0.980376 0.784749
33.66 -0.47 3.04756 -1.46243 -0.803298 0.722806
33.68 -0.383869 3.23676 -1.67128 -0.627898 0.661062
33.7 -0.509602 3.41755 -1.87467 -0.454622 0.599649
33.72 -0.794336 3.58912 -2.07192 -0.283921 0.538699
33.74 -0.997963 3.75059 -2.26228 -0.116248 0.478343
33.76 -0.988931 3.90115 -2.44507 0.0479626 0.418708
33.78 -0.853054 4.0402 -2.6197 0.208311 0.359914
33.8 -0.689425 4.16734 -2.78568 0.364426 0.302074
33.82 -0.300122 4.28229 -2.94257 0.515966 0.245295
33.84 0.0973039 4.38497 -3.09004 0.662621 0.189676
33.86 0.430707 4.47538 -3.22779 0.804104 0.135313
33.88 0.676021 4.55351 -3.35555 0.940142 0.0822931
33.9 0.83453 4.61927 -3.47303 1.07047 0.0307041
33.92 0.779513 4.67249 -3.57993 1.19484 -0.0193719
33.94 0.367491 4.71277 -3.67587 1.31297 -0.0678539
33.96 -0.252168 4.73946 -3.7604 1.42462 -0.114661
33.98 -0.889207 4.75167 -3.83299 1.5295 -0.159716
34 -1.19156 4.74864 -3.89318 1.62736 -0.202946
34.02 -1.26669 4.72986 -3.94065 1.71802 -0.244293
34.04 -1.18484 4.69517 -3.97522 1.80133 -0.283706
34.06 -1.08514 4.64462 -3.99681 1.8772 -0.321147
34.08 -0.881289 4.57838 -4.00545 1.94554 -0.356586
34.1 -0.606942 4.49677 -4.0012 2.00634 -0.389999
34.12 -0.370875 4.40021 -3.98423 2.0596 -0.421372
34.14 -0.282685 4.28912 -3.9547 2.10532 -0.450699
34.16 -0.209568 4.16386 -3.91278 2.14355 -0.477976
34.18 -0.0365595 4.02484 -3.8587 2.17434 -0.503207
34.2 0.0719839 3.87252 -3.79269 2.19779 -0.526404
34.22 0.134753 3.7074 -3.71506 2.21399 -0.547583
34.24 0.090585 3.52992 -3.6261 2.22308 -0.566768
34.26 0.0762715 3.34053 -3.52611 2.22519 -0.583987
34.28 0.0243614 3.13966 -3.41543 2.22047 -0.599273
34.3 -0.17182 2.92774 -3.2944 2.20912 -0.612666
34.32 -0.254026 2.70519 -3.16338 2.1913 -0.624209
34.34 -0.212154 2.4725 -3.02277 2.16725 -0.633952
34.36 -0.126263 2.23031 -2.87307 2.1372 -0.641954
34.38 -0.0948919 1.97936 -2.7148 2.10143 -0.648277
34.4 -0.189845 1.72034 -2.5485 2.06022 -0.652989
34.42 -0.28941 1.4539 -2.3747 2.01385 -0.656162
34.44 -0.411723 1.18065 -2.19394 1.96262 -0.657868
34.46 -0.510078 0.90123 -2.00676 1.90685 -0.658188
34.48 -0.624091 0.616292 -1.81375 1.84686 -0.657202
34.5 -0.505849 0.326581 -1.61551 1.783 -0.654997
34.52 -0.422908 0.0329766 -1.41274 1.71563 -0.651665
34.54 -0.434702 -0.26361 -1.20613 1.64513 -0.6473
34.56 -0.5778 -0.562356 -0.996349 1.57188 -0.641997
34.58 -0.786168 -0.862555 -0.784046 1.49624 -0.635853
34.6 -0.83888 -1.16352 -0.569845 1.41858 -0.628962
34.62 -0.905186 -1.4645 -0.35441 1.3393 -0.621425
34.64 -0.882065 -1.76466 -0.13843 1.25878 -0.613341
34.66 -0.819394 -2.06313 0.0773792 1.17743 -0.604814
34.68 -0.785382 -2.359 0.292288 1.09564 -0.595946
34.7 -0.673122 -2.65133 0.505564 1.01381 -0.586841
34.72 -0.569712 -2.93916 0.716468 0.932366 -0.577602
34.74 -0.526793 -3.22157 0.924268 0.851692 -0.568331
34.76 -0.478455 -3.49764 1.12826 0.772182 -0.559129
34.78 -0.36006 -3.76651 1.32774 0.69422 -0.550094
34.8 -0.187226 -4.02725 1.52202 0.618187 -0.541323
34.82 -0.0485983 -4.27892 1.71039 0.544458 -0.532913
34.84 0.0198101 -4.52065 1.89219 0.473395 -0.524954
34.86 0.00897317 -4.75163 2.06679 0.405339 -0.517536
34.88 0.0131835 -4.97117 2.23362 0.340612 -0.51074
34.9 0.00922816 -5.17864 2.39216 0.279518 -0.504647
34.92 -0.0286972 -5.37342 2.54189 0.222345 -0.49933
34.94 -0.139624 -5.555 2.68236 0.169358 -0.49486
34.96 -0.220432 -5.72294 2.81316 0.120803 -0.491299
34.98 -0.228913 -5.87681 2.93391 0.076904 -0.488708
35 -0.186017 -6.01619 3.04424 0.0378762 -0.487141
35.02 -0.102322 -6.1406 3.14379 0.00391826 -0.48665
35.04 -0.080747 -6.24961 3.23222 -0.0247896 -0.487279
35.06 -0.0840686 -6.34286 3.30924 -0.048092 -0.489069
35.08 -0.0566977 -6.42005 3.37462 -0.0658582 -0.492052
35.1 -0.0584788 -6.48095 3.42817 -0.0779801 -0.496256
35.12 -0.0728158 -6.52535 3.46972 -0.0843737 -0.501702
35.14 -0.051784 -6.55312 3.49918 -0.0849792 -0.508403
35.16 -0.0656447 -6.56418 3.51646 -0.0797596 -0.516368
35.18 -0.0671264 -6.55849 3.52154 -0.0687025 -0.5256
35.2 -0.0373684 -6.53605 3.51443 -0.0518189 -0.536094
35.22 0.0148585 -6.4969 3.49517 -0.0291405 -0.54784
35.24 0.0536381 -6.44109 3.46383 -0.000721281 -0.560822
35.26 0.0634288 -6.36874 3.42054 0.0333603 -0.575017
35.28 0.0744353 -6.28003 3.36546 0.0730003 -0.590397
35.3 0.0598565 -6.17522 3.2988 0.11807 -0.606925
35.32 0.0402977 -6.05461 3.22083 0.168418 -0.624561
35.34 0.0557733 -5.91857 3.13183 0.223869 -0.643258
35.36 0.0828492 -5.76748 3.03214 0.284229 -0.662961
35.38 0.122996 -5.60173 2.92212 0.349284 -0.683615
35.4 0.148471 -5.42178 2.80214 0.418804 -0.705155
35.42 0.160375 -5.22811 2.67263 0.492535 -0.727514
35.44 0.175145 -5.02126 2.53405 0.570205 -0.750619
35.46 0.187046 -4.80181 2.38691 0.651523 -0.774391
35.48 0.202393 -4.57038 2.23171 0.736185 -0.798748
35.5 0.214243 -4.32762 2.06901 0.823866 -0.823605
35.52 0.231838 -4.07422 1.89939 0.91423 -0.848871
35.54 0.241236 -3.81088 1.72344 1.00693 -0.874454
35.56 0.245524 -3.53836 1.54179 1.1016 -0.900256
35.58 0.247415 -3.25742 1.3551 1.19786 -0.926179
35.6 0.248856 -2.96888 1.16401 1.29534 -0.952121
35.62 0.256893 -2.67354 0.969222 1.39363 -0.977978
35.64 0.267048 -2.37225 0.771419 1.49235 -1.00364
35.66 0.274231 -2.06585 0.571308 1.59109 -1.02902
35.68 0.272634 -1.75521 0.369601 1.68943 -1.05398
35.7 0.266919 -1.44121 0.167021 1.78697 -1.07844
35.72 0.259939 -1.12475 -0.0357017 1.88329 -1.10227
35.74 0.256252 -0.80671 -0.237836 1.97798 -1.12538
35.76 0.251481 -0.488004 -0.438652 2.07063 -1.14765
35.78 0.244565 -0.169528 -0.637421 2.16082 -1.16898
35.8 0.239418 0.147824 -0.833421 2.24816 -1.18926
35.82 0.235556 0.463163 -1.02594 2.33224 -1.2084
35.84 0.234537 0.775613 -1.21427 2.41267 -1.22628
35.86 0.235031 1.08431 -1.39772 2.48908 -1.24282
35.88 0.236883 1.38841 -1.57563 2.56108 -1.25791
35.9 0.238609 1.68709 -1.74733 2.62832 -1.27148
35.92 0.239233 1.97953 -1.91218 2.69046 -1.28342
35.94 0.239709 2.26496 -2.06957 2.74715 -1.29366
35.96 0.24011 2.54261 -2.21891 2.79808 -1.30211
35.98 0 2.81168 -2.3596 2.84294 -1.3087
36 0 3.07133 -2.49105 2.88144 -1.31337
