0.02 5.35193e-05 5.35408e-05 5.35332e-05 5.3535e-05
0.04 0.000230241 0.00023042 0.000230357 0.000230371
0.06 0.000506105 0.000506851 0.000506588 0.000506649
0.08 0.000907517 0.000909693 0.000908926 0.000909104
0.1 0.00152113 0.00152628 0.00152447 0.00152489
0.12 0.00224385 0.00225445 0.00225072 0.00225158
0.14 0.00289842 0.00291804 0.00291113 0.00291273
0.16 0.00347873 0.00351197 0.00350028 0.00350298
0.18 0.00411433 0.00416673 0.00414833 0.00415258
0.2 0.00497301 0.00505119 0.00502379 0.00503009
0.22 0.00617208 0.00628404 0.00624488 0.00625385
0.24 0.00775518 0.00791079 0.00785647 0.00786887
0.26 0.00980297 0.0100146 0.00994087 0.00995764
0.28 0.0125291 0.0128124 0.0127139 0.0127362
0.3 0.0161809 0.0165559 0.0164258 0.0164552
0.32 0.0208043 0.0212967 0.0211262 0.0211646
0.34 0.0261959 0.0268385 0.0266165 0.0266662
0.36 0.0321114 0.0329455 0.0326579 0.0327221
0.38 0.0384883 0.0395642 0.0391939 0.0392763
0.4 0.0453966 0.0467743 0.0463009 0.046406
0.42 0.0528266 0.0545768 0.0539766 0.0541093
0.44 0.0606682 0.0628729 0.0621182 0.0622845
0.46 0.0687738 0.0715266 0.0705863 0.0707927
0.48 0.076943 0.0803494 0.0791884 0.0794423
0.5 0.0849265 0.089104 0.0876836 0.0879928
0.52 0.0924734 0.0975506 0.0958287 0.0962017
0.54 0.0994856 0.105602 0.103533 0.103979
0.56 0.106215 0.113518 0.111056 0.111583
0.58 0.113031 0.121679 0.118773 0.119392
0.6 0.119939 0.130098 0.126697 0.127416
0.62 0.126657 0.138502 0.134552 0.13538
0.64 0.133086 0.146797 0.142243 0.14319
0.66 0.139367 0.155134 0.149921 0.150995
0.68 0.145525 0.163542 0.157615 0.158824
0.7 0.151355 0.171824 0.165124 0.166477
0.72 0.156634 0.17976 0.172233 0.173734
0.74 0.161174 0.187166 0.178756 0.180413
0.76 0.164864 0.193934 0.184586 0.186403
0.78 0.167769 0.200128 0.189791 0.191771
0.8 0.169948 0.205806 0.194432 0.196576
0.82 0.171246 0.210812 0.198354 0.200663
0.84 0.171645 0.215121 0.20154 0.20401
0.86 0.171549 0.219132 0.204392 0.207019
0.88 0.171368 0.223247 0.207318 0.210094
0.9 0.171283 0.227641 0.2105 0.213415
0.92 0.171515 0.232524 0.214152 0.217194
0.94 0.172106 0.237932 0.218319 0.221472
0.96 0.17262 0.243422 0.222561 0.225808
0.98 0.172694 0.248621 0.226514 0.229834
1 0.172408 0.253601 0.230255 0.233625
1.02 0.171889 0.258482 0.233912 0.237305
1.04 0.171168 0.26328 0.237508 0.240894
1.06 0.170244 0.267988 0.241043 0.24439
1.08 0.169042 0.272517 0.244436 0.247709
1.1 0.167487 0.276783 0.24761 0.25077
1.12 0.165728 0.28092 0.250709 0.253714
1.14 0.164031 0.285183 0.253994 0.256799
1.16 0.16247 0.289633 0.257537 0.260094
1.18 0.161023 0.294236 0.261308 0.263566
1.2 0.159917 0.299208 0.265533 0.267439
1.22 0.159666 0.305049 0.270719 0.272216
1.24 0.160633 0.312115 0.277229 0.278258
1.26 0.162581 0.320159 0.284822 0.285321
1.28 0.164861 0.328527 0.29285 0.292755
1.3 0.166994 0.336733 0.30083 0.300077
1.32 0.168859 0.344651 0.308643 0.307164
1.34 0.170526 0.352345 0.316356 0.314083
1.36 0.171955 0.359769 0.323929 0.320791
1.38 0.17284 0.36661 0.331053 0.326977
1.4 0.172847 0.372529 0.337393 0.332307
1.42 0.171878 0.377418 0.342847 0.336676
1.44 0.170066 0.381401 0.347544 0.340212
1.46 0.167644 0.384701 0.351712 0.343141
1.48 0.164766 0.387461 0.355499 0.345611
1.5 0.161485 0.389722 0.358952 0.347668
1.52 0.157891 0.391562 0.362153 0.349394
1.54 0.154185 0.393171 0.365298 0.350981
1.56 0.15055 0.394719 0.368561 0.352606
1.58 0.147033 0.396243 0.371984 0.354309
1.6 0.143681 0.397779 0.375606 0.356129
1.62 0.140618 0.399439 0.379543 0.358183
1.64 0.137788 0.401161 0.383734 0.36041
1.66 0.134812 0.402556 0.387793 0.362426
1.68 0.131277 0.403202 0.391302 0.363811
1.7 0.127066 0.402976 0.394134 0.364444
1.72 0.12233 0.402018 0.396436 0.364469
1.74 0.117225 0.400477 0.398355 0.364036
1.76 0.111797 0.398387 0.399926 0.363184
1.78 0.106004 0.395698 0.401102 0.361865
1.8 0.0997476 0.392303 0.401772 0.359972
1.82 0.0930768 0.38824 0.401978 0.357548
1.84 0.0863292 0.383839 0.402046 0.354925
1.86 0.0798462 0.379432 0.40231 0.352436
1.88 0.0735342 0.374916 0.402665 0.349982
1.9 0.0669302 0.369823 0.402639 0.347094
1.92 0.0597431 0.363853 0.401931 0.343474
1.94 0.0520092 0.357037 0.400568 0.339154
1.96 0.0438292 0.349467 0.39864 0.334229
1.98 0.0353638 0.341296 0.396296 0.328851
2 0.026992 0.332897 0.393905 0.323395
2.02 0.0189797 0.324529 0.391722 0.318119
2.04 0.0111898 0.31605 0.389599 0.312883
2.06 0.00367318 0.307507 0.387578 0.307732
2.08 -0.00302389 0.299443 0.386194 0.30321
2.1 -0.00849821 0.29226 0.385843 0.299717
2.12 -0.0129982 0.285712 0.386269 0.297004
2.14 -0.0172621 0.279064 0.386727 0.294334
2.16 -0.0219038 0.271706 0.386597 0.291093
2.18 -0.0271884 0.263378 0.385609 0.28702
2.2 -0.0333971 0.253804 0.383474 0.281832
2.22 -0.0407476 0.242768 0.379967 0.275314
2.24 -0.0490685 0.230446 0.375252 0.267635
2.26 -0.0578811 0.217316 0.369798 0.259273
2.28 -0.0664456 0.204119 0.364336 0.250966
2.3 -0.0740842 0.191536 0.359534 0.24339
2.32 -0.0806512 0.179716 0.355529 0.236692
2.34 -0.0861658 0.168646 0.352297 0.230854
2.36 -0.0903375 0.158625 0.350121 0.226169
2.38 -0.092866 0.149963 0.349299 0.222944
2.4 -0.0939139 0.142513 0.349665 0.221021
2.42 -0.0939113 0.135859 0.350789 0.219981
2.44 -0.0929073 0.129971 0.352623 0.219783
2.46 -0.0905858 0.125186 0.355486 0.220757
2.48 -0.0868943 0.121579 0.359432 0.222968
2.5 -0.0822002 0.118808 0.3641 0.226063
2.52 -0.0769944 0.116407 0.369005 0.229568
2.54 -0.0718083 0.113873 0.373622 0.232968
2.56 -0.0671696 0.110705 0.377432 0.235751
2.58 -0.0633677 0.106641 0.380151 0.237645
2.6 -0.0605126 0.101595 0.381675 0.238554
2.62 -0.058663 0.0955312 0.381951 0.238434
2.64 -0.0574385 0.088852 0.381363 0.237677
2.66 -0.0560391 0.0823774 0.380715 0.237095
2.68 -0.0538734 0.076719 0.380602 0.237292
2.7 -0.0506358 0.0722031 0.381336 0.238584
2.72 -0.0461442 0.0690337 0.383105 0.241167
2.74 -0.0402258 0.067407 0.386087 0.245229
2.76 -0.0326001 0.0676287 0.390575 0.251065
2.78 -0.0235257 0.0694675 0.396318 0.258434
2.8 -0.014341 0.0716129 0.401992 0.266016
2.82 -0.0067047 0.072434 0.40595 0.27217
2.84 -0.00169564 0.0708764 0.407124 0.275832
2.86 0.000315315 0.0665887 0.405151 0.276645
2.88 -0.000418147 0.0598391 0.40029 0.274869
2.9 -0.00334037 0.0511919 0.393099 0.271066
2.92 -0.00814927 0.0409537 0.383882 0.26554
2.94 -0.0148433 0.0291262 0.372638 0.258289
2.96 -0.0232352 0.0158929 0.359551 0.249499
2.98 -0.0328561 0.00171555 0.345084 0.23963
3 -0.0435048 -0.0132152 0.329433 0.228876
3.02 -0.0551673 -0.0288983 0.312603 0.217241
3.04 -0.0671043 -0.0446096 0.295325 0.205451
3.06 -0.0778101 -0.0588598 0.279098 0.195001
3.08 -0.0862413 -0.0706208 0.264957 0.186921
3.1 -0.0928137 -0.0803214 0.252481 0.180787
3.12 -0.0989853 -0.0894311 0.240209 0.175131
3.14 -0.106095 -0.0993004 0.226798 0.168607
3.16 -0.114844 -0.110642 0.211547 0.160505
3.18 -0.125252 -0.123494 0.194427 0.150791
3.2 -0.136813 -0.137371 0.175938 0.139958
3.22 -0.149088 -0.151853 0.156514 0.128431
3.24 -0.162052 -0.166941 0.136168 0.116215
3.26 -0.175904 -0.182858 0.114695 0.103096
3.28 -0.190777 -0.199766 0.0919503 0.0889193
3.3 -0.206495 -0.217518 0.0680999 0.0738416
3.32 -0.222347 -0.235433 0.0438429 0.0585516
3.34 -0.237223 -0.252433 0.0202772 0.0441365
3.36 -0.250026 -0.267451 -0.00150918 0.0316737
3.38 -0.259986 -0.279744 -0.0207553 0.0219134
3.4 -0.266841 -0.289071 -0.0372026 0.0151036
3.42 -0.270959 -0.295818 -0.0512224 0.0108632
3.44 -0.273464 -0.301125 -0.0639381 0.00805822
3.46 -0.275707 -0.306351 -0.0766969 0.00533192
3.48 -0.27844 -0.312258 -0.0902471 0.00192592
3.5 -0.281765 -0.318962 -0.104689 -0.00227015
3.52 -0.285296 -0.326085 -0.119633 -0.00687728
3.54 -0.28848 -0.333087 -0.134524 -0.011349
3.56 -0.291081 -0.339741 -0.149122 -0.0154574
3.58 -0.292952 -0.345911 -0.163276 -0.0190615
3.6 -0.293649 -0.351159 -0.176538 -0.0217219
3.62 -0.292584 -0.354905 -0.188313 -0.0228548
3.64 -0.289396 -0.356788 -0.198233 -0.0220998
3.66 -0.284227 -0.35695 -0.206428 -0.0195982
3.68 -0.277589 -0.355898 -0.213398 -0.0158582
3.7 -0.270135 -0.354277 -0.219782 -0.0115262
3.72 -0.262551 -0.352766 -0.226252 -0.00728374
3.74 -0.255362 -0.351879 -0.233316 -0.00364635
3.76 -0.248986 -0.352025 -0.241378 -0.00102726
3.78 -0.243877 -0.35365 -0.250877 0.000127759
3.8 -0.240185 -0.356895 -0.26195 -0.00032678
3.82 -0.237279 -0.361126 -0.273954 -0.00175674
3.84 -0.234155 -0.365334 -0.285875 -0.00315522
3.86 -0.230487 -0.369187 -0.297374 -0.0041921
3.88 -0.226714 -0.373119 -0.308878 -0.00530186
3.9 -0.22317 -0.377457 -0.32071 -0.00681474
3.92 -0.219654 -0.381993 -0.332657 -0.00852565
3.94 -0.215951 -0.386506 -0.344491 -0.0102143
3.96 -0.212359 -0.391285 -0.356498 -0.0121727
3.98 -0.20956 -0.397007 -0.369349 -0.0150803
4 -0.208468 -0.404576 -0.383947 -0.0198454
4.02 -0.210162 -0.41507 -0.40136 -0.0275448
4.04 -0.215657 -0.429502 -0.422598 -0.0391942
4.06 -0.225797 -0.448723 -0.448504 -0.0556437
4.08 -0.241458 -0.473622 -0.479954 -0.077778
4.1 -0.263822 -0.505401 -0.518138 -0.106796
4.12 -0.294119 -0.545322 -0.564303 -0.143952
4.14 -0.332386 -0.593467 -0.618507 -0.189316
4.16 -0.376293 -0.64756 -0.678452 -0.240599
4.18 -0.42178 -0.703603 -0.740115 -0.293789
4.2 -0.46467 -0.757484 -0.799355 -0.344755
4.22 -0.502059 -0.806357 -0.853304 -0.390638
4.24 -0.533296 -0.849624 -0.90134 -0.430827
4.26 -0.558969 -0.88791 -0.944076 -0.46594
4.28 -0.578703 -0.920871 -0.981153 -0.495626
4.3 -0.59056 -0.946586 -1.01064 -0.517961
4.32 -0.591716 -0.962236 -1.02973 -0.530129
4.34 -0.579525 -0.965156 -1.03575 -0.529472
4.36 -0.552743 -0.954069 -1.02744 -0.514724
4.38 -0.513725 -0.931267 -1.00713 -0.488198
4.4 -0.468708 -0.902907 -0.980985 -0.456076
4.42 -0.422644 -0.87385 -0.953916 -0.423248
4.44 -0.376945 -0.845414 -0.927275 -0.39106
4.46 -0.333486 -0.819378 -0.902878 -0.361321
4.48 -0.296356 -0.799741 -0.884762 -0.338059
4.5 -0.269846 -0.790711 -0.877168 -0.325507
4.52 -0.256804 -0.795074 -0.882908 -0.326473
4.54 -0.258413 -0.813968 -0.903142 -0.34211
4.56 -0.274124 -0.846825 -0.937313 -0.371859
4.58 -0.300392 -0.890098 -0.981881 -0.412178
4.6 -0.331101 -0.937691 -1.03075 -0.456969
4.62 -0.360595 -0.983971 -1.07827 -0.500598
4.64 -0.384613 -1.0247 -1.12022 -0.538823
4.66 -0.401385 -1.05813 -1.15484 -0.569889
4.68 -0.412927 -1.08627 -1.18415 -0.595822
4.7 -0.422258 -1.11214 -1.21117 -0.61964
4.72 -0.430419 -1.13678 -1.23695 -0.642384
4.74 -0.437709 -1.16048 -1.26178 -0.66435
4.76 -0.445973 -1.18507 -1.28751 -0.687378
4.78 -0.457771 -1.21311 -1.3167 -0.714028
4.8 -0.473532 -1.24501 -1.34978 -0.744729
4.82 -0.489733 -1.27726 -1.38324 -0.775963
4.84 -0.500822 -1.30431 -1.41153 -0.802184
4.86 -0.502349 -1.3217 -1.4302 -0.818942
4.88 -0.492048 -1.32715 -1.43697 -0.823956
4.9 -0.470764 -1.32146 -1.43269 -0.81805
4.92 -0.4424 -1.30849 -1.42121 -0.805091
4.94 -0.41163 -1.29283 -1.40718 -0.789709
4.96 -0.38219 -1.27817 -1.39429 -0.775593
4.98 -0.356794 -1.26714 -1.38522 -0.765412
5 -0.337713 -1.26197 -1.38221 -0.761396
5.02 -0.327768 -1.26541 -1.38805 -0.766337
5.04 -0.330388 -1.28087 -1.40615 -0.783641
5.06 -0.347958 -1.31073 -1.4389 -0.815688
5.08 -0.381024 -1.35554 -1.48685 -0.863037
5.1 -0.429231 -1.41499 -1.54968 -0.925363
5.12 -0.491845 -1.48841 -1.62669 -1.00198
5.14 -0.567051 -1.57406 -1.71613 -1.09114
5.16 -0.651218 -1.66843 -1.81444 -1.18929
5.18 -0.739704 -1.767 -1.91706 -1.29188
5.2 -0.828858 -1.86624 -2.02042 -1.39536
5.22 -0.917402 -1.96502 -2.12333 -1.49855
5.24 -1.00619 -2.0643 -2.22673 -1.60239
5.26 -1.09796 -2.16698 -2.33345 -1.70973
5.28 -1.19622 -2.27668 -2.44707 -1.82417
5.3 -1.30234 -2.39494 -2.56909 -1.9472
5.32 -1.41565 -2.52121 -2.69891 -2.07824
5.34 -1.53483 -2.65438 -2.83535 -2.21613
5.36 -1.65713 -2.79184 -2.97576 -2.35821
5.38 -1.77735 -2.92858 -3.11505 -2.49944
5.4 -1.88932 -3.05858 -3.24719 -2.63377
5.42 -1.98984 -3.17881 -3.36906 -2.7581
5.44 -2.08044 -3.29094 -3.48231 -2.87409
5.46 -2.16306 -3.39701 -3.58894 -2.98374
5.48 -2.23552 -3.49494 -3.68687 -3.08496
5.5 -2.29299 -3.57998 -3.77132 -3.17297
5.52 -2.33124 -3.64795 -3.83811 -3.24361
5.54 -2.34758 -3.69616 -3.88456 -3.29417
5.56 -2.34036 -3.72295 -3.90906 -3.32303
5.58 -2.30841 -3.72707 -3.91037 -3.32894
5.6 -2.25141 -3.70811 -3.88816 -3.31154
5.62 -2.17189 -3.66844 -3.84487 -3.27324
5.64 -2.07573 -3.61374 -3.78628 -3.21981
5.66 -1.97078 -3.55164 -3.72013 -3.15893
5.68 -1.86387 -3.48875 -3.65311 -3.09728
5.7 -1.75766 -3.42747 -3.58777 -3.03735
5.72 -1.65181 -3.36724 -3.52363 -2.97864
5.74 -1.54601 -3.30748 -3.46025 -2.92067
5.76 -1.4414 -3.2491 -3.39865 -2.86442
5.78 -1.3408 -3.19468 -3.3415 -2.81254
5.8 -1.24593 -3.1457 -3.29042 -2.76659
5.82 -1.15411 -3.09926 -3.2426 -2.72375
5.84 -1.05889 -3.04868 -3.19147 -2.67739
5.86 -0.954767 -2.98825 -3.13141 -2.62189
5.88 -0.841033 -2.91701 -3.06158 -2.55636
5.9 -0.721732 -2.83877 -2.98589 -2.48468
5.92 -0.603185 -2.7596 -2.91052 -2.41301
5.94 -0.490465 -2.68432 -2.84041 -2.34623
5.96 -0.38607 -2.61521 -2.7779 -2.2867
5.98 -0.291185 -2.55323 -2.72407 -2.23544
6 -0.207106 -2.49949 -2.68009 -2.19362
6.02 -0.135552 -2.45553 -2.64759 -2.16284
6.04 -0.0766685 -2.42136 -2.6266 -2.14313
6.06 -0.0258921 -2.39228 -2.61251 -2.12987
6.08 0.0244065 -2.36058 -2.5976 -2.11533
6.1 0.0795933 -2.32079 -2.57644 -2.0941
6.12 0.139701 -2.27278 -2.54894 -2.06606
6.14 0.198346 -2.22284 -2.5214 -2.03754
6.16 0.246795 -2.17964 -2.5025 -2.0172
6.18 0.280238 -2.14791 -2.49697 -2.00982
6.2 0.298175 -2.12813 -2.50529 -2.01586
6.22 0.302566 -2.11835 -2.52546 -2.03336
6.24 0.297028 -2.11497 -2.55386 -2.05872
6.26 0.285487 -2.11413 -2.58657 -2.08804
6.28 0.271738 -2.11209 -2.61979 -2.11757
6.3 0.260052 -2.10468 -2.64926 -2.1431
6.32 0.254582 -2.08781 -2.67086 -2.1605
6.34 0.257664 -2.05924 -2.68223 -2.16751
6.36 0.267075 -2.02126 -2.68562 -2.16637
6.38 0.27668 -1.98009 -2.68714 -2.16326
6.4 0.281032 -1.94124 -2.69225 -2.16368
6.42 0.276636 -1.9083 -2.70443 -2.17116
6.44 0.261423 -1.88346 -2.72577 -2.18784
6.46 0.235246 -1.86698 -2.75644 -2.21395
6.48 0.200646 -1.8565 -2.79393 -2.24703
6.5 0.162642 -1.84714 -2.83326 -2.28217
6.52 0.126178 -1.83416 -2.86955 -2.31454
6.54 0.0944462 -1.81455 -2.89966 -2.34106
6.56 0.0684509 -1.78746 -2.92261 -2.36083
6.58 0.0456683 -1.75561 -2.94097 -2.37647
6.6 0.0210534 -1.72421 -2.95984 -2.39314
6.62 -0.00900238 -1.69705 -2.98285 -2.41455
6.64 -0.0448982 -1.6747 -3.01046 -2.44122
6.66 -0.0848244 -1.65555 -3.04091 -2.47144
6.68 -0.126576 -1.63761 -3.07205 -2.50314
6.7 -0.169296 -1.62021 -3.10309 -2.53558
6.72 -0.21412 -1.6047 -3.13523 -2.57004
6.74 -0.26323 -1.59347 -3.1707 -2.60882
6.76 -0.317089 -1.5872 -3.21006 -2.65251
6.78 -0.372534 -1.58295 -3.2502 -2.6981
6.8 -0.424562 -1.57593 -3.28621 -2.74071
6.82 -0.468825 -1.56201 -3.3138 -2.77613
6.84 -0.502033 -1.53809 -3.32976 -2.8012
6.86 -0.52193 -1.50209 -3.33188 -2.81375
6.88 -0.527942 -1.45358 -3.31963 -2.81331
6.9 -0.52122 -1.39385 -3.2942 -2.8011
6.92 -0.503301 -1.32453 -3.25712 -2.77871
6.94 -0.475117 -1.24662 -3.20933 -2.74711
6.96 -0.438096 -1.16162 -3.15227 -2.70774
6.98 -0.395474 -1.07278 -3.08914 -2.66385
7 -0.351328 -0.984211 -3.024 -2.61953
7.02 -0.308758 -0.899026 -2.95993 -2.57786
7.04 -0.268604 -0.818074 -2.89775 -2.53968
7.06 -0.228728 -0.739223 -2.83529 -2.50284
7.08 -0.185928 -0.659272 -2.76933 -2.46413
7.1 -0.139344 -0.577354 -2.699 -2.42267
7.12 -0.0908921 -0.495364 -2.62619 -2.38035
7.14 -0.043453 -0.416157 -2.55373 -2.34003
7.16 0.000157492 -0.342517 -2.48444 -2.30449
7.18 0.0382506 -0.276103 -2.41996 -2.27538
7.2 0.0718436 -0.215868 -2.35927 -2.25167
7.22 0.10391 -0.15881 -2.29938 -2.23034
7.24 0.136626 -0.102725 -2.23811 -2.20921
7.26 0.170639 -0.0469284 -2.17479 -2.18759
7.28 0.20573 0.00840459 -2.10963 -2.16566
7.3 0.240835 0.0622574 -2.04369 -2.14446
7.32 0.27461 0.113342 -1.97829 -2.12527
7.34 0.306315 0.160975 -1.91417 -2.10881
7.36 0.335229 0.204493 -1.85203 -2.09575
7.38 0.359825 0.242427 -1.7934 -2.08757
7.4 0.378408 0.27314 -1.73997 -2.08593
7.42 0.390163 0.295867 -1.69257 -2.09161
7.44 0.396448 0.312009 -1.64984 -2.10322
7.46 0.401109 0.325454 -1.60796 -2.11689
7.48 0.408372 0.34047 -1.56273 -2.12836
7.5 0.421538 0.360407 -1.51086 -2.13431
7.52 0.44316 0.387882 -1.4498 -2.13213
7.54 0.474738 0.424473 -1.37807 -2.12028
7.56 0.515902 0.469906 -1.29602 -2.09907
7.58 0.563303 0.52095 -1.20699 -2.07175
7.6 0.611315 0.572102 -1.11659 -2.04388
7.62 0.654154 0.61771 -1.03057 -2.02115
7.64 0.686839 0.652913 -0.953906 -2.00847
7.66 0.705894 0.674347 -0.890063 -2.00922
7.68 0.70995 0.680732 -0.840419 -2.02473
7.7 0.699825 0.672952 -0.804183 -2.05414
7.72 0.678455 0.653991 -0.778455 -2.09448
7.74 0.649885 0.627924 -0.75924 -2.14169
7.76 0.618041 0.598693 -0.742672 -2.19186
7.78 0.585905 0.569296 -0.725828 -2.24198
7.8 0.555138 0.541403 -0.707113 -2.29041
7.82 0.526524 0.515815 -0.685803 -2.33635
7.84 0.50041 0.492897 -0.66161 -2.37946
7.86 0.476477 0.472351 -0.634912 -2.42004
7.88 0.453643 0.45312 -0.606845 -2.45917
7.9 0.43118 0.4345 -0.578194 -2.49757
7.92 0.410014 0.417449 -0.548084 -2.53429
7.94 0.39218 0.404027 -0.514534 -2.5673
7.96 0.379035 0.395626 -0.476235 -2.59521
7.98 0.37054 0.392247 -0.433269 -2.61805
8 0.365703 0.392942 -0.38667 -2.63678
8.02 0.362771 0.39601 -0.338225 -2.65313
8.04 0.359828 0.399586 -0.289886 -2.66899
8.06 0.355971 0.402816 -0.242589 -2.68522
8.08 0.351571 0.406121 -0.195996 -2.70143
8.1 0.347907 0.410824 -0.148864 -2.71631
8.12 0.346855 0.418846 -0.0993514 -2.72796
8.14 0.350276 0.432094 -0.0456264 -2.7345
8.16 0.359501 0.45195 0.0136148 -2.73455
8.18 0.37533 0.479273 0.0791536 -2.72729
8.2 0.397948 0.514311 0.15116 -2.71249
8.22 0.42668 0.556464 0.228953 -2.69076
8.24 0.460318 0.604603 0.311326 -2.66327
8.26 0.49812 0.658068 0.397541 -2.63071
8.28 0.540207 0.717068 0.487729 -2.59288
8.3 0.586694 0.781811 0.582021 -2.54961
8.32 0.63679 0.851596 0.679643 -2.50163
8.34 0.688817 0.92484 0.778941 -2.45054
8.36 0.740851 0.999713 0.878015 -2.3982
8.38 0.791049 1.07446 0.975047 -2.3464
8.4 0.837703 1.14745 1.06835 -2.29677
8.42 0.879524 1.21747 1.15666 -2.25056
8.44 0.91587 1.28392 1.23934 -2.20835
8.46 0.947015 1.34714 1.31668 -2.16986
8.48 0.974528 1.40871 1.39025 -2.13347
8.5 1.00109 1.47133 1.46274 -2.09648
8.52 1.02972 1.53804 1.53715 -2.05588
8.54 1.06313 1.61155 1.61621 -2.00892
8.56 1.1036 1.69417 1.7022 -1.95331
8.58 1.15282 1.78759 1.79682 -1.88734
8.6 1.21175 1.89278 1.90105 -1.81004
8.62 1.28034 2.00976 2.01489 -1.72139
8.64 1.35596 2.13591 2.13574 -1.624
8.66 1.433 2.26568 2.25802 -1.52344
8.68 1.50568 2.39333 2.37603 -1.42543
8.7 1.56932 2.51421 2.48512 -1.33462
8.72 1.6198 2.62422 2.5812 -1.25509
8.74 1.65469 2.72089 2.66187 -1.1893
8.76 1.67452 2.80472 2.72767 -1.13671
8.78 1.68296 2.8793 2.78225 -1.0937
8.8 1.6846 2.94912 2.83019 -1.05572
8.82 1.6823 3.01692 2.87431 -1.01999
8.84 1.67701 3.08352 2.91554 -0.985617
8.86 1.6687 3.14877 2.95381 -0.952723
8.88 1.65687 3.21199 2.98857 -0.921889
8.9 1.64105 3.27257 3.01932 -0.893686
8.92 1.62106 3.33016 3.04582 -0.86838
8.94 1.59703 3.38472 3.06817 -0.845949
8.96 1.56939 3.43647 3.08673 -0.826078
8.98 1.53926 3.48636 3.10256 -0.807758
9 1.50882 3.53635 3.11778 -0.788948
9.02 1.48056 3.58873 3.13483 -0.767257
9.04 1.45645 3.64527 3.1556 -0.740858
9.06 1.43739 3.70667 3.18096 -0.708957
9.08 1.42239 3.77175 3.20985 -0.672661
9.1 1.40864 3.83752 3.23942 -0.634883
9.12 1.39311 3.90078 3.26662 -0.598753
9.14 1.37363 3.95917 3.28921 -0.56656
9.16 1.34928 4.01157 3.30623 -0.53933
9.18 1.32085 4.05859 3.31842 -0.516387
9.2 1.29053 4.10221 3.3279 -0.495666
9.22 1.26075 4.14469 3.33707 -0.474845
9.24 1.23324 4.18756 3.3476 -0.45231
9.26 1.20854 4.23116 3.35997 -0.427639
9.28 1.18573 4.2744 3.37321 -0.401862
9.3 1.16267 4.31498 3.38514 -0.377217
9.32 1.13681 4.35017 3.39316 -0.356351
9.34 1.10593 4.3776 3.39501 -0.341586
9.36 1.06838 4.39544 3.38898 -0.334678
9.38 1.02322 4.40258 3.37408 -0.336667
9.4 0.970819 4.39922 3.35061 -0.347307
9.42 0.913395 4.38739 3.32073 -0.364487
9.44 0.854226 4.37019 3.28763 -0.385051
9.46 0.796068 4.3502 3.25399 -0.406357
9.48 0.740609 4.32894 3.22144 -0.426829
9.5 0.688691 4.3071 3.19074 -0.445725
9.52 0.640563 4.28478 3.16209 -0.46289
9.54 0.596068 4.2617 3.13527 -0.478568
9.56 0.554779 4.23733 3.1098 -0.493258
9.58 0.516357 4.21123 3.08528 -0.507366
9.6 0.480907 4.18342 3.06179 -0.520844
9.62 0.448981 4.15438 3.03983 -0.533188
9.64 0.421398 4.12489 3.0202 -0.543616
9.66 0.398968 4.09573 3.00367 -0.551345
9.68 0.382135 4.06731 2.99067 -0.555949
9.7 0.370701 4.03944 2.98098 -0.557626
9.72 0.363895 4.01138 2.97383 -0.557141
9.74 0.360976 3.98242 2.96848 -0.555215
9.76 0.361972 3.95265 2.96497 -0.551789
9.78 0.367682 3.92293 2.9641 -0.546025
9.8 0.37905 3.89431 2.96683 -0.536927
9.82 0.396612 3.86742 2.97373 -0.523897
9.84 0.420153 3.84218 2.98462 -0.507073
9.86 0.448877 3.81793 2.99874 -0.487166
9.88 0.482032 3.79408 3.01539 -0.464829
9.9 0.519226 3.77042 3.03423 -0.440346
9.92 0.560154 3.74684 3.05501 -0.413905
9.94 0.604272 3.723 3.07726 -0.385925
9.96 0.650986 3.69851 3.10045 -0.356866
9.98 0.700243 3.67356 3.1246 -0.326643
10 0.75257 3.64891 3.15032 -0.294581
10.02 0.80819 3.62502 3.17791 -0.260307
10.04 0.866282 3.60134 3.20664 -0.22448
10.06 0.925326 3.57661 3.23507 -0.188458
10.08 0.983712 3.54949 3.26169 -0.153682
10.1 1.04004 3.51885 3.28519 -0.12139
10.12 1.09316 3.48382 3.30451 -0.092554
10.14 1.142 3.44358 3.31866 -0.068094
10.16 1.18539 3.39725 3.32656 -0.0490102
10.18 1.22245 3.34418 3.32742 -0.0360282
10.2 1.25433 3.28577 3.32244 -0.0278636
10.22 1.28436 3.22558 3.31503 -0.0210401
10.24 1.31518 3.1665 3.30789 -0.0127749
10.26 1.34786 3.10983 3.30218 -0.00186292
10.28 1.3826 3.05598 3.29814 0.0120341
10.3 1.41888 3.00468 3.29534 0.0285269
10.32 1.45594 2.95541 3.2931 0.0470168
10.34 1.49325 2.90784 3.29095 0.0670828
10.36 1.53023 2.86164 3.28839 0.0883006
10.38 1.56584 2.81599 3.28446 0.109755
10.4 1.59856 2.76956 3.27771 0.130047
10.42 1.62688 2.72106 3.26669 0.147799
10.44 1.64967 2.66954 3.25035 0.161985
10.46 1.66623 2.61448 3.22805 0.172019
10.48 1.6764 2.55587 3.19967 0.17781
10.5 1.68063 2.4943 3.16571 0.179902
10.52 1.68018 2.43116 3.12748 0.179628
10.54 1.67673 2.36822 3.08669 0.178715
10.56 1.67169 2.307 3.04477 0.178626
10.58 1.66597 2.24847 3.00267 0.180309
10.6 1.65983 2.19299 2.96067 0.184074
10.62 1.65287 2.1402 2.91841 0.189544
10.64 1.64424 2.08933 2.87506 0.195901
10.66 1.63293 2.03938 2.82962 0.202149
10.68 1.61809 1.98954 2.78128 0.207445
10.7 1.59943 1.93954 2.72974 0.211498
10.72 1.57738 1.88979 2.67546 0.21474
10.74 1.55313 1.84149 2.61963 0.218346
10.76 1.52831 1.79621 2.56389 0.223905
10.78 1.50424 1.75526 2.50957 0.232724
10.8 1.48163 1.71929 2.45736 0.245463
10.82 1.46073 1.68848 2.40752 0.262335
10.84 1.44156 1.66283 2.3601 0.283338
10.86 1.42387 1.64199 2.31483 0.308146
10.88 1.40686 1.62511 2.27093 0.335945
10.9 1.38943 1.611 2.2273 0.365561
10.92 1.3704 1.59841 2.18277 0.395771
10.94 1.3489 1.58635 2.13647 0.425632
10.96 1.3244 1.57421 2.08789 0.454558
10.98 1.29667 1.56161 2.03676 0.482227
11 1.26585 1.54859 1.98326 0.508713
11.02 1.23262 1.53567 1.92802 0.534595
11.04 1.19795 1.52368 1.87202 0.560747
11.06 1.163 1.5136 1.81639 0.588218
11.08 1.12905 1.50657 1.76242 0.61821
11.1 1.09739 1.50369 1.71135 0.651873
11.12 1.06901 1.50581 1.6642 0.690124
11.14 1.04453 1.51336 1.62154 0.733452
11.16 1.02394 1.52617 1.58337 0.781754
11.18 1.0065 1.54334 1.54894 0.834191
11.2 0.990375 1.56287 1.51643 0.888832
11.22 0.973043 1.58209 1.48331 0.943057
11.24 0.952594 1.59891 1.44767 0.994854
11.26 0.92823 1.61238 1.4087 1.04332
11.28 0.900021 1.62239 1.36648 1.08843
11.3 0.868693 1.62948 1.3217 1.13078
11.32 0.835636 1.63485 1.27575 1.17164
11.34 0.802808 1.64028 1.23057 1.21287
11.36 0.772022 1.64739 1.18796 1.25616
11.38 0.744366 1.65708 1.14897 1.30247
11.4 0.720189 1.66953 1.11396 1.35206
11.42 0.698744 1.68383 1.08217 1.40406
11.44 0.678066 1.69784 1.05161 1.45641
11.46 0.656347 1.7096 1.02049 1.50722
11.48 0.633174 1.71855 0.988369 1.55597
11.5 0.609562 1.72556 0.956267 1.60357
11.52 0.587399 1.73235 0.92606 1.65184
11.54 0.568276 1.74038 0.89933 1.70227
11.56 0.552781 1.75011 0.876662 1.75536
11.58 0.540626 1.76113 0.857768 1.81076
11.6 0.530986 1.77251 0.841825 1.86757
11.62 0.52297 1.78327 0.827947 1.92485
11.64 0.515884 1.79261 0.815447 1.98184
11.66 0.509209 1.79994 0.803816 2.03797
11.68 0.502727 1.80497 0.792841 2.09299
11.7 0.496583 1.80778 0.78268 2.14699
11.72 0.491079 1.80862 0.773643 2.20025
11.74 0.486354 1.80757 0.765879 2.25287
11.76 0.482194 1.80439 0.759185 2.30461
11.78 0.478072 1.79852 0.753046 2.35492
11.8 0.473332 1.78927 0.746818 2.40313
11.82 0.467367 1.77603 0.739903 2.44863
11.84 0.459696 1.75831 0.731832 2.49091
11.86 0.450057 1.73584 0.72235 2.52972
11.88 0.438473 1.70865 0.711486 2.56508
11.9 0.424986 1.67678 0.699287 2.59701
11.92 0.409327 1.63998 0.685486 2.62526
11.94 0.391032 1.5978 0.669619 2.64936
11.96 0.369648 1.5498 0.651229 2.66887
11.98 0.344776 1.49561 0.629912 2.68339
12 0.316303 1.43515 0.605544 2.69281
12.02 0.284829 1.36904 0.578714 2.69774
12.04 0.251644 1.29859 0.550695 2.69947
12.06 0.218053 1.22517 0.522772 2.69933
12.08 0.184769 1.14951 0.495644 2.69803
12.1 0.151757 1.07163 0.469254 2.69557
12.12 0.118512 0.991091 0.44308 2.69145
12.14 0.0844842 0.907404 0.416554 2.68515
12.16 0.0491894 0.820154 0.389173 2.67622
12.18 0.0122771 0.729067 0.360565 2.66433
12.2 -0.0262698 0.634203 0.330692 2.64951
12.22 -0.0662364 0.535862 0.299745 2.632
12.24 -0.107543 0.434208 0.267779 2.61193
12.26 -0.150374 0.329149 0.234582 2.58913
12.28 -0.194792 0.220712 0.200064 2.56359
12.3 -0.240146 0.109647 0.164847 2.53601
12.32 -0.285066 -0.002579 0.130269 2.50778
12.34 -0.328121 -0.114428 0.0977332 2.4804
12.36 -0.368225 -0.224704 0.0682962 2.45499
12.38 -0.404693 -0.332601 0.0426179 2.4323
12.4 -0.437274 -0.437736 0.0209295 2.41264
12.42 -0.466195 -0.540201 0.00298459 2.39585
12.44 -0.492044 -0.640433 -0.011816 2.38142
12.46 -0.51534 -0.738798 -0.0240041 2.3689
12.48 -0.536345 -0.835396 -0.0338481 2.35813
12.5 -0.555252 -0.930253 -0.0415462 2.34898
12.52 -0.57233 -1.02347 -0.0473722 2.34129
12.54 -0.58793 -1.11522 -0.0516771 2.33479
12.56 -0.602449 -1.20572 -0.0548587 2.32919
12.58 -0.616375 -1.29529 -0.0574035 2.32408
12.6 -0.630282 -1.38432 -0.059884 2.31899
12.62 -0.644637 -1.47309 -0.0627669 2.31355
12.64 -0.659416 -1.56142 -0.0660272 2.30788
12.66 -0.673894 -1.6484 -0.0689392 2.30279
12.68 -0.687034 -1.73282 -0.0704654 2.29941
12.7 -0.69803 -1.81372 -0.0697972 2.29864
12.72 -0.706421 -1.89045 -0.0664724 2.30103
12.74 -0.711978 -1.96262 -0.0602545 2.3069
12.76 -0.714736 -2.0301 -0.05117 2.3163
12.78 -0.715083 -2.0931 -0.0395964 2.32896
12.8 -0.713712 -2.15216 -0.026214 2.34425
12.82 -0.711466 -2.20795 -0.011851 2.36144
12.84 -0.709097 -2.26105 0.00275548 2.37986
12.86 -0.707148 -2.31187 0.0170775 2.39905
12.88 -0.70599 -2.36063 0.0307579 2.41872
12.9 -0.70586 -2.40742 0.0435715 2.43871
12.92 -0.706739 -2.45211 0.05555 2.45912
12.94 -0.708172 -2.49411 0.0671559 2.48045
12.96 -0.709403 -2.53256 0.0791561 2.50353
12.98 -0.709634 -2.56657 0.0923562 2.52922
13 -0.708397 -2.59556 0.107233 2.55802
13.02 -0.706036 -2.61981 0.123452 2.58965
13.04 -0.703733 -2.6404 0.139842 2.62297
13.06 -0.70283 -2.65862 0.155068 2.65667
13.08 -0.704273 -2.67534 0.168194 2.68983
13.1 -0.708702 -2.69118 0.178582 2.72185
13.12 -0.716657 -2.70664 0.185695 2.75218
13.14 -0.728583 -2.72214 0.189081 2.78041
13.16 -0.744751 -2.73797 0.188465 2.80623
13.18 -0.765093 -2.75407 0.183898 2.82972
13.2 -0.789133 -2.77001 0.17584 2.85131
13.22 -0.816219 -2.78519 0.164918 2.87162
13.24 -0.84584 -2.79915 0.15162 2.89111
13.26 -0.877732 -2.81172 0.136178 2.91
13.28 -0.911869 -2.82297 0.118586 2.92825
13.3 -0.948389 -2.83314 0.0986707 2.94565
13.32 -0.987483 -2.84253 0.0762029 2.96193
13.34 -1.02929 -2.85143 0.0510023 2.97686
13.36 -1.07387 -2.86004 0.0229565 2.99028
13.38 -1.12119 -2.86847 -0.00793616 3.00214
13.4 -1.17099 -2.87664 -0.0414678 3.01258
13.42 -1.22293 -2.88441 -0.0773719 3.02182
13.44 -1.27694 -2.89187 -0.115618 3.0298
13.46 -1.3332 -2.89942 -0.156447 3.03623
13.48 -1.39201 -2.90757 -0.200221 3.04066
13.5 -1.45353 -2.9167 -0.247173 3.04279
13.52 -1.51761 -2.92688 -0.297205 3.04262
13.54 -1.58394 -2.93806 -0.350094 3.04031
13.56 -1.6524 -2.95035 -0.405781 3.03583
13.58 -1.72293 -2.96396 -0.464292 3.02906
13.6 -1.79529 -2.97889 -0.525451 3.02008
13.62 -1.86871 -2.99464 -0.588564 3.0095
13.64 -1.94192 -3.01021 -0.652456 2.9984
13.66 -2.01372 -3.02468 -0.715996 2.98783
13.68 -2.08328 -3.03747 -0.778433 2.97842
13.7 -2.15 -3.04824 -0.839238 2.97063
13.72 -2.21333 -3.05671 -0.897932 2.96483
13.74 -2.2727 -3.06256 -0.954013 2.96144
13.76 -2.3275 -3.06542 -1.00693 2.9609
13.78 -2.37725 -3.06504 -1.05627 2.96356
13.8 -2.42186 -3.06155 -1.10198 2.96936
13.82 -2.46163 -3.05546 -1.14441 2.97788
13.84 -2.497 -3.04742 -1.18405 2.98854
13.86 -2.52823 -3.03785 -1.22118 3.00097
13.88 -2.55535 -3.02697 -1.25585 3.01505
13.9 -2.57835 -3.01493 -1.28809 3.03068
13.92 -2.59712 -3.00178 -1.31781 3.04786
13.94 -2.6115 -2.98747 -1.34485 3.06669
13.96 -2.62172 -2.97237 -1.36945 3.08686
13.98 -2.62859 -2.95739 -1.39243 3.10749
14 -2.63325 -2.94378 -1.41492 3.12738
14.02 -2.63682 -2.93272 -1.43802 3.14538
14.04 -2.64008 -2.92509 -1.46254 3.16064
14.06 -2.64329 -2.9212 -1.4887 3.17288
14.08 -2.64592 -2.92059 -1.51597 3.18259
14.1 -2.64674 -2.92207 -1.54311 3.19096
14.12 -2.64431 -2.92425 -1.56866 3.19942
14.14 -2.63774 -2.92623 -1.59171 3.20885
14.16 -2.6268 -2.92783 -1.61201 3.21945
14.18 -2.61173 -2.92925 -1.62976 3.23103
14.2 -2.59296 -2.93091 -1.64537 3.24315
14.22 -2.57128 -2.93357 -1.65958 3.25504
14.24 -2.5478 -2.93829 -1.67346 3.26563
14.26 -2.52349 -2.94595 -1.68794 3.27399
14.28 -2.49878 -2.95694 -1.70338 3.27975
14.3 -2.4736 -2.97109 -1.71969 3.28301
14.32 -2.44739 -2.98774 -1.73623 3.28441
14.34 -2.41928 -3.00595 -1.7521 3.28486
14.36 -2.38868 -3.02499 -1.76664 3.28505
14.38 -2.35545 -3.04462 -1.77966 3.28516
14.4 -2.31967 -3.06476 -1.79118 3.28522
14.42 -2.28125 -3.08519 -1.80103 3.28541
14.44 -2.23985 -3.10542 -1.80881 3.28615
14.46 -2.19502 -3.12482 -1.81401 3.28802
14.48 -2.14657 -3.14302 -1.81635 3.29131
14.5 -2.09475 -3.16007 -1.81599 3.29589
14.52 -2.03999 -3.17622 -1.8133 3.30147
14.54 -1.98276 -3.19172 -1.80865 3.30769
14.56 -1.9238 -3.20707 -1.80268 3.31398
14.58 -1.86402 -3.22298 -1.79622 3.31955
14.6 -1.80436 -3.24015 -1.79012 3.32361
14.62 -1.74572 -3.25925 -1.78519 3.32541
14.64 -1.68849 -3.28042 -1.7817 3.32471
14.66 -1.63226 -3.30303 -1.77918 3.32208
14.68 -1.57625 -3.32606 -1.77675 3.31842
14.7 -1.51985 -3.34866 -1.77371 3.3145
14.72 -1.46278 -3.37032 -1.76969 3.31077
14.74 -1.405 -3.39076 -1.76456 3.30738
14.76 -1.34646 -3.40969 -1.75819 3.30456
14.78 -1.28706 -3.42678 -1.75038 3.30255
14.8 -1.22717 -3.44215 -1.74141 3.30113
14.82 -1.16813 -3.45691 -1.73253 3.29912
14.84 -1.11191 -3.47281 -1.72562 3.29467
14.86 -1.0603 -3.49139 -1.72239 3.28616
14.88 -1.01416 -3.51332 -1.72363 3.27285
14.9 -0.973227 -3.53814 -1.72899 3.25512
14.92 -0.936301 -3.56444 -1.73721 3.23431
14.94 -0.901977 -3.59066 -1.74682 3.21192
14.96 -0.869321 -3.61568 -1.75683 3.18899
14.98 -0.837755 -3.63878 -1.7666 3.16619
15 -0.806641 -3.65916 -1.77545 3.14427
15.02 -0.775134 -3.67585 -1.78247 3.12415
15.04 -0.742531 -3.68799 -1.78693 3.10662
15.06 -0.708959 -3.69559 -1.78888 3.09164
15.08 -0.675729 -3.69983 -1.7896 3.07797
15.1 -0.644505 -3.70226 -1.7907 3.06404
15.12 -0.616014 -3.7035 -1.79286 3.04917
15.14 -0.589823 -3.70302 -1.79561 3.03387
15.16 -0.564933 -3.69975 -1.79791 3.01918
15.18 -0.540485 -3.69275 -1.79887 3.00602
15.2 -0.51615 -3.68164 -1.79813 2.99474
15.22 -0.491938 -3.66637 -1.79566 2.98539
15.24 -0.467905 -3.64695 -1.79149 2.97794
15.26 -0.444234 -3.62354 -1.78579 2.97223
15.28 -0.421312 -3.59649 -1.7789 2.96788
15.3 -0.399626 -3.56629 -1.7713 2.96444
15.32 -0.379749 -3.5335 -1.76353 2.96134
15.34 -0.36218 -3.49862 -1.75608 2.95807
15.36 -0.346998 -3.46177 -1.74902 2.95455
15.38 -0.333833 -3.42259 -1.74196 2.95115
15.4 -0.32218 -3.38065 -1.73439 2.94833
15.42 -0.311721 -3.33567 -1.726 2.9464
15.44 -0.30252 -3.28779 -1.71685 2.94524
15.46 -0.294787 -3.23729 -1.70714 2.94462
15.48 -0.288489 -3.18424 -1.69686 2.94452
15.5 -0.283431 -3.12853 -1.68582 2.94507
15.52 -0.279569 -3.07024 -1.67398 2.94627
15.54 -0.276839 -3.00941 -1.6613 2.94811
15.56 -0.274886 -2.94582 -1.64743 2.95088
15.58 -0.273331 -2.87922 -1.63202 2.95489
15.6 -0.272159 -2.80974 -1.61508 2.96006
15.62 -0.271838 -2.73801 -1.5971 2.96586
15.64 -0.273086 -2.66488 -1.57881 2.97147
15.66 -0.276526 -2.59116 -1.56087 2.97618
15.68 -0.282501 -2.51736 -1.54366 2.97954
15.7 -0.291003 -2.44364 -1.5272 2.98148
15.72 -0.301741 -2.36991 -1.51124 2.98216
15.74 -0.314422 -2.29607 -1.49553 2.98177
15.76 -0.329008 -2.22229 -1.48008 2.98023
15.78 -0.345599 -2.14888 -1.46503 2.97733
15.8 -0.364081 -2.07592 -1.45033 2.97304
15.82 -0.3842 -2.0034 -1.43578 2.96751
15.84 -0.405878 -1.93145 -1.42136 2.96067
15.86 -0.429132 -1.86031 -1.40713 2.95238
15.88 -0.453684 -1.78995 -1.3929 2.94279
15.9 -0.478597 -1.71964 -1.37778 2.9327
15.92 -0.502426 -1.64817 -1.3604 2.92341
15.94 -0.524062 -1.57466 -1.33972 2.91591
15.96 -0.543456 -1.49929 -1.31574 2.91012
15.98 -0.561631 -1.42329 -1.28955 2.90488
16 -0.58013 -1.3484 -1.26276 2.89854
16.02 -0.600315 -1.27621 -1.2368 2.88961
16.04 -0.622954 -1.20769 -1.21249 2.8772
16.06 -0.647979 -1.14298 -1.18983 2.86127
16.08 -0.674544 -1.08142 -1.16806 2.84253
16.1 -0.701609 -1.02219 -1.14619 2.82192
16.12 -0.728467 -0.964767 -1.1236 2.80001
16.14 -0.754598 -0.908828 -1.09983 2.77723
16.16 -0.779225 -0.853776 -1.07419 2.75424
16.18 -0.801256 -0.79869 -1.04565 2.73203
16.2 -0.819731 -0.742772 -1.01332 2.71146
16.22 -0.834529 -0.686049 -0.977141 2.69258
16.24 -0.846779 -0.629782 -0.9383 2.67417
16.26 -0.858172 -0.575786 -0.898548 2.65448
16.28 -0.86993 -0.525395 -0.859163 2.63221
16.3 -0.882751 -0.47941 -0.8209 2.60662
16.32 -0.897121 -0.438412 -0.784301 2.57716
16.34 -0.913382 -0.402835 -0.749767 2.54344
16.36 -0.931667 -0.372892 -0.717491 2.50527
16.38 -0.951461 -0.348148 -0.68702 2.46313
16.4 -0.971278 -0.327183 -0.65693 2.41846
16.42 -0.989404 -0.308345 -0.62557 2.37293
16.44 -1.00498 -0.290823 -0.592141 2.32739
16.46 -1.01815 -0.274782 -0.556834 2.28166
16.48 -1.02959 -0.260939 -0.520397 2.23506
16.5 -1.04012 -0.250109 -0.48369 2.18676
16.52 -1.05036 -0.242907 -0.447383 2.13615
16.54 -1.0609 -0.239922 -0.412127 2.08263
16.56 -1.07238 -0.241747 -0.378586 2.0256
16.58 -1.08452 -0.248095 -0.346555 1.96533
16.6 -1.09539 -0.256984 -0.31414 1.9038
16.62 -1.10221 -0.265583 -0.278606 1.8438
16.64 -1.10295 -0.271803 -0.237974 1.7874
16.66 -1.09726 -0.275196 -0.191915 1.73501
16.68 -1.08695 -0.277479 -0.142277 1.68488
16.7 -1.07529 -0.281799 -0.0923453 1.63382
16.72 -1.06513 -0.290883 -0.0449976 1.57904
16.74 -1.05806 -0.306185 -0.00184001 1.51904
16.76 -1.05416 -0.327643 0.0370299 1.45382
16.78 -1.05182 -0.353523 0.0731841 1.38508
16.8 -1.04866 -0.381297 0.108981 1.31527
16.82 -1.04294 -0.409072 0.146143 1.24623
16.84 -1.0341 -0.436128 0.18521 1.17862
16.86 -1.02256 -0.46272 0.225741 1.11211
16.88 -1.00928 -0.489639 0.266756 1.04585
16.9 -0.995232 -0.517671 0.307275 0.978961
16.92 -0.981034 -0.547241 0.346677 0.910961
16.94 -0.966608 -0.578082 0.385027 0.842033
16.96 -0.951137 -0.609184 0.423133 0.773113
16.98 -0.933624 -0.639351 0.461989 0.705316
17 -0.913464 -0.667775 0.502197 0.63937
17.02 -0.89057 -0.694164 0.543843 0.575488
17.04 -0.865233 -0.718595 0.58664 0.513507
17.06 -0.83777 -0.741172 0.630278 0.453241
17.08 -0.808231 -0.761724 0.674718 0.394776
17.1 -0.776489 -0.779907 0.720098 0.338372
17.12 -0.74258 -0.795534 0.766397 0.28413
17.14 -0.706857 -0.808736 0.813282 0.231835
17.16 -0.669874 -0.819846 0.860218 0.181071
17.18 -0.632183 -0.829195 0.906675 0.131422
17.2 -0.594366 -0.837149 0.952095 0.082444
17.22 -0.557286 -0.844359 0.995638 0.0334039
17.24 -0.521988 -0.851664 1.03628 -0.0166129
17.26 -0.489033 -0.859428 1.07349 -0.0680443
17.28 -0.458116 -0.86716 1.10759 -0.120468
17.3 -0.42831 -0.873756 1.13952 -0.172845
17.32 -0.398392 -0.877824 1.17052 -0.223848
17.34 -0.367212 -0.878056 1.20176 -0.272226
17.36 -0.334152 -0.873679 1.23388 -0.317261
17.38 -0.299424 -0.864755 1.26669 -0.35907
17.4 -0.263909 -0.852027 1.29933 -0.398444
17.42 -0.228527 -0.836279 1.3309 -0.436214
17.44 -0.193748 -0.81786 1.36096 -0.472769
17.46 -0.159592 -0.796674 1.38951 -0.508053
17.48 -0.125881 -0.772443 1.41676 -0.541817
17.5 -0.0926689 -0.745131 1.44266 -0.574055
17.52 -0.0605362 -0.715238 1.46666 -0.605291
17.54 -0.0303728 -0.68359 1.4879 -0.636366
17.56 -0.00301768 -0.650972 1.50555 -0.668079
17.58 0.0209603 -0.617918 1.51906 -0.700969
17.6 0.041373 -0.584595 1.52826 -0.735205
17.62 0.0584349 -0.550787 1.53336 -0.770562
17.64 0.0726994 -0.515953 1.53493 -0.806487
17.66 0.0847855 -0.479504 1.53359 -0.842373
17.68 0.094875 -0.441302 1.52951 -0.878056
17.7 0.102562 -0.401811 1.5223 -0.91397
17.72 0.107557 -0.361395 1.51166 -0.950443
17.74 0.110434 -0.319566 1.49815 -0.986946
17.76 0.112263 -0.275357 1.48284 -1.02246
17.78 0.113489 -0.228436 1.46615 -1.05661
17.8 0.113397 -0.179643 1.44737 -1.09018
17.82 0.110752 -0.13035 1.42525 -1.12447
17.84 0.104951 -0.0813102 1.39917 -1.16017
17.86 0.0966585 -0.0320229 1.36977 -1.19671
17.88 0.0873106 0.0187732 1.33847 -1.23275
17.9 0.0781344 0.0721193 1.30648 -1.26717
17.92 0.0698524 0.128545 1.2745 -1.29936
17.94 0.062842 0.18823 1.24288 -1.32905
17.96 0.0572525 0.251119 1.21177 -1.35621
17.98 0.0531656 0.317088 1.18121 -1.38088
18 0.0506905 0.386035 1.15131 -1.40305
18.02 0.0499208 0.457842 1.12216 -1.42276
18.04 0.0508193 0.532257 1.09369 -1.44017
18.06 0.0530311 0.608712 1.06555 -1.45574
18.08 0.0557529 0.686184 1.03693 -1.47041
18.1 0.0580527 0.763524 1.00688 -1.48522
18.12 0.0595253 0.840105 0.975013 -1.50071
18.14 0.0605273 0.91606 0.941661 -1.51664
18.16 0.0617928 0.991898 0.907559 -1.5324
18.18 0.0640286 1.0681 0.873409 -1.54741
18.2 0.0677885 1.145 0.839761 -1.56125
18.22 0.0733986 1.22269 0.80694 -1.5737
18.24 0.0808885 1.301 0.774978 -1.58486
18.26 0.0899897 1.37945 0.74361 -1.59511
18.28 0.100138 1.45726 0.712279 -1.60514
18.3 0.110522 1.53342 0.680181 -1.61585
18.32 0.120295 1.60688 0.646478 -1.6282
18.34 0.128784 1.67679 0.610508 -1.64298
18.36 0.135671 1.74262 0.571961 -1.66061
18.38 0.141291 1.80453 0.531179 -1.68085
18.4 0.146726 1.86342 0.489253 -1.70272
18.42 0.153198 1.92032 0.447414 -1.72511
18.44 0.161379 1.97575 0.406344 -1.74742
18.46 0.171425 2.02969 0.36621 -1.7696
18.48 0.183227 2.08189 0.326919 -1.79182
18.5 0.196404 2.13182 0.288109 -1.81455
18.52 0.210357 2.17877 0.249199 -1.83846
18.54 0.224574 2.22209 0.209703 -1.86411
18.56 0.239014 2.26165 0.1696 -1.89161
18.58 0.254225 2.29788 0.129462 -1.92046
18.6 0.271077 2.33158 0.0901885 -1.94982
18.62 0.290377 2.36347 0.0526118 -1.97893
18.64 0.312787 2.39417 0.0174282 -2.00716
18.66 0.338863 2.42417 -0.0147709 -2.03397
18.68 0.368941 2.45379 -0.0436084 -2.05903
18.7 0.403003 2.48299 -0.0690571 -2.08235
18.72 0.44074 2.51149 -0.0913744 -2.10423
18.74 0.481957 2.53909 -0.110701 -2.12484
18.76 0.526793 2.56599 -0.126837 -2.14401
18.78 0.575417 2.5924 -0.139551 -2.16152
18.8 0.627661 2.61824 -0.148941 -2.17748
18.82 0.682983 2.64304 -0.155476 -2.19238
18.84 0.740677 2.66622 -0.159784 -2.20684
18.86 0.800173 2.68731 -0.162357 -2.22134
18.88 0.861297 2.70629 -0.163286 -2.23598
18.9 0.924171 2.7234 -0.162364 -2.25053
18.92 0.988763 2.73879 -0.159535 -2.26491
18.94 1.05436 2.75191 -0.155423 -2.27972
18.96 1.11955 2.76152 -0.151352 -2.29626
18.98 1.18298 2.76646 -0.148582 -2.31574
19 1.24399 2.76627 -0.147692 -2.33872
19.02 1.30253 2.76108 -0.148639 -2.3651
19.04 1.35908 2.7516 -0.150857 -2.39428
19.06 1.41469 2.73906 -0.15322 -2.42507
19.08 1.47067 2.72499 -0.154334 -2.45603
19.1 1.52819 2.71077 -0.152953 -2.48585
19.12 1.58809 2.69747 -0.148146 -2.51354
19.14 1.65087 2.68584 -0.139323 -2.53845
19.16 1.71671 2.67628 -0.126237 -2.56027
19.18 1.7855 2.66894 -0.108891 -2.57891
19.2 1.85694 2.66379 -0.0874941 -2.59453
19.22 1.93043 2.66048 -0.0625604 -2.60756
19.24 2.00498 2.65831 -0.034969 -2.61879
19.26 2.07921 2.65616 -0.00601784 -2.62945
19.28 2.15147 2.65265 0.0227437 -2.64101
19.3 2.22048 2.64681 0.0501435 -2.65456
19.32 2.2858 2.63843 0.0758056 -2.67038
19.34 2.34747 2.62784 0.099879 -2.68825
19.36 2.40563 2.61541 0.122564 -2.70789
19.38 2.46045 2.60157 0.144108 -2.72897
19.4 2.51231 2.58694 0.164977 -2.75094
19.42 2.56154 2.57208 0.185555 -2.77333
19.44 2.60806 2.55714 0.205827 -2.79609
19.46 2.65173 2.5422 0.225719 -2.81922
19.48 2.69269 2.52758 0.24541 -2.84245
19.5 2.73111 2.51367 0.26513 -2.86548
19.52 2.76715 2.5008 0.285079 -2.88805
19.54 2.801 2.48936 0.305499 -2.90984
19.56 2.83256 2.4794 0.326321 -2.93085
19.58 2.86108 2.47033 0.346834 -2.95174
19.6 2.88564 2.46137 0.366141 -2.97334
19.62 2.90564 2.45207 0.383678 -2.99615
19.64 2.92042 2.44186 0.39879 -3.02078
19.66 2.9289 2.42977 0.410408 -3.04825
19.68 2.93006 2.41487 0.417527 -3.07951
19.7 2.92361 2.39691 0.419838 -3.11484
19.72 2.91093 2.37732 0.418716 -3.15281
19.74 2.89516 2.35926 0.417266 -3.1903
19.76 2.87939 2.34583 0.418562 -3.22419
19.78 2.86547 2.33887 0.424416 -3.25266
19.8 2.85356 2.33854 0.43496 -3.27554
19.82 2.84198 2.34315 0.448491 -3.29452
19.84 2.82855 2.35047 0.462783 -3.31182
19.86 2.81238 2.3596 0.476923 -3.32832
19.88 2.7941 2.37111 0.491508 -3.34344
19.9 2.77463 2.38586 0.507399 -3.3563
19.92 2.75373 2.40354 0.524327 -3.36717
19.94 2.72999 2.42266 0.54083 -3.37752
19.96 2.70181 2.44151 0.555247 -3.38902
19.98 2.66795 2.45874 0.566284 -3.40297
20 2.62771 2.47354 0.573191 -3.42014
20.02 2.58124 2.48589 0.576021 -3.44049
20.04 2.52975 2.49684 0.575911 -3.46292
20.06 2.47527 2.50826 0.574823 -3.48549
20.08 2.41971 2.52185 0.574551 -3.50643
20.1 2.3644 2.53874 0.576343 -3.52452
20.12 2.31012 2.55952 0.580883 -3.53913
20.14 2.25601 2.5831 0.587218 -3.55124
20.16 2.19932 2.60653 0.592509 -3.56373
20.18 2.13724 2.62678 0.593838 -3.57956
20.2 2.06816 2.64198 0.589489 -3.6005
20.22 1.99215 2.65197 0.579421 -3.62662
20.24 1.91161 2.65887 0.565918 -3.65569
20.26 1.83046 2.66634 0.552772 -3.68398
20.28 1.75214 2.67754 0.543305 -3.70821
20.3 1.6787 2.69425 0.53944 -3.72651
20.32 1.61051 2.71655 0.541419 -3.73869
20.34 1.54574 2.74237 0.547309 -3.74673
20.36 1.48113 2.76818 0.553735 -3.75407
20.38 1.41413 2.79118 0.558031 -3.76341
20.4 1.34407 2.81046 0.559429 -3.77557
20.42 1.27201 2.8268 0.558862 -3.78967
20.44 1.19981 2.8418 0.558065 -3.80402
20.46 1.12877 2.85651 0.558241 -3.81747
20.48 1.0591 2.87089 0.559474 -3.82998
20.5 0.990608 2.8845 0.561463 -3.84189
20.52 0.923888 2.8977 0.564683 -3.85276
20.54 0.86041 2.91171 0.5705 -3.86128
20.56 0.801459 2.92761 0.580093 -3.86629
20.58 0.747349 2.9455 0.593675 -3.86762
20.6 0.697674 2.96479 0.610748 -3.8658
20.62 0.652045 2.98489 0.630833 -3.86133
20.64 0.610446 3.00564 0.653832 -3.85433
20.66 0.572963 3.02696 0.679752 -3.84481
20.68 0.539348 3.04847 0.708273 -3.8331
20.7 0.508696 3.06914 0.73842 -3.8202
20.72 0.479771 3.08761 0.768896 -3.80741
20.74 0.451827 3.10306 0.798893 -3.79554
20.76 0.424769 3.11528 0.828258 -3.78473
20.78 0.398462 3.12407 0.856801 -3.77519
20.8 0.372292 3.12875 0.883852 -3.76756
20.82 0.345513 3.1285 0.908615 -3.76263
20.84 0.317869 3.12303 0.93078 -3.7607
20.86 0.290051 3.11298 0.950989 -3.76111
20.88 0.263612 3.09986 0.970745 -3.76232
20.9 0.24033 3.08544 0.991778 -3.76259
20.92 0.221609 3.07111 1.01545 -3.76051
20.94 0.208126 3.05755 1.04241 -3.75541
20.96 0.19976 3.04468 1.0725 -3.7474
20.98 0.195856 3.03188 1.10504 -3.73712
21 0.195354 3.01815 1.13896 -3.72558
21.02 0.197008 3.00231 1.173 -3.714
21.04 0.200155 2.98379 1.20649 -3.70299
21.06 0.205159 2.96305 1.23979 -3.69212
21.08 0.212933 2.94112 1.27381 -3.68043
21.1 0.224143 2.91877 1.30922 -3.66718
21.12 0.238863 2.89622 1.34612 -3.65222
21.14 0.256796 2.87331 1.3842 -3.63575
21.16 0.277524 2.84979 1.42308 -3.61811
21.18 0.30051 2.82528 1.46223 -3.59972
21.2 0.325044 2.79926 1.50099 -3.5812
21.22 0.350413 2.77119 1.53865 -3.56314
21.24 0.376218 2.74087 1.57486 -3.54583
21.26 0.402499 2.70854 1.60969 -3.52911
21.28 0.429502 2.67465 1.64342 -3.51261
21.3 0.457399 2.63958 1.67625 -3.49604
21.32 0.486244 2.60358 1.7083 -3.47921
21.34 0.516049 2.56691 1.7396 -3.46199
21.36 0.546919 2.52986 1.7703 -3.44414
21.38 0.579272 2.4931 1.80088 -3.42511
21.4 0.613925 2.45766 1.83219 -3.40393
21.42 0.65156 2.42445 1.86497 -3.37981
21.44 0.69157 2.3931 1.89867 -3.35319
21.46 0.731799 2.3617 1.9312 -3.32609
21.48 0.770199 2.32843 1.96055 -3.30041
21.5 0.806634 2.2934 1.98667 -3.27616
21.52 0.842764 2.25847 2.01126 -3.25153
21.54 0.880057 2.22536 2.03585 -3.22492
21.56 0.918143 2.19392 2.06013 -3.19656
21.58 0.955381 2.16271 2.08253 -3.16797
21.6 0.990535 2.13072 2.10187 -3.14025
21.62 1.02344 2.09799 2.11803 -3.11345
21.64 1.05434 2.06496 2.13133 -3.08718
21.66 1.08319 2.03177 2.14177 -3.0614
21.68 1.1096 1.99821 2.14903 -3.03639
21.7 1.13359 1.96447 2.15316 -3.01202
21.72 1.15591 1.93144 2.15497 -2.98745
21.74 1.17735 1.90009 2.1553 -2.96181
21.76 1.19776 1.87038 2.15406 -2.93515
21.78 1.21597 1.84127 2.15009 -2.90859
21.8 1.23074 1.81165 2.14223 -2.88328
21.82 1.24173 1.78125 2.13015 -2.85952
21.84 1.24949 1.75075 2.11448 -2.83669
21.86 1.25517 1.72135 2.09636 -2.81361
21.88 1.25993 1.69425 2.07699 -2.78909
21.9 1.26453 1.67029 2.05718 -2.76234
21.92 1.26935 1.64989 2.03733 -2.73294
21.94 1.27444 1.63311 2.01752 -2.70085
21.96 1.2792 1.61938 1.99718 -2.66664
21.98 1.28247 1.60756 1.97518 -2.63148
22 1.28329 1.59668 1.95059 -2.59632
22.02 1.2815 1.58656 1.92326 -2.56134
22.04 1.27769 1.57778 1.89382 -2.52596
22.06 1.27251 1.57094 1.86295 -2.48956
22.08 1.26601 1.56603 1.83069 -2.45211
22.1 1.25798 1.5628 1.79688 -2.41387
22.12 1.24867 1.56141 1.76175 -2.37465
22.14 1.23861 1.56231 1.72588 -2.33395
22.16 1.22816 1.56576 1.68961 -2.29148
22.18 1.21706 1.57141 1.65272 -2.24755
22.2 1.20442 1.57826 1.61432 -2.20313
22.22 1.18906 1.585 1.57324 -2.15948
22.24 1.17017 1.59068 1.52867 -2.11748
22.26 1.14759 1.59501 1.48046 -2.07739
22.28 1.12152 1.59803 1.42882 -2.03909
22.3 1.09219 1.5998 1.37395 -2.00246
22.32 1.05995 1.60049 1.31622 -1.96728
22.34 1.02564 1.60073 1.25643 -1.93282
22.36 0.990659 1.60177 1.19599 -1.89779
22.38 0.956595 1.60496 1.13646 -1.86074
22.4 0.924437 1.6111 1.07882 -1.8208
22.42 0.894124 1.61992 1.02301 -1.77816
22.44 0.864785 1.63035 0.968129 -1.73383
22.46 0.83573 1.6415 0.913491 -1.6886
22.48 0.807172 1.65336 0.859297 -1.64241
22.5 0.7798 1.66644 0.80623 -1.59468
22.52 0.753822 1.68072 0.754493 -1.54533
22.54 0.728767 1.69555 0.703608 -1.49495
22.56 0.704101 1.71019 0.653042 -1.4442
22.58 0.67957 1.72419 0.602533 -1.39346
22.6 0.655044 1.73723 0.551952 -1.34298
22.62 0.630373 1.74896 0.501146 -1.29301
22.64 0.605401 1.75905 0.449957 -1.24383
22.66 0.580151 1.76732 0.398406 -1.19555
22.68 0.554988 1.77397 0.346856 -1.14789
22.7 0.530493 1.77939 0.295886 -1.10039
22.72 0.507099 1.78384 0.245929 -1.05273
22.74 0.484924 1.78729 0.197105 -1.00489
22.76 0.463957 1.78956 0.149402 -0.956977
22.78 0.444196 1.7905 0.102825 -0.909083
22.8 0.425528 1.78986 0.0572649 -0.861414
22.82 0.407708 1.78727 0.0124854 -0.814293
22.84 0.390652 1.78251 -0.0315913 -0.767883
22.86 0.374557 1.77566 -0.0747568 -0.722059
22.88 0.35982 1.76703 -0.116605 -0.67649
22.9 0.346815 1.75689 -0.156747 -0.630861
22.92 0.335644 1.74527 -0.195067 -0.585124
22.94 0.326166 1.73194 -0.231689 -0.539465
22.96 0.318257 1.71673 -0.266718 -0.494047
22.98 0.311915 1.69959 -0.300133 -0.448904
23 0.307147 1.68049 -0.331905 -0.404053
23.02 0.30383 1.65929 -0.362131 -0.359634
23.04 0.301729 1.63573 -0.39102 -0.315893
23.06 0.300622 1.6096 -0.418764 -0.273055
23.08 0.300426 1.58083 -0.445417 -0.231201
23.1 0.301232 1.54952 -0.470855 -0.190228
23.12 0.303192 1.51587 -0.494893 -0.149967
23.14 0.306372 1.47999 -0.517434 -0.11033
23.16 0.310683 1.44184 -0.538527 -0.0713752
23.18 0.315894 1.40127 -0.558369 -0.0332968
23.2 0.321662 1.358 -0.577262 0.00360656
23.22 0.327597 1.31174 -0.59556 0.0389926
23.24 0.333365 1.26226 -0.613556 0.0725819
23.26 0.338798 1.20949 -0.631379 0.104267
23.28 0.343991 1.15363 -0.648894 0.134206
23.3 0.349264 1.09515 -0.665744 0.162787
23.32 0.354907 1.03445 -0.6816 0.190372
23.34 0.360981 0.971738 -0.696359 0.217101
23.36 0.367381 0.907056 -0.710089 0.242952
23.38 0.374006 0.840457 -0.722849 0.267909
23.4 0.380883 0.77213 -0.734574 0.29209
23.42 0.38821 0.702444 -0.745024 0.315789
23.44 0.396333 0.631919 -0.753814 0.339449
23.46 0.405623 0.561108 -0.760531 0.363545
23.48 0.416261 0.490384 -0.764951 0.388365
23.5 0.428139 0.419831 -0.767141 0.413911
23.52 0.440948 0.349345 -0.767364 0.43999
23.54 0.454321 0.278765 -0.765945 0.466351
23.56 0.467915 0.207958 -0.76318 0.492773
23.58 0.481475 0.136886 -0.75928 0.519124
23.6 0.494845 0.0656067 -0.754359 0.545369
23.62 0.507899 -0.0057867 -0.748497 0.571508
23.64 0.520487 -0.0772263 -0.741804 0.597515
23.66 0.532416 -0.148688 -0.734432 0.62332
23.68 0.54344 -0.2202 -0.726586 0.648802
23.7 0.553296 -0.291809 -0.718492 0.67382
23.72 0.561748 -0.363542 -0.710351 0.698257
23.74 0.568572 -0.435413 -0.702352 0.722008
23.76 0.573474 -0.507511 -0.694757 0.744893
23.78 0.576072 -0.580022 -0.687922 0.766642
23.8 0.576086 -0.653033 -0.682101 0.787079
23.82 0.573546 -0.726333 -0.677243 0.806338
23.84 0.56872 -0.799475 -0.673062 0.824782
23.86 0.561795 -0.872108 -0.669358 0.842689
23.88 0.552694 -0.944147 -0.666196 0.86007
23.9 0.541285 -1.01557 -0.6637 0.876873
23.92 0.527708 -1.08611 -0.661726 0.893311
23.94 0.512397 -1.15519 -0.65984 0.909887
23.96 0.495837 -1.2222 -0.657559 0.92715
23.98 0.478417 -1.28664 -0.654498 0.945547
24 0.460391 -1.34816 -0.650409 0.965384
24.02 0.441745 -1.40666 -0.645314 0.986697
24.04 0.422086 -1.46246 -0.639619 1.00913
24.06 0.40086 -1.51602 -0.633889 1.03218
24.08 0.377812 -1.56755 -0.628394 1.0556
24.1 0.353081 -1.61683 -0.623012 1.07958
24.12 0.326832 -1.66366 -0.617603 1.10428
24.14 0.298853 -1.70821 -0.612401 1.12951
24.16 0.268528 -1.75109 -0.608047 1.15466
24.18 0.235196 -1.79293 -0.605237 1.17906
24.2 0.198387 -1.83421 -0.604473 1.20223
24.22 0.157742 -1.87532 -0.606154 1.22378
24.24 0.113006 -1.91652 -0.610582 1.24344
24.26 0.0643237 -1.95774 -0.61766 1.2613
24.28 0.0124358 -1.99828 -0.626703 1.27806
24.3 -0.0417029 -2.03728 -0.636816 1.29462
24.32 -0.0974967 -2.07422 -0.647466 1.31149
24.34 -0.154884 -2.10914 -0.658657 1.32868
24.36 -0.214152 -2.14244 -0.670743 1.3458
24.38 -0.275606 -2.17456 -0.684104 1.36249
24.4 -0.339409 -2.20577 -0.698975 1.37846
24.42 -0.405679 -2.23635 -0.715551 1.39352
24.44 -0.474511 -2.26655 -0.734008 1.40745
24.46 -0.545827 -2.29645 -0.754354 1.42021
24.48 -0.619256 -2.32587 -0.776303 1.43207
24.5 -0.694192 -2.35438 -0.799341 1.44349
24.52 -0.770071 -2.38161 -0.822995 1.45492
24.54 -0.846556 -2.40742 -0.847021 1.46655
24.56 -0.923453 -2.43184 -0.871321 1.47844
24.58 -1.00053 -2.45484 -0.895759 1.49067
24.6 -1.07755 -2.4764 -0.920187 1.50334
24.62 -1.15433 -2.49657 -0.944535 1.51648
24.64 -1.2307 -2.51539 -0.968713 1.53012
24.66 -1.30627 -2.53269 -0.992429 1.54449
24.68 -1.38051 -2.54819 -1.01525 1.55999
24.7 -1.4531 -2.56178 -1.03696 1.57676
24.72 -1.5242 -2.57384 -1.0578 1.59452
24.74 -1.59419 -2.58499 -1.07823 1.61274
24.76 -1.66327 -2.59563 -1.09855 1.63105
24.78 -1.73137 -2.60594 -1.11879 1.6494
24.8 -1.79833 -2.61595 -1.13886 1.6678
24.82 -1.864 -2.62574 -1.15869 1.68626
24.84 -1.92822 -2.63535 -1.17822 1.70481
24.86 -1.99063 -2.64463 -1.19715 1.72366
24.88 -2.05072 -2.65328 -1.21506 1.74319
24.9 -2.10816 -2.66116 -1.23171 1.7636
24.92 -2.16308 -2.66857 -1.24727 1.78466
24.94 -2.21585 -2.67609 -1.2622 1.80586
24.96 -2.26683 -2.68422 -1.27692 1.82674
24.98 -2.316 -2.69313 -1.29147 1.8472
25 -2.36308 -2.70268 -1.30563 1.86743
25.02 -2.40771 -2.71265 -1.3191 1.88769
25.04 -2.44966 -2.72298 -1.33171 1.90811
25.06 -2.48898 -2.73381 -1.34354 1.92857
25.08 -2.52589 -2.74549 -1.35488 1.94876
25.1 -2.5606 -2.75835 -1.36596 1.9684
25.12 -2.59307 -2.77242 -1.37678 1.98748
25.14 -2.62308 -2.78758 -1.38717 2.00615
25.16 -2.65051 -2.8038 -1.39704 2.02447
25.18 -2.67546 -2.82122 -1.40651 2.0423
25.2 -2.69805 -2.84002 -1.41574 2.05949
25.22 -2.71827 -2.86023 -1.42471 2.07602
25.24 -2.73596 -2.88172 -1.4333 2.09202
25.26 -2.75097 -2.90436 -1.44136 2.10763
25.28 -2.7631 -2.92795 -1.44871 2.12304
25.3 -2.77213 -2.95227 -1.45513 2.13847
25.32 -2.77802 -2.97725 -1.46058 2.15396
25.34 -2.78099 -3.00309 -1.46528 2.16931
25.36 -2.78145 -3.03015 -1.46962 2.18414
25.38 -2.77975 -3.05872 -1.47396 2.19812
25.4 -2.77604 -3.08889 -1.47841 2.21114
25.42 -2.77017 -3.12044 -1.48282 2.22338
25.44 -2.76184 -3.15296 -1.48684 2.23522
25.46 -2.75074 -3.18607 -1.49017 2.24701
25.48 -2.73656 -3.21933 -1.49244 2.25912
25.5 -2.71888 -3.2522 -1.49321 2.27205
25.52 -2.69724 -3.2841 -1.49198 2.28632
25.54 -2.67135 -3.3146 -1.48842 2.30232
25.56 -2.64127 -3.34358 -1.48253 2.32008
25.58 -2.6075 -3.37138 -1.47475 2.33922
25.6 -2.57079 -3.3986 -1.46579 2.35907
25.62 -2.53181 -3.42569 -1.45624 2.37908
25.64 -2.49108 -3.45299 -1.44656 2.39886
25.66 -2.44905 -3.48074 -1.43713 2.41808
25.68 -2.40611 -3.50914 -1.42827 2.43648
25.7 -2.36249 -3.5382 -1.42014 2.45394
25.72 -2.3183 -3.5678 -1.41276 2.47051
25.74 -2.27354 -3.59776 -1.40608 2.4863
25.76 -2.22823 -3.62787 -1.40002 2.50143
25.78 -2.18232 -3.65784 -1.39445 2.51609
25.8 -2.13572 -3.68738 -1.38923 2.5305
25.82 -2.0885 -3.71634 -1.38433 2.54472
25.84 -2.04082 -3.74466 -1.37983 2.55874
25.86 -1.99278 -3.77221 -1.37574 2.57259
25.88 -1.94438 -3.79877 -1.372 2.5864
25.9 -1.89574 -3.82426 -1.36864 2.60019
25.92 -1.84713 -3.84872 -1.36584 2.61383
25.94 -1.79888 -3.87228 -1.36385 2.6271
25.96 -1.75125 -3.89499 -1.36286 2.63989
25.98 -1.70438 -3.91678 -1.3629 2.65218
26 -1.65828 -3.93747 -1.36393 2.66407
26.02 -1.61295 -3.95687 -1.36586 2.6757
26.04 -1.56834 -3.97475 -1.36856 2.68722
26.06 -1.52444 -3.99093 -1.37194 2.69875
26.08 -1.48132 -4.0053 -1.37601 2.71033
26.1 -1.43916 -4.01787 -1.38085 2.72189
26.12 -1.39816 -4.02872 -1.38661 2.73331
26.14 -1.35852 -4.03789 -1.39341 2.74448
26.16 -1.32037 -4.04536 -1.4013 2.75539
26.18 -1.28365 -4.05098 -1.41019 2.76612
26.2 -1.24825 -4.0545 -1.41986 2.7769
26.22 -1.21404 -4.0557 -1.43014 2.78792
26.24 -1.18086 -4.05433 -1.44081 2.79938
26.26 -1.14856 -4.05016 -1.45167 2.81149
26.28 -1.11713 -4.04308 -1.46263 2.82433
26.3 -1.0867 -4.03321 -1.47378 2.83779
26.32 -1.05758 -4.02077 -1.48538 2.8516
26.34 -1.03006 -4.00601 -1.49765 2.86552
26.36 -1.00433 -3.98911 -1.51075 2.87935
26.38 -0.980509 -3.97018 -1.52476 2.893
26.4 -0.95864 -3.94923 -1.53966 2.90645
26.42 -0.938756 -3.92633 -1.55547 2.91964
26.44 -0.921088 -3.90172 -1.57236 2.93235
26.46 -0.906043 -3.87583 -1.59071 2.94416
26.48 -0.894004 -3.8491 -1.61089 2.95466
26.5 -0.885119 -3.82174 -1.63301 2.96367
26.52 -0.879157 -3.79359 -1.65682 2.97138
26.54 -0.875524 -3.76414 -1.68172 2.97834
26.56 -0.873504 -3.73277 -1.70697 2.98521
26.58 -0.872536 -3.69903 -1.732 2.9925
26.6 -0.872339 -3.66275 -1.75653 3.00041
26.62 -0.872888 -3.62403 -1.78052 3.00891
26.64 -0.874258 -3.58308 -1.80405 3.01784
26.66 -0.876438 -3.54003 -1.82711 3.02713
26.68 -0.87929 -3.49489 -1.84955 3.03684
26.7 -0.882599 -3.4476 -1.87117 3.04709
26.72 -0.886161 -3.39812 -1.89175 3.058
26.74 -0.889909 -3.34654 -1.91126 3.06954
26.76 -0.893986 -3.29317 -1.92982 3.08147
26.78 -0.898672 -3.23847 -1.94772 3.09341
26.8 -0.904302 -3.18296 -1.96533 3.10492
26.82 -0.911277 -3.12721 -1.98303 3.11551
26.84 -0.920082 -3.0719 -2.00134 3.12456
26.86 -0.931138 -3.01765 -2.02068 3.13156
26.88 -0.944561 -2.96477 -2.04121 3.13627
26.9 -0.960026 -2.91313 -2.0626 3.13891
26.92 -0.976777 -2.86218 -2.08414 3.1401
26.94 -0.993852 -2.81118 -2.10488 3.14068
26.96 -1.01045 -2.75952 -2.12406 3.14135
26.98 -1.0262 -2.70704 -2.14133 3.14234
27 -1.04121 -2.65405 -2.15682 3.14343
27.02 -1.05584 -2.60112 -2.17094 3.14415
27.04 -1.07049 -2.54883 -2.1841 3.14398
27.06 -1.08537 -2.4976 -2.19654 3.1426
27.08 -1.10054 -2.44767 -2.20836 3.13984
27.1 -1.11595 -2.39918 -2.21953 3.13563
27.12 -1.13146 -2.35216 -2.22996 3.13002
27.14 -1.14685 -2.30659 -2.23943 3.12312
27.16 -1.16178 -2.26229 -2.24767 3.11516
27.18 -1.17583 -2.21899 -2.25426 3.10649
27.2 -1.18854 -2.17642 -2.25879 3.09745
27.22 -1.19963 -2.13442 -2.261 3.08825
27.24 -1.20896 -2.09301 -2.26079 3.07894
27.26 -1.21651 -2.05228 -2.25816 3.06948
27.28 -1.22221 -2.01229 -2.25306 3.05985
27.3 -1.22596 -1.97305 -2.24542 3.05011
27.32 -1.22767 -1.93455 -2.23518 3.0403
27.34 -1.22732 -1.89689 -2.22233 3.03036
27.36 -1.22497 -1.86016 -2.20695 3.02022
27.38 -1.2206 -1.82443 -2.18904 3.00985
27.4 -1.21423 -1.78975 -2.16862 2.99922
27.42 -1.20596 -1.75628 -2.14583 2.98821
27.44 -1.19608 -1.72432 -2.12094 2.97651
27.46 -1.18498 -1.69426 -2.09437 2.96374
27.48 -1.17296 -1.66643 -2.06642 2.94959
27.5 -1.16011 -1.64088 -2.03717 2.93399
27.52 -1.14631 -1.6175 -2.00654 2.91707
27.54 -1.13138 -1.59606 -1.97433 2.89904
27.56 -1.11521 -1.57642 -1.94044 2.88004
27.58 -1.09779 -1.55851 -1.90486 2.8601
27.6 -1.07921 -1.54236 -1.86768 2.83919
27.62 -1.05949 -1.52792 -1.82893 2.81732
27.64 -1.03856 -1.51503 -1.78852 2.79463
27.66 -1.01628 -1.50347 -1.74633 2.77131
27.68 -0.992612 -1.49309 -1.70231 2.74748
27.7 -0.967742 -1.48396 -1.65663 2.723
27.72 -0.942087 -1.47639 -1.60971 2.69756
27.74 -0.916102 -1.47068 -1.562 2.67077
27.76 -0.890051 -1.46697 -1.51375 2.64246
27.78 -0.863939 -1.46513 -1.46496 2.6127
27.8 -0.837555 -1.46478 -1.41542 2.58182
27.82 -0.810511 -1.46539 -1.36472 2.55029
27.84 -0.782281 -1.46627 -1.31234 2.51874
27.86 -0.752339 -1.46672 -1.25773 2.4878
27.88 -0.720355 -1.46623 -1.20057 2.45792
27.9 -0.686278 -1.46458 -1.14078 2.42925
27.92 -0.650331 -1.46179 -1.07857 2.4017
27.94 -0.613041 -1.4582 -1.01446 2.37485
27.96 -0.575155 -1.45436 -0.949172 2.34809
27.98 -0.53735 -1.45073 -0.883372 2.32087
28 -0.500089 -1.44759 -0.817503 2.29285
28.02 -0.463687 -1.44504 -0.751865 2.26384
28.04 -0.428384 -1.44312 -0.686684 2.23373
28.06 -0.394323 -1.44177 -0.62209 2.2025
28.08 -0.361525 -1.44082 -0.558093 2.17026
28.1 -0.329948 -1.44002 -0.49464 2.13717
28.12 -0.29958 -1.43919 -0.431715 2.10335
28.14 -0.270487 -1.4382 -0.369374 2.06886
28.16 -0.242757 -1.43695 -0.307704 2.03372
28.18 -0.216541 -1.43542 -0.246853 1.9979
28.2 -0.192083 -1.43369 -0.187065 1.96124
28.22 -0.169599 -1.43181 -0.128559 1.92365
28.24 -0.149186 -1.42972 -0.0714371 1.88511
28.26 -0.130911 -1.42735 -0.0157754 1.84565
28.28 -0.114909 -1.4247 0.0382814 1.80522
28.3 -0.101283 -1.42173 0.0906157 1.76379
28.32 -0.0899605 -1.41826 0.141283 1.72151
28.34 -0.0807009 -1.41395 0.190504 1.67869
28.36 -0.0732382 -1.40843 0.238523 1.63566
28.38 -0.0673848 -1.40142 0.2855 1.59265
28.4 -0.0630043 -1.39272 0.331546 1.54984
28.42 -0.0599303 -1.38209 0.376797 1.50746
28.44 -0.0579718 -1.36928 0.421411 1.46571
28.46 -0.0569959 -1.35412 0.465489 1.42478
28.48 -0.0569827 -1.33655 0.509015 1.38469
28.5 -0.0580501 -1.31665 0.551834 1.34535
28.52 -0.0604577 -1.29469 0.593649 1.30651
28.54 -0.0645395 -1.27097 0.634084 1.26784
28.56 -0.0705788 -1.2458 0.672815 1.22906
28.58 -0.0787595 -1.21938 0.709611 1.18997
28.6 -0.0891846 -1.19183 0.744322 1.15046
28.62 -0.10185 -1.16321 0.776902 1.1105
28.64 -0.116611 -1.13341 0.807441 1.07021
28.66 -0.133213 -1.10225 0.836139 1.0298
28.68 -0.151421 -1.06957 0.863171 0.989466
28.7 -0.171084 -1.03532 0.88863 0.949301
28.72 -0.192063 -0.999456 0.912591 0.909386
28.74 -0.214242 -0.961967 0.935108 0.869773
28.76 -0.237547 -0.922903 0.956189 0.830464
28.78 -0.261878 -0.882292 0.975868 0.791484
28.8 -0.287024 -0.840064 0.994288 0.75296
28.82 -0.312674 -0.796052 1.01169 0.715119
28.84 -0.338517 -0.750101 1.02832 0.678177
28.86 -0.36437 -0.70219 1.04429 0.642225
28.88 -0.390139 -0.652391 1.05963 0.607256
28.9 -0.415687 -0.600739 1.0744 0.573308
28.92 -0.440777 -0.547177 1.08877 0.540511
28.94 -0.465153 -0.49163 1.10293 0.509015
28.96 -0.488685 -0.434155 1.11694 0.47884
28.98 -0.511406 -0.374971 1.13071 0.449844
29 -0.533385 -0.314339 1.1441 0.421848
29.02 -0.554673 -0.252505 1.157 0.394685
29.04 -0.575296 -0.189687 1.16931 0.36822
29.06 -0.595206 -0.126035 1.18104 0.342384
29.08 -0.614271 -0.0616134 1.19224 0.317197
29.1 -0.632296 0.00357692 1.20306 0.29274
29.12 -0.649103 0.0695146 1.21362 0.269075
29.14 -0.664574 0.136125 1.22398 0.246212
29.16 -0.67858 0.203342 1.23422 0.224164
29.18 -0.69096 0.271137 1.24446 0.202987
29.2 -0.701588 0.339447 1.25477 0.182698
29.22 -0.710544 0.40801 1.26502 0.163114
29.24 -0.718113 0.476361 1.27489 0.143847
29.26 -0.724583 0.544037 1.28406 0.124513
29.28 -0.730097 0.610723 1.29234 0.10487
29.3 -0.734638 0.676271 1.29972 0.0848439
29.32 -0.73807 0.740655 1.30629 0.0644793
29.34 -0.740194 0.803917 1.31224 0.0438881
29.36 -0.740758 0.866159 1.31777 0.0232399
29.38 -0.739474 0.927527 1.32316 0.00274344
29.4 -0.73613 0.988096 1.3286 -0.0174632
29.42 -0.730707 1.04776 1.33408 -0.03743
29.44 -0.723417 1.10618 1.33938 -0.057433
29.46 -0.714613 1.1629 1.34414 -0.0778827
29.48 -0.704619 1.2175 1.34801 -0.0991561
29.5 -0.693589 1.26972 1.35085 -0.121456
29.52 -0.681453 1.31955 1.35271 -0.144756
29.54 -0.668011 1.36712 1.3538 -0.168893
29.56 -0.653052 1.41256 1.35432 -0.193691
29.58 -0.636405 1.45599 1.35446 -0.219004
29.6 -0.61786 1.49757 1.35443 -0.244644
29.62 -0.597129 1.53754 1.35453 -0.270338
29.64 -0.573874 1.57623 1.35511 -0.295755
29.66 -0.547758 1.61395 1.35652 -0.320559
29.68 -0.518522 1.65096 1.35906 -0.344485
29.7 -0.486075 1.68735 1.36283 -0.367426
29.72 -0.450485 1.72308 1.36781 -0.389428
29.74 -0.411886 1.75806 1.37388 -0.410595
29.76 -0.370405 1.79219 1.38098 -0.431013
29.78 -0.326075 1.82552 1.38911 -0.450671
29.8 -0.278865 1.85813 1.39834 -0.469484
29.82 -0.228817 1.89007 1.40871 -0.487432
29.84 -0.176089 1.92128 1.42009 -0.504605
29.86 -0.120896 1.95164 1.43234 -0.521143
29.88 -0.0634124 1.98111 1.44536 -0.537137
29.9 -0.00374446 2.00969 1.4591 -0.552606
29.92 0.0579991 2.03742 1.47353 -0.567563
29.94 0.12159 2.06422 1.48849 -0.582137
29.96 0.186644 2.08985 1.50368 -0.596606
29.98 0.252775 2.11409 1.5188 -0.611245
30 0.319719 2.13684 1.53366 -0.626206
30.02 0.38734 2.15815 1.54821 -0.641503
30.04 0.455653 2.17821 1.56256 -0.657002
30.06 0.524788 2.19734 1.57692 -0.672449
30.08 0.594882 2.21586 1.59151 -0.687579
30.1 0.665924 2.23395 1.60642 -0.702271
30.12 0.73771 2.25161 1.62154 -0.716599
30.14 0.809954 2.26876 1.63666 -0.730712
30.16 0.882406 2.28536 1.65165 -0.744723
30.18 0.95485 2.30139 1.66637 -0.758712
30.2 1.02708 2.31685 1.68071 -0.772745
30.22 1.09894 2.33181 1.69462 -0.78684
30.24 1.17034 2.34637 1.70809 -0.800952
30.26 1.24121 2.36068 1.72116 -0.815007
30.28 1.31148 2.37486 1.73384 -0.828951
30.3 1.38102 2.38899 1.74611 -0.842767
30.32 1.44967 2.40312 1.75788 -0.856484
30.34 1.51722 2.41723 1.76905 -0.870185
30.36 1.58343 2.43128 1.77947 -0.883969
30.38 1.64814 2.44529 1.78905 -0.897892
30.4 1.7113 2.45938 1.79784 -0.911878
30.42 1.77296 2.47381 1.80598 -0.92574
30.44 1.83318 2.48878 1.8136 -0.939322
30.46 1.89183 2.50433 1.82065 -0.952641
30.48 1.9486 2.52031 1.8269 -0.965906
30.5 2.00313 2.53651 1.83208 -0.979367
30.52 2.05519 2.55285 1.83602 -0.99316
30.54 2.10473 2.56938 1.83874 -1.00726
30.56 2.1518 2.5863 1.84035 -1.02152
30.58 2.19653 2.60383 1.84106 -1.03574
30.6 2.23907 2.62224 1.84107 -1.04969
30.62 2.27963 2.64181 1.84063 -1.06312
30.64 2.31834 2.66277 1.83996 -1.07582
30.66 2.35532 2.68528 1.83919 -1.08764
30.68 2.3906 2.70947 1.83843 -1.09849
30.7 2.42424 2.73542 1.83776 -1.10827
30.72 2.45623 2.76318 1.83724 -1.11696
30.74 2.48645 2.79266 1.83676 -1.12465
30.76 2.51459 2.82355 1.83606 -1.13164
30.78 2.54023 2.85548 1.83477 -1.13831
30.8 2.56302 2.88806 1.83254 -1.14503
30.82 2.58267 2.92102 1.82912 -1.15208
30.84 2.59904 2.95418 1.82439 -1.1596
30.86 2.61217 2.98754 1.8184 -1.16758
30.88 2.62217 3.02118 1.81129 -1.17591
30.9 2.62922 3.05519 1.80323 -1.18446
30.92 2.63341 3.08963 1.79433 -1.19317
30.94 2.63471 3.12435 1.78454 -1.20213
30.96 2.63293 3.15909 1.77369 -1.21155
30.98 2.62797 3.19364 1.76164 -1.22161
31 2.61992 3.22797 1.74849 -1.23228
31.02 2.60909 3.26228 1.73454 -1.24331
31.04 2.59594 3.29688 1.72021 -1.25434
31.06 2.58093 3.33209 1.70593 -1.26499
31.08 2.56441 3.36812 1.69203 -1.27498
31.1 2.54665 3.40508 1.67877 -1.28415
31.12 2.5278 3.44296 1.66625 -1.29242
31.14 2.50791 3.48162 1.65447 -1.29988
31.16 2.48689 3.52084 1.64334 -1.30668
31.18 2.46464 3.5603 1.63269 -1.31305
31.2 2.44098 3.59968 1.62232 -1.31926
31.22 2.41584 3.6387 1.6121 -1.32551
31.24 2.38939 3.67736 1.60218 -1.33171
31.26 2.36198 3.71581 1.59284 -1.33766
31.28 2.33397 3.75422 1.58439 -1.34309
31.3 2.30568 3.79271 1.57711 -1.34781
31.32 2.27728 3.83127 1.57113 -1.35175
31.34 2.24877 3.86972 1.56639 -1.35502
31.36 2.22011 3.9078 1.56278 -1.35781
31.38 2.19126 3.94532 1.56024 -1.36023
31.4 2.16228 3.98211 1.55875 -1.36237
31.42 2.13315 4.01801 1.55825 -1.36432
31.44 2.10386 4.0528 1.55868 -1.36623
31.46 2.07443 4.08634 1.56 -1.36818
31.48 2.04495 4.11853 1.56223 -1.37018
31.5 2.01552 4.14932 1.56545 -1.37223
31.52 1.9863 4.17871 1.56974 -1.37427
31.54 1.95751 4.20674 1.57527 -1.37619
31.56 1.92932 4.23344 1.58215 -1.3779
31.58 1.9017 4.25865 1.59031 -1.37951
31.6 1.8744 4.28196 1.59944 -1.38137
31.62 1.84711 4.30294 1.60918 -1.38387
31.64 1.81979 4.32144 1.61944 -1.38711
31.66 1.79274 4.33761 1.63045 -1.39088
31.68 1.76628 4.3517 1.6425 -1.39492
31.7 1.74057 4.36374 1.65569 -1.39913
31.72 1.71552 4.37357 1.66989 -1.40366
31.74 1.69087 4.38083 1.68477 -1.40883
31.76 1.66625 4.38509 1.69993 -1.41505
31.78 1.64139 4.386 1.71504 -1.42264
31.8 1.61612 4.38336 1.7299 -1.43179
31.82 1.59058 4.37724 1.74459 -1.44241
31.84 1.5653 4.36813 1.75958 -1.454
31.86 1.54102 4.35674 1.77558 -1.46584
31.88 1.51837 4.34368 1.79318 -1.47731
31.9 1.49768 4.32927 1.81266 -1.48811
31.92 1.4789 4.31346 1.83393 -1.49828
31.94 1.46176 4.296 1.85668 -1.50808
31.96 1.44592 4.27656 1.88053 -1.51786
31.98 1.43108 4.25489 1.90516 -1.5279
32 1.41708 4.23084 1.93036 -1.53834
32.02 1.40383 4.20442 1.95603 -1.54923
32.04 1.39132 4.17566 1.98211 -1.56055
32.06 1.37955 4.14462 2.00859 -1.57228
32.08 1.36853 4.1114 2.03545 -1.58435
32.1 1.35821 4.07604 2.0626 -1.59678
32.12 1.34839 4.03844 2.08984 -1.6097
32.14 1.33886 3.99848 2.11693 -1.62327
32.16 1.32951 3.95618 2.14373 -1.63754
32.18 1.32038 3.91168 2.17026 -1.65241
32.2 1.31151 3.86514 2.19654 -1.66778
32.22 1.30292 3.81671 2.22258 -1.68354
32.24 1.2947 3.76664 2.24846 -1.69954
32.26 1.28703 3.71521 2.27432 -1.71552
32.28 1.28002 3.6627 2.30026 -1.73129
32.3 1.27374 3.60932 2.32635 -1.7467
32.32 1.26825 3.55529 2.35263 -1.7616
32.34 1.26358 3.50079 2.37912 -1.77588
32.36 1.2597 3.44594 2.40577 -1.78947
32.38 1.25645 3.39077 2.43242 -1.80245
32.4 1.25361 3.3352 2.45884 -1.81494
32.42 1.25098 3.27923 2.48482 -1.82704
32.44 1.24853 3.22297 2.51033 -1.83869
32.46 1.24643 3.16677 2.53553 -1.84964
32.48 1.24493 3.11106 2.56068 -1.85952
32.5 1.2443 3.05627 2.58602 -1.86798
32.52 1.24469 3.00273 2.61173 -1.87475
32.54 1.24614 2.95065 2.63783 -1.87972
32.56 1.24853 2.90006 2.6642 -1.88291
32.58 1.25155 2.85085 2.69054 -1.88452
32.6 1.25483 2.8028 2.71648 -1.88484
32.62 1.25797 2.75568 2.74162 -1.88417
32.64 1.26066 2.70933 2.76566 -1.88273
32.66 1.26269 2.6637 2.7884 -1.88064
32.68 1.26392 2.61882 2.80969 -1.87795
32.7 1.26422 2.57468 2.82943 -1.87471
32.72 1.26351 2.53134 2.84751 -1.87095
32.74 1.26167 2.4888 2.86382 -1.86669
32.76 1.25858 2.4471 2.87827 -1.86197
32.78 1.25417 2.40623 2.89075 -1.85684
32.8 1.24828 2.36616 2.90112 -1.85138
32.82 1.24068 2.32675 2.90914 -1.84577
32.84 1.23117 2.28789 2.91461 -1.84017
32.86 1.21964 2.24954 2.91742 -1.83465
32.88 1.20607 2.21174 2.91754 -1.82919
32.9 1.19049 2.17457 2.91498 -1.82374
32.92 1.17293 2.13809 2.90977 -1.81827
32.94 1.15341 2.10237 2.90191 -1.81273
32.96 1.13207 2.06755 2.89153 -1.80699
32.98 1.10918 2.0339 2.87887 -1.80078
33 1.08504 2.00174 2.86423 -1.7938
33.02 1.05996 1.97135 2.84789 -1.78577
33.04 1.03412 1.94287 2.83001 -1.77652
33.06 1.00761 1.91638 2.81067 -1.766
33.08 0.980466 1.89184 2.78986 -1.75421
33.1 0.952697 1.86924 2.7676 -1.74117
33.12 0.924234 1.84842 2.74377 -1.72699
33.14 0.894869 1.82912 2.71816 -1.71194
33.16 0.864364 1.81101 2.6905 -1.69631
33.18 0.83256 1.79385 2.66061 -1.68032
33.2 0.799424 1.77749 2.62843 -1.66407
33.22 0.765014 1.76189 2.594 -1.64757
33.24 0.729393 1.74699 2.55734 -1.63083
33.26 0.692587 1.73269 2.51845 -1.61393
33.28 0.654616 1.71888 2.47734 -1.59691
33.3 0.615581 1.70551 2.43406 -1.57978
33.32 0.575682 1.69264 2.3888 -1.56243
33.34 0.535168 1.68036 2.34176 -1.54471
33.36 0.494259 1.66872 2.29314 -1.52651
33.38 0.453128 1.65773 2.24308 -1.50777
33.4 0.411915 1.64736 2.1917 -1.48844
33.42 0.370713 1.63752 2.13904 -1.46856
33.44 0.329592 1.62811 2.08517 -1.44817
33.46 0.288637 1.61903 2.03012 -1.42729
33.48 0.247985 1.61024 1.97402 -1.40591
33.5 0.207844 1.60175 1.91704 -1.38394
33.52 0.168419 1.59359 1.85937 -1.36128
33.54 0.129883 1.58574 1.80115 -1.33789
33.56 0.0924 1.57819 1.74253 -1.31371
33.58 0.0561146 1.5709 1.68362 -1.28873
33.6 0.021169 1.56382 1.62457 -1.2629
33.62 -0.0123339 1.55689 1.56545 -1.23623
33.64 -0.0443896 1.54994 1.50626 -1.20884
33.66 -0.0750325 1.54276 1.44694 -1.18087
33.68 -0.104261 1.5352 1.3875 -1.1524
33.7 -0.132021 1.52714 1.32799 -1.1235
33.72 -0.158195 1.51855 1.26851 -1.09414
33.74 -0.182625 1.50944 1.20923 -1.06425
33.76 -0.205177 1.49981 1.15028 -1.0338
33.78 -0.225788 1.48958 1.09173 -1.00279
33.8 -0.244445 1.47865 1.0336 -0.9713
33.82 -0.261183 1.46685 0.975871 -0.939436
33.84 -0.276091 1.454 0.918467 -0.907356
33.86 -0.289278 1.43988 0.861295 -0.875231
33.88 -0.300839 1.4243 0.80428 -0.843216
33.9 -0.310843 1.40713 0.74738 -0.81143
33.92 -0.319312 1.38825 0.690594 -0.779943
33.94 -0.326189 1.36766 0.634009 -0.74874
33.96 -0.331309 1.34548 0.577823 -0.717691
33.98 -0.334433 1.3219 0.522309 -0.686585
34 -0.335334 1.29711 0.467728 -0.65522
34.02 -0.333884 1.27122 0.414251 -0.623482
34.04 -0.330053 1.24424 0.361952 -0.59135
34.06 -0.323873 1.21615 0.310844 -0.55886
34.08 -0.315413 1.18688 0.26091 -0.526075
34.1 -0.304778 1.15636 0.212099 -0.493086
34.12 -0.292099 1.12449 0.164337 -0.460007
34.14 -0.277498 1.09118 0.117561 -0.426932
34.16 -0.261069 1.05641 0.0717406 -0.393924
34.18 -0.242901 1.02015 0.0268509 -0.361032
34.2 -0.223104 0.98237 -0.0171488 -0.328321
34.22 -0.201783 0.943048 -0.0602943 -0.295844
34.24 -0.179024 0.902199 -0.102598 -0.263629
34.26 -0.154893 0.85986 -0.144053 -0.231679
34.28 -0.129454 0.816086 -0.184644 -0.19999
34.3 -0.102755 0.770951 -0.224344 -0.168536
34.32 -0.0748294 0.724557 -0.263103 -0.137269
34.34 -0.0457332 0.676987 -0.300898 -0.106163
34.36 -0.0155685 0.62829 -0.337745 -0.0752296
34.38 0.0155434 0.578501 -0.373682 -0.0444969
34.4 0.0474969 0.527676 -0.408729 -0.0139727
34.42 0.0802141 0.47591 -0.442875 0.0163669
34.44 0.11363 0.423312 -0.476099 0.0465622
34.46 0.14768 0.37 -0.508376 0.0766568
34.48 0.182296 0.316092 -0.539684 0.106694
34.5 0.217384 0.261684 -0.570028 0.136694
34.52 0.252808 0.206837 -0.599453 0.166639
34.54 0.288424 0.151604 -0.628014 0.196502
34.56 0.324121 0.0960755 -0.65573 0.226293
34.58 0.359831 0.0403865 -0.68258 0.256065
34.6 0.395494 -0.015317 -0.708532 0.285881
34.62 0.431029 -0.0709114 -0.73358 0.315783
34.64 0.466332 -0.126294 -0.75774 0.345789
34.66 0.501277 -0.181384 -0.781047 0.3759
34.68 0.535728 -0.236112 -0.803553 0.406098
34.7 0.569542 -0.290417 -0.825314 0.436365
34.72 0.602567 -0.34425 -0.8464 0.466667
34.74 0.63465 -0.397562 -0.866878 0.496972
34.76 0.665655 -0.450296 -0.886806 0.52726
34.78 0.695447 -0.502393 -0.90624 0.557509
34.8 0.723871 -0.553822 -0.925258 0.587676
34.82 0.750763 -0.604564 -0.943949 0.617705
34.84 0.775971 -0.654597 -0.962397 0.647547
34.86 0.799373 -0.703873 -0.980654 0.677179
34.88 0.820869 -0.752328 -0.998755 0.706599
34.9 0.840374 -0.799895 -1.01672 0.73581
34.92 0.857808 -0.846506 -1.03458 0.764819
34.94 0.873113 -0.892083 -1.05233 0.793647
34.96 0.886251 -0.936535 -1.06995 0.82233
34.98 0.897181 -0.979782 -1.08745 0.850897
35 0.905849 -1.02177 -1.10483 0.879354
35.02 0.912182 -1.06247 -1.12213 0.907688
35.04 0.916107 -1.10187 -1.13937 0.935873
35.06 0.917569 -1.13994 -1.15659 0.963898
35.08 0.916526 -1.17666 -1.1738 0.991759
35.1 0.912942 -1.212 -1.191 1.01945
35.12 0.906792 -1.24595 -1.20822 1.04696
35.14 0.898059 -1.27849 -1.22544 1.0743
35.16 0.886731 -1.3096 -1.24267 1.10146
35.18 0.872804 -1.33928 -1.2599 1.12844
35.2 0.856279 -1.36753 -1.27714 1.15523
35.22 0.837153 -1.39437 -1.29439 1.18182
35.24 0.815426 -1.41981 -1.31165 1.20819
35.26 0.791106 -1.44389 -1.32893 1.23431
35.28 0.764215 -1.46663 -1.34623 1.26018
35.3 0.734785 -1.48804 -1.36352 1.28578
35.32 0.702864 -1.50817 -1.38078 1.31112
35.34 0.668503 -1.52702 -1.398 1.33619
35.36 0.631753 -1.54465 -1.41515 1.36098
35.38 0.592662 -1.5611 -1.43222 1.38547
35.4 0.551285 -1.57643 -1.4492 1.40963
35.42 0.507682 -1.59069 -1.46607 1.43346
35.44 0.461925 -1.60396 -1.48281 1.45693
35.46 0.41409 -1.61628 -1.49938 1.48003
35.48 0.364261 -1.62772 -1.51577 1.50274
35.5 0.312525 -1.63835 -1.53195 1.52506
35.52 0.258972 -1.64824 -1.54789 1.54696
35.54 0.203699 -1.65746 -1.56355 1.56843
35.56 0.146806 -1.66609 -1.5789 1.58945
35.58 0.0884006 -1.67421 -1.59391 1.61002
35.6 0.0285941 -1.68188 -1.60854 1.63011
35.62 -0.0324994 -1.68918 -1.62275 1.64972
35.64 -0.0947647 -1.6962 -1.63651 1.66884
35.66 -0.158085 -1.70302 -1.64977 1.68746
35.68 -0.22234 -1.70972 -1.66251 1.70555
35.7 -0.287405 -1.71637 -1.67468 1.72311
35.72 -0.353153 -1.72307 -1.68625 1.74013
35.74 -0.419456 -1.72989 -1.69716 1.75661
35.76 -0.486183 -1.73691 -1.70739 1.77254
35.78 -0.553206 -1.7442 -1.71689 1.7879
35.8 -0.620394 -1.75184 -1.72562 1.8027
35.82 -0.68762 -1.75991 -1.73355 1.81693
35.84 -0.754756 -1.76849 -1.74064 1.83058
35.86 -0.821675 -1.77764 -1.74686 1.84365
35.88 -0.888255 -1.78745 -1.75218 1.85613
35.9 -0.954375 -1.79799 -1.75657 1.86801
35.92 -1.01992 -1.80931 -1.76001 1.87928
35.94 -1.08476 -1.8215 -1.76247 1.88995
35.96 -1.1488 -1.83461 -1.76392 1.9
35.98 -1.21189 -1.84868 -1.76432 1.90946
36 -1.27388 -1.86371 -1.76362 1.91837
